#
# A fatal error has been detected by the Java Runtime Environment:
#
#  EXCEPTION_ACCESS_VIOLATION (0xc0000005) at pc=0x00007ffce12429bf, pid=3136, tid=11320
#
# JRE version: OpenJDK Runtime Environment Temurin-17.0.6+10 (17.0.6+10) (build 17.0.6+10)
# Java VM: OpenJDK 64-Bit Server VM Temurin-17.0.6+10 (17.0.6+10, mixed mode, tiered, compressed oops, compressed class ptrs, parallel gc, windows-amd64)
# Problematic frame:
# V  [jvm.dll+0x2229bf]
#
# No core dump will be written. Minidumps are not enabled by default on client versions of Windows
#
# If you would like to submit a bug report, please visit:
#   https://github.com/adoptium/adoptium-support/issues
#

---------------  S U M M A R Y ------------

Command Line: --add-modules=ALL-SYSTEM --add-opens=java.base/java.util=ALL-UNNAMED --add-opens=java.base/java.lang=ALL-UNNAMED --add-opens=java.base/sun.nio.fs=ALL-UNNAMED -Declipse.application=org.eclipse.jdt.ls.core.id1 -Dosgi.bundles.defaultStartLevel=4 -Declipse.product=org.eclipse.jdt.ls.core.product -Djava.import.generatesMetadataFilesAtProjectRoot=false -Dfile.encoding=utf8 -XX:+UseParallelGC -XX:GCTimeRatio=4 -XX:AdaptiveSizePolicyWeight=90 -Dsun.zip.disableMemoryMapping=true -Xmx1G -Xms100m -Xlog:disable -javaagent:c:\Users\Elijahs Popuass\.vscode\extensions\redhat.java-1.16.0-win32-x64\lombok\lombok-1.18.24.jar -XX:+HeapDumpOnOutOfMemoryError -XX:HeapDumpPath=c:\Users\Elijahs Popuass\AppData\Roaming\Code\User\workspaceStorage\dc31ba102c27ac885a81f05e766e3ffc\redhat.java c:\Users\Elijahs Popuass\.vscode\extensions\redhat.java-1.16.0-win32-x64\server\plugins\org.eclipse.equinox.launcher_1.6.400.v20210924-0641.jar -configuration c:\Users\Elijahs Popuass\AppData\Roaming\Code\User\globalStorage\redhat.java\1.16.0\config_win -data c:\Users\Elijahs Popuass\AppData\Roaming\Code\User\workspaceStorage\dc31ba102c27ac885a81f05e766e3ffc\redhat.java\jdt_ws

Host: AMD Ryzen 5 3500U with Radeon Vega Mobile Gfx  , 8 cores, 6G,  Windows 10 , 64 bit Build 19041 (10.0.19041.1889)
Time: Fri Apr  7 12:35:01 2023 RTZ 2 (s 10 , 64 bit Build 19041 (10.0.19041.1889) elapsed time: 6.137900 seconds (0d 0h 0m 6s)

---------------  T H R E A D  ---------------

Current thread (0x0000020567159750):  JavaThread "C2 CompilerThread0" daemon [_thread_in_native, id=11320, stack(0x000000b6f1e00000,0x000000b6f1f00000)]


Current CompileTask:
C2:   6138 2654       4       jdk.internal.org.objectweb.asm.Frame::execute (2318 bytes)

Stack: [0x000000b6f1e00000,0x000000b6f1f00000],  sp=0x000000b6f1efd940,  free space=1014k
Native frames: (J=compiled Java code, j=interpreted, Vv=VM code, C=native code)
V  [jvm.dll+0x2229bf]
V  [jvm.dll+0x69a4eb]
V  [jvm.dll+0x217749]
V  [jvm.dll+0x1a3d0d]
V  [jvm.dll+0x22742a]
V  [jvm.dll+0x225565]
V  [jvm.dll+0x7ea2cb]
V  [jvm.dll+0x7e483a]
V  [jvm.dll+0x6762c5]
C  [ucrtbase.dll+0x21bb2]
C  [KERNEL32.DLL+0x17034]
C  [ntdll.dll+0x526a1]


siginfo: EXCEPTION_ACCESS_VIOLATION (0xc0000005), reading address 0x000000000034005b


Register to memory mapping:

RIP=0x00007ffce12429bf jvm.dll
RAX=0x0000000000340033 is an unknown value
RBX=0x000000b6f1efea80 is pointing into the stack for thread: 0x0000020567159750
RCX=0x000002056724a5f0 points into unknown readable memory: 0x00007ffce19320a0 | a0 20 93 e1 fc 7f 00 00
RDX=0x0000000000000030 is an unknown value
RSP=0x000000b6f1efd940 is pointing into the stack for thread: 0x0000020567159750
RBP=0x00000000000018b1 is an unknown value
RSI=0x00000205688991b0 points into unknown readable memory: 0x00007ffce195e520 | 20 e5 95 e1 fc 7f 00 00
RDI=0x000000b6f1efdbd0 is pointing into the stack for thread: 0x0000020567159750
R8 =0x0 is NULL
R9 =0x0000000000000001 is an unknown value
R10=0x000002056a899270 is pointing into metadata
R11=0x000002056a899270 is pointing into metadata
R12=0x0000020568351890 points into unknown readable memory: 0x00007ffce19e9588 | 88 95 9e e1 fc 7f 00 00
R13=0x0 is NULL
R14=0x000000b6f1efda90 is pointing into the stack for thread: 0x0000020567159750
R15=0x0000000000000003 is an unknown value


Registers:
RAX=0x0000000000340033, RBX=0x000000b6f1efea80, RCX=0x000002056724a5f0, RDX=0x0000000000000030
RSP=0x000000b6f1efd940, RBP=0x00000000000018b1, RSI=0x00000205688991b0, RDI=0x000000b6f1efdbd0
R8 =0x0000000000000000, R9 =0x0000000000000001, R10=0x000002056a899270, R11=0x000002056a899270
R12=0x0000020568351890, R13=0x0000000000000000, R14=0x000000b6f1efda90, R15=0x0000000000000003
RIP=0x00007ffce12429bf, EFLAGS=0x0000000000010202

Top of Stack: (sp=0x000000b6f1efd940)
0x000000b6f1efd940:   000000b6f1efea80 000002056724a548
0x000000b6f1efd950:   0000020568820538 000000b6f1efdbd0
0x000000b6f1efd960:   0000000000000003 000000b6f1efda90
0x000000b6f1efd970:   0000020565552180 000000b6f1efe020
0x000000b6f1efd980:   000000b6f1efdbc0 00007ffce16ba4eb
0x000000b6f1efd990:   000000b6f1efdac0 00000205671e4ff0
0x000000b6f1efd9a0:   000000b6f1efdac0 000000b6f1efdbc0
0x000000b6f1efd9b0:   000000b6f1efea80 00007ffce1237749
0x000000b6f1efd9c0:   00000205671e4ff0 000000b6f1efdac0
0x000000b6f1efd9d0:   0000000000000002 0000000000000001
0x000000b6f1efd9e0:   000000b600000000 00007ffce19ca348
0x000000b6f1efd9f0:   000002055bab0000 0000000000000000
0x000000b6f1efda00:   000002055baba280 000002055babb200
0x000000b6f1efda10:   000002056718ede0 00007ffce193ff3c
0x000000b6f1efda20:   0000000000000000 0000000000000000
0x000000b6f1efda30:   0000000000000000 00007ffce193ff3c 

Instructions: (pc=0x00007ffce12429bf)
0x00007ffce12428bf:   48 8d 93 d0 07 00 00 4c 8b c7 48 8b cb e8 9f fc
0x00007ffce12428cf:   ff ff 48 8d 93 e8 07 00 00 4c 8b c7 48 8b cb e8
0x00007ffce12428df:   8d fc ff ff 48 8b 05 26 73 93 00 48 8b d7 48 8b
0x00007ffce12428ef:   48 28 48 8b 01 48 8b 5c 24 48 48 83 c4 20 5f 48
0x00007ffce12428ff:   ff a0 b0 00 00 00 3b d0 7d 38 48 63 c2 4c 8d 04
0x00007ffce124290f:   c5 00 00 00 00 0f 1f 40 00 0f 1f 84 00 00 00 00
0x00007ffce124291f:   00 48 8b 8b 10 02 00 00 4d 8d 40 08 ff c2 4a 8b
0x00007ffce124292f:   44 01 f8 4a 89 44 01 f0 8b 83 08 02 00 00 3b d0
0x00007ffce124293f:   7c df ff c8 89 83 08 02 00 00 e9 3e ff ff ff cc
0x00007ffce124294f:   cc 48 89 5c 24 10 48 89 6c 24 18 56 57 41 55 41
0x00007ffce124295f:   56 41 57 48 83 ec 20 45 33 ed 48 8b fa 48 8b d9
0x00007ffce124296f:   41 8b ed 44 39 6a 18 0f 86 ae 00 00 00 0f 1f 40
0x00007ffce124297f:   00 48 8b 47 10 44 8b c5 ff c5 4a 8b 34 c0 8b 46
0x00007ffce124298f:   2c 83 e0 03 3c 03 75 09 48 8d 4e 48 e8 10 85 4a
0x00007ffce124299f:   00 44 8b 4e 20 45 8b c5 45 85 c9 7e 50 0f 1f 40
0x00007ffce12429af:   00 4c 8b 56 10 41 8b c0 4d 8d 1c c2 49 8b 04 c2
0x00007ffce12429bf:   8b 48 28 8b c1 c1 e8 05 3b 47 20 73 11 8b d0 83
0x00007ffce12429cf:   e1 1f 48 8b 47 28 8b 04 90 0f a3 c8 72 13 ff 4e
0x00007ffce12429df:   20 41 ff c8 8b 46 20 41 ff c9 49 8b 04 c2 49 89
0x00007ffce12429ef:   03 41 ff c0 45 3b c1 7c b8 44 8b 4e 20 41 83 f9
0x00007ffce12429ff:   01 75 1f 48 8b ce e8 56 20 43 00 84 c0 74 13 48
0x00007ffce1242a0f:   8b 56 10 48 8b 8b 98 07 00 00 48 8b 12 e8 6f 09
0x00007ffce1242a1f:   e8 ff 3b 6f 18 0f 82 56 ff ff ff 44 8b 83 a8 01
0x00007ffce1242a2f:   00 00 41 83 e8 01 4d 63 c8 78 56 66 0f 1f 44 00
0x00007ffce1242a3f:   00 4c 8b 93 b0 01 00 00 4b 8b 04 ca 8b 48 28 8b
0x00007ffce1242a4f:   c1 c1 e8 05 3b 47 20 73 11 8b d0 83 e1 1f 48 8b
0x00007ffce1242a5f:   47 28 8b 04 90 0f a3 c8 72 1e 48 63 8b a8 01 00
0x00007ffce1242a6f:   00 8d 41 ff 89 83 a8 01 00 00 44 3b c0 7d 09 49
0x00007ffce1242a7f:   8b 4c ca f8 4b 89 0c ca 41 ff c8 49 83 e9 01 79
0x00007ffce1242a8f:   b0 44 8b 83 c0 01 00 00 41 83 e8 01 4d 63 c8 78
0x00007ffce1242a9f:   50 4c 8b 93 c8 01 00 00 4b 8b 04 ca 8b 48 28 8b
0x00007ffce1242aaf:   c1 c1 e8 05 3b 47 20 73 11 8b d0 83 e1 1f 48 8b 


Stack slot to memory mapping:
stack at sp + 0 slots: 0x000000b6f1efea80 is pointing into the stack for thread: 0x0000020567159750
stack at sp + 1 slots: 0x000002056724a548 points into unknown readable memory: 0x00007ffce19b8ec8 | c8 8e 9b e1 fc 7f 00 00
stack at sp + 2 slots: 0x0000020568820538 points into unknown readable memory: 0x00007ffce1931e18 | 18 1e 93 e1 fc 7f 00 00
stack at sp + 3 slots: 0x000000b6f1efdbd0 is pointing into the stack for thread: 0x0000020567159750
stack at sp + 4 slots: 0x0000000000000003 is an unknown value
stack at sp + 5 slots: 0x000000b6f1efda90 is pointing into the stack for thread: 0x0000020567159750
stack at sp + 6 slots: 0x0000020565552180 points into unknown readable memory: 0x0000000000000000 | 00 00 00 00 00 00 00 00
stack at sp + 7 slots: 0x000000b6f1efe020 is pointing into the stack for thread: 0x0000020567159750


---------------  P R O C E S S  ---------------

Threads class SMR info:
_java_thread_list=0x0000020569833e20, length=21, elements={
0x00000205517f9610, 0x000002056567f730, 0x0000020565682250, 0x000002056568ac20,
0x000002056568b7a0, 0x000002056568cac0, 0x000002056568e4f0, 0x0000020567159750,
0x00000205671a7050, 0x00000205671e1010, 0x00000205672c2000, 0x00000205674a37f0,
0x0000020568731350, 0x0000020569532ab0, 0x0000020569532f80, 0x000002056970bbd0,
0x00000205697fb050, 0x000002056984f480, 0x00000205698c0050, 0x00000205699faed0,
0x000002056962fa10
}

Java Threads: ( => current thread )
  0x00000205517f9610 JavaThread "main" [_thread_blocked, id=3124, stack(0x000000b6f1500000,0x000000b6f1600000)]
  0x000002056567f730 JavaThread "Reference Handler" daemon [_thread_blocked, id=14836, stack(0x000000b6f1800000,0x000000b6f1900000)]
  0x0000020565682250 JavaThread "Finalizer" daemon [_thread_blocked, id=3808, stack(0x000000b6f1900000,0x000000b6f1a00000)]
  0x000002056568ac20 JavaThread "Signal Dispatcher" daemon [_thread_blocked, id=1644, stack(0x000000b6f1a00000,0x000000b6f1b00000)]
  0x000002056568b7a0 JavaThread "Attach Listener" daemon [_thread_blocked, id=15104, stack(0x000000b6f1b00000,0x000000b6f1c00000)]
  0x000002056568cac0 JavaThread "Service Thread" daemon [_thread_blocked, id=9100, stack(0x000000b6f1c00000,0x000000b6f1d00000)]
  0x000002056568e4f0 JavaThread "Monitor Deflation Thread" daemon [_thread_blocked, id=3128, stack(0x000000b6f1d00000,0x000000b6f1e00000)]
=>0x0000020567159750 JavaThread "C2 CompilerThread0" daemon [_thread_in_native, id=11320, stack(0x000000b6f1e00000,0x000000b6f1f00000)]
  0x00000205671a7050 JavaThread "C1 CompilerThread0" daemon [_thread_blocked, id=15480, stack(0x000000b6f1f00000,0x000000b6f2000000)]
  0x00000205671e1010 JavaThread "Sweeper thread" daemon [_thread_blocked, id=6576, stack(0x000000b6f2000000,0x000000b6f2100000)]
  0x00000205672c2000 JavaThread "Common-Cleaner" daemon [_thread_blocked, id=15256, stack(0x000000b6f2100000,0x000000b6f2200000)]
  0x00000205674a37f0 JavaThread "Notification Thread" daemon [_thread_blocked, id=10880, stack(0x000000b6f2200000,0x000000b6f2300000)]
  0x0000020568731350 JavaThread "Active Thread: Equinox Container: 4d26da5b-efc8-4603-99dc-ba01715a97b8" [_thread_blocked, id=11472, stack(0x000000b6f2b00000,0x000000b6f2c00000)]
  0x0000020569532ab0 JavaThread "Framework Event Dispatcher: Equinox Container: 4d26da5b-efc8-4603-99dc-ba01715a97b8" daemon [_thread_blocked, id=12120, stack(0x000000b6f2c00000,0x000000b6f2d00000)]
  0x0000020569532f80 JavaThread "Start Level: Equinox Container: 4d26da5b-efc8-4603-99dc-ba01715a97b8" daemon [_thread_in_Java, id=9040, stack(0x000000b6f2d00000,0x000000b6f2e00000)]
  0x000002056970bbd0 JavaThread "SCR Component Actor" daemon [_thread_blocked, id=11112, stack(0x000000b6f2e00000,0x000000b6f2f00000)]
  0x00000205697fb050 JavaThread "SCR Component Registry" daemon [_thread_blocked, id=4340, stack(0x000000b6f2f00000,0x000000b6f3000000)]
  0x000002056984f480 JavaThread "Worker-JM" [_thread_blocked, id=12612, stack(0x000000b6f3000000,0x000000b6f3100000)]
  0x00000205698c0050 JavaThread "Worker-0: Checking project encoding" [_thread_blocked, id=6016, stack(0x000000b6f3200000,0x000000b6f3300000)]
  0x00000205699faed0 JavaThread "Worker-1" [_thread_blocked, id=15884, stack(0x000000b6f3100000,0x000000b6f3200000)]
  0x000002056962fa10 JavaThread "C2 CompilerThread1" daemon [_thread_blocked, id=4288, stack(0x000000b6f3300000,0x000000b6f3400000)]

Other Threads:
  0x0000020567130c20 VMThread "VM Thread" [stack: 0x000000b6f1700000,0x000000b6f1800000] [id=9504]
  0x00000205673f0ca0 WatcherThread [stack: 0x000000b6f2300000,0x000000b6f2400000] [id=15912]
  0x00000205518063c0 GCTaskThread "GC Thread#0" [stack: 0x000000b6f1600000,0x000000b6f1700000] [id=8236]
  0x0000020568528f30 GCTaskThread "GC Thread#1" [stack: 0x000000b6f2400000,0x000000b6f2500000] [id=9548]
  0x0000020568529600 GCTaskThread "GC Thread#2" [stack: 0x000000b6f2500000,0x000000b6f2600000] [id=7528]
  0x00000205694847c0 GCTaskThread "GC Thread#3" [stack: 0x000000b6f2600000,0x000000b6f2700000] [id=6416]
  0x000002056818ea10 GCTaskThread "GC Thread#4" [stack: 0x000000b6f2700000,0x000000b6f2800000] [id=3360]
  0x000002056818ecc0 GCTaskThread "GC Thread#5" [stack: 0x000000b6f2800000,0x000000b6f2900000] [id=11008]
  0x000002056818ef70 GCTaskThread "GC Thread#6" [stack: 0x000000b6f2900000,0x000000b6f2a00000] [id=12052]
  0x00000205696eff30 GCTaskThread "GC Thread#7" [stack: 0x000000b6f2a00000,0x000000b6f2b00000] [id=7176]

Threads with active compile tasks:
C2 CompilerThread0     6172 2654       4       jdk.internal.org.objectweb.asm.Frame::execute (2318 bytes)

VM state: not at safepoint (normal execution)

VM Mutex/Monitor currently owned by a thread:  ([mutex/lock_event])
[0x00000205517f4060] CodeCache_lock - owner thread: 0x0000000000000000

Heap address: 0x00000000c0000000, size: 1024 MB, Compressed Oops mode: 32-bit

CDS archive(s) not mapped
Compressed class space mapped at: 0x0000000100000000-0x0000000140000000, reserved size: 1073741824
Narrow klass base: 0x0000000000000000, Narrow klass shift: 3, Narrow klass range: 0x140000000

GC Precious Log:
 CPUs: 8 total, 8 available
 Memory: 7103M
 Large Page Support: Disabled
 NUMA Support: Disabled
 Compressed Oops: Enabled (32-bit)
 Alignments: Space 512K, Generation 512K, Heap 2M
 Heap Min Capacity: 100M
 Heap Initial Capacity: 100M
 Heap Max Capacity: 1G
 Pre-touch: Disabled
 Parallel Workers: 8

Heap:
 PSYoungGen      total 29696K, used 25471K [0x00000000eab00000, 0x00000000ecc00000, 0x0000000100000000)
  eden space 25600K, 99% used [0x00000000eab00000,0x00000000ec3dff50,0x00000000ec400000)
  from space 4096K, 0% used [0x00000000ec800000,0x00000000ec800000,0x00000000ecc00000)
  to   space 4096K, 0% used [0x00000000ec400000,0x00000000ec400000,0x00000000ec800000)
 ParOldGen       total 68608K, used 7892K [0x00000000c0000000, 0x00000000c4300000, 0x00000000eab00000)
  object space 68608K, 11% used [0x00000000c0000000,0x00000000c07b53f8,0x00000000c4300000)
 Metaspace       used 24167K, committed 24768K, reserved 1073152K
  class space    used 2540K, committed 2816K, reserved 1048576K

Card table byte_map: [0x00000205511b0000,0x00000205513c0000] _byte_map_base: 0x0000020550bb0000

Marking Bits: (ParMarkBitMap*) 0x00007ffce1ba3e70
 Begin Bits: [0x0000020563490000, 0x0000020564490000)
 End Bits:   [0x0000020564490000, 0x0000020565490000)

Polling page: 0x000002054f750000

Metaspace:

Usage:
  Non-class:     21.12 MB used.
      Class:      2.48 MB used.
       Both:     23.60 MB used.

Virtual space:
  Non-class space:       24.00 MB reserved,      21.44 MB ( 89%) committed,  3 nodes.
      Class space:        1.00 GB reserved,       2.75 MB ( <1%) committed,  1 nodes.
             Both:        1.02 GB reserved,      24.19 MB (  2%) committed. 

Chunk freelists:
   Non-Class:  1.94 MB
       Class:  1.10 MB
        Both:  3.04 MB

MaxMetaspaceSize: unlimited
CompressedClassSpaceSize: 1.00 GB
Initial GC threshold: 21.00 MB
Current GC threshold: 35.00 MB
CDS: off
MetaspaceReclaimPolicy: balanced
 - commit_granule_bytes: 65536.
 - commit_granule_words: 8192.
 - virtual_space_node_default_size: 1048576.
 - enlarge_chunks_in_place: 1.
 - new_chunks_are_fully_committed: 0.
 - uncommit_free_chunks: 1.
 - use_allocation_guard: 0.
 - handle_deallocations: 1.


Internal statistics:

num_allocs_failed_limit: 3.
num_arena_births: 444.
num_arena_deaths: 14.
num_vsnodes_births: 4.
num_vsnodes_deaths: 0.
num_space_committed: 387.
num_space_uncommitted: 0.
num_chunks_returned_to_freelist: 17.
num_chunks_taken_from_freelist: 1106.
num_chunk_merges: 7.
num_chunk_splits: 690.
num_chunks_enlarged: 414.
num_purges: 2.
num_inconsistent_stats: 0.

CodeHeap 'non-profiled nmethods': size=120000Kb used=1085Kb max_used=1085Kb free=118914Kb
 bounds [0x000002055bf60000, 0x000002055c1d0000, 0x0000020563490000]
CodeHeap 'profiled nmethods': size=120000Kb used=5334Kb max_used=5334Kb free=114665Kb
 bounds [0x0000020554490000, 0x00000205549d0000, 0x000002055b9c0000]
CodeHeap 'non-nmethods': size=5760Kb used=1202Kb max_used=1226Kb free=4557Kb
 bounds [0x000002055b9c0000, 0x000002055bc30000, 0x000002055bf60000]
 total_blobs=3218 nmethods=2711 adapters=421
 compilation: enabled
              stopped_count=0, restarted_count=0
 full_count=0

Compilation events (20 events):
Event: 6.095 Thread 0x00000205671a7050 nmethod 2643 0x000002055c06aa10 code [0x000002055c06aba0, 0x000002055c06ac78]
Event: 6.100 Thread 0x00000205671a7050 2653       1       java.lang.invoke.MethodHandleImpl$IntrinsicMethodHandle::getTarget (5 bytes)
Event: 6.100 Thread 0x00000205671a7050 nmethod 2653 0x000002055c06ad10 code [0x000002055c06aea0, 0x000002055c06af78]
Event: 6.103 Thread 0x0000020567159750 2654       4       jdk.internal.org.objectweb.asm.Frame::execute (2318 bytes)
Event: 6.104 Thread 0x000002056962fa10 2655       4       java.util.ImmutableCollections$ListN::size (6 bytes)
Event: 6.105 Thread 0x000002056962fa10 nmethod 2655 0x000002055c06b010 code [0x000002055c06b180, 0x000002055c06b218]
Event: 6.107 Thread 0x00000205671a7050 2657       3       jdk.internal.org.objectweb.asm.FieldWriter::visitEnd (1 bytes)
Event: 6.107 Thread 0x00000205671a7050 nmethod 2657 0x00000205549a8a10 code [0x00000205549a8ba0, 0x00000205549a8cb8]
Event: 6.107 Thread 0x00000205671a7050 2660       3       java.lang.invoke.LambdaForm::<init> (115 bytes)
Event: 6.108 Thread 0x00000205671a7050 nmethod 2660 0x00000205549a8d90 code [0x00000205549a8f80, 0x00000205549a9528]
Event: 6.108 Thread 0x00000205671a7050 2661       3       java.lang.invoke.LambdaForm::fixResult (31 bytes)
Event: 6.108 Thread 0x00000205671a7050 nmethod 2661 0x00000205549a9790 code [0x00000205549a9940, 0x00000205549a9b38]
Event: 6.110 Thread 0x00000205671a7050 2662       3       java.lang.AbstractStringBuilder::append (33 bytes)
Event: 6.110 Thread 0x00000205671a7050 nmethod 2662 0x00000205549a9c90 code [0x00000205549a9e40, 0x00000205549aa028]
Event: 6.114 Thread 0x000002056962fa10 2663       4       java.util.Collections$EmptyList::iterator (4 bytes)
Event: 6.115 Thread 0x00000205671a7050 2664       3       java.lang.ClassLoader::getDefinedPackage (36 bytes)
Event: 6.115 Thread 0x000002056962fa10 nmethod 2663 0x000002055c06bc10 code [0x000002055c06bd80, 0x000002055c06bdf8]
Event: 6.115 Thread 0x00000205671a7050 nmethod 2664 0x00000205549aa190 code [0x00000205549aa380, 0x00000205549aa968]
Event: 6.119 Thread 0x00000205671a7050 2665       3       java.io.Bits::getShort (18 bytes)
Event: 6.119 Thread 0x00000205671a7050 nmethod 2665 0x00000205549aab90 code [0x00000205549aad20, 0x00000205549aae78]

GC Heap History (10 events):
Event: 2.211 GC heap before
{Heap before GC invocations=1 (full 0):
 PSYoungGen      total 29696K, used 25600K [0x00000000eab00000, 0x00000000ecc00000, 0x0000000100000000)
  eden space 25600K, 100% used [0x00000000eab00000,0x00000000ec400000,0x00000000ec400000)
  from space 4096K, 0% used [0x00000000ec800000,0x00000000ec800000,0x00000000ecc00000)
  to   space 4096K, 0% used [0x00000000ec400000,0x00000000ec400000,0x00000000ec800000)
 ParOldGen       total 68608K, used 0K [0x00000000c0000000, 0x00000000c4300000, 0x00000000eab00000)
  object space 68608K, 0% used [0x00000000c0000000,0x00000000c0000000,0x00000000c4300000)
 Metaspace       used 11129K, committed 11328K, reserved 1064960K
  class space    used 1107K, committed 1216K, reserved 1048576K
}
Event: 2.230 GC heap after
{Heap after GC invocations=1 (full 0):
 PSYoungGen      total 29696K, used 3208K [0x00000000eab00000, 0x00000000ecc00000, 0x0000000100000000)
  eden space 25600K, 0% used [0x00000000eab00000,0x00000000eab00000,0x00000000ec400000)
  from space 4096K, 78% used [0x00000000ec400000,0x00000000ec722208,0x00000000ec800000)
  to   space 4096K, 0% used [0x00000000ec800000,0x00000000ec800000,0x00000000ecc00000)
 ParOldGen       total 68608K, used 0K [0x00000000c0000000, 0x00000000c4300000, 0x00000000eab00000)
  object space 68608K, 0% used [0x00000000c0000000,0x00000000c0000000,0x00000000c4300000)
 Metaspace       used 11129K, committed 11328K, reserved 1064960K
  class space    used 1107K, committed 1216K, reserved 1048576K
}
Event: 3.488 GC heap before
{Heap before GC invocations=2 (full 0):
 PSYoungGen      total 29696K, used 28808K [0x00000000eab00000, 0x00000000ecc00000, 0x0000000100000000)
  eden space 25600K, 100% used [0x00000000eab00000,0x00000000ec400000,0x00000000ec400000)
  from space 4096K, 78% used [0x00000000ec400000,0x00000000ec722208,0x00000000ec800000)
  to   space 4096K, 0% used [0x00000000ec800000,0x00000000ec800000,0x00000000ecc00000)
 ParOldGen       total 68608K, used 0K [0x00000000c0000000, 0x00000000c4300000, 0x00000000eab00000)
  object space 68608K, 0% used [0x00000000c0000000,0x00000000c0000000,0x00000000c4300000)
 Metaspace       used 14953K, committed 15232K, reserved 1064960K
  class space    used 1507K, committed 1664K, reserved 1048576K
}
Event: 3.498 GC heap after
{Heap after GC invocations=2 (full 0):
 PSYoungGen      total 29696K, used 4093K [0x00000000eab00000, 0x00000000ecc00000, 0x0000000100000000)
  eden space 25600K, 0% used [0x00000000eab00000,0x00000000eab00000,0x00000000ec400000)
  from space 4096K, 99% used [0x00000000ec800000,0x00000000ecbff718,0x00000000ecc00000)
  to   space 4096K, 0% used [0x00000000ec400000,0x00000000ec400000,0x00000000ec800000)
 ParOldGen       total 68608K, used 1366K [0x00000000c0000000, 0x00000000c4300000, 0x00000000eab00000)
  object space 68608K, 1% used [0x00000000c0000000,0x00000000c0155b90,0x00000000c4300000)
 Metaspace       used 14953K, committed 15232K, reserved 1064960K
  class space    used 1507K, committed 1664K, reserved 1048576K
}
Event: 4.750 GC heap before
{Heap before GC invocations=3 (full 0):
 PSYoungGen      total 29696K, used 29693K [0x00000000eab00000, 0x00000000ecc00000, 0x0000000100000000)
  eden space 25600K, 100% used [0x00000000eab00000,0x00000000ec400000,0x00000000ec400000)
  from space 4096K, 99% used [0x00000000ec800000,0x00000000ecbff718,0x00000000ecc00000)
  to   space 4096K, 0% used [0x00000000ec400000,0x00000000ec400000,0x00000000ec800000)
 ParOldGen       total 68608K, used 1366K [0x00000000c0000000, 0x00000000c4300000, 0x00000000eab00000)
  object space 68608K, 1% used [0x00000000c0000000,0x00000000c0155b90,0x00000000c4300000)
 Metaspace       used 19856K, committed 20224K, reserved 1073152K
  class space    used 2002K, committed 2176K, reserved 1048576K
}
Event: 4.757 GC heap after
{Heap after GC invocations=3 (full 0):
 PSYoungGen      total 29696K, used 4070K [0x00000000eab00000, 0x00000000ecc00000, 0x0000000100000000)
  eden space 25600K, 0% used [0x00000000eab00000,0x00000000eab00000,0x00000000ec400000)
  from space 4096K, 99% used [0x00000000ec400000,0x00000000ec7f9868,0x00000000ec800000)
  to   space 4096K, 0% used [0x00000000ec800000,0x00000000ec800000,0x00000000ecc00000)
 ParOldGen       total 68608K, used 3713K [0x00000000c0000000, 0x00000000c4300000, 0x00000000eab00000)
  object space 68608K, 5% used [0x00000000c0000000,0x00000000c03a0600,0x00000000c4300000)
 Metaspace       used 19856K, committed 20224K, reserved 1073152K
  class space    used 2002K, committed 2176K, reserved 1048576K
}
Event: 5.125 GC heap before
{Heap before GC invocations=4 (full 0):
 PSYoungGen      total 29696K, used 11115K [0x00000000eab00000, 0x00000000ecc00000, 0x0000000100000000)
  eden space 25600K, 27% used [0x00000000eab00000,0x00000000eb1e15c0,0x00000000ec400000)
  from space 4096K, 99% used [0x00000000ec400000,0x00000000ec7f9868,0x00000000ec800000)
  to   space 4096K, 0% used [0x00000000ec800000,0x00000000ec800000,0x00000000ecc00000)
 ParOldGen       total 68608K, used 3713K [0x00000000c0000000, 0x00000000c4300000, 0x00000000eab00000)
  object space 68608K, 5% used [0x00000000c0000000,0x00000000c03a0600,0x00000000c4300000)
 Metaspace       used 21025K, committed 21504K, reserved 1073152K
  class space    used 2125K, committed 2368K, reserved 1048576K
}
Event: 5.132 GC heap after
{Heap after GC invocations=4 (full 0):
 PSYoungGen      total 29696K, used 4080K [0x00000000eab00000, 0x00000000ecc00000, 0x0000000100000000)
  eden space 25600K, 0% used [0x00000000eab00000,0x00000000eab00000,0x00000000ec400000)
  from space 4096K, 99% used [0x00000000ec800000,0x00000000ecbfc048,0x00000000ecc00000)
  to   space 4096K, 0% used [0x00000000ec400000,0x00000000ec400000,0x00000000ec800000)
 ParOldGen       total 68608K, used 4009K [0x00000000c0000000, 0x00000000c4300000, 0x00000000eab00000)
  object space 68608K, 5% used [0x00000000c0000000,0x00000000c03ea600,0x00000000c4300000)
 Metaspace       used 21025K, committed 21504K, reserved 1073152K
  class space    used 2125K, committed 2368K, reserved 1048576K
}
Event: 5.132 GC heap before
{Heap before GC invocations=5 (full 1):
 PSYoungGen      total 29696K, used 4080K [0x00000000eab00000, 0x00000000ecc00000, 0x0000000100000000)
  eden space 25600K, 0% used [0x00000000eab00000,0x00000000eab00000,0x00000000ec400000)
  from space 4096K, 99% used [0x00000000ec800000,0x00000000ecbfc048,0x00000000ecc00000)
  to   space 4096K, 0% used [0x00000000ec400000,0x00000000ec400000,0x00000000ec800000)
 ParOldGen       total 68608K, used 4009K [0x00000000c0000000, 0x00000000c4300000, 0x00000000eab00000)
  object space 68608K, 5% used [0x00000000c0000000,0x00000000c03ea600,0x00000000c4300000)
 Metaspace       used 21025K, committed 21504K, reserved 1073152K
  class space    used 2125K, committed 2368K, reserved 1048576K
}
Event: 5.178 GC heap after
{Heap after GC invocations=5 (full 1):
 PSYoungGen      total 29696K, used 0K [0x00000000eab00000, 0x00000000ecc00000, 0x0000000100000000)
  eden space 25600K, 0% used [0x00000000eab00000,0x00000000eab00000,0x00000000ec400000)
  from space 4096K, 0% used [0x00000000ec800000,0x00000000ec800000,0x00000000ecc00000)
  to   space 4096K, 0% used [0x00000000ec400000,0x00000000ec400000,0x00000000ec800000)
 ParOldGen       total 68608K, used 7892K [0x00000000c0000000, 0x00000000c4300000, 0x00000000eab00000)
  object space 68608K, 11% used [0x00000000c0000000,0x00000000c07b53f8,0x00000000c4300000)
 Metaspace       used 21012K, committed 21504K, reserved 1073152K
  class space    used 2122K, committed 2368K, reserved 1048576K
}

Dll operation events (9 events):
Event: 0.018 Loaded shared library c:\Users\Elijahs Popuass\.vscode\extensions\redhat.java-1.16.0-win32-x64\jre\17.0.6-win32-x86_64\bin\java.dll
Event: 0.440 Loaded shared library c:\Users\Elijahs Popuass\.vscode\extensions\redhat.java-1.16.0-win32-x64\jre\17.0.6-win32-x86_64\bin\zip.dll
Event: 0.447 Loaded shared library C:\Users\Elijahs Popuass\.vscode\extensions\redhat.java-1.16.0-win32-x64\jre\17.0.6-win32-x86_64\bin\instrument.dll
Event: 0.478 Loaded shared library C:\Users\Elijahs Popuass\.vscode\extensions\redhat.java-1.16.0-win32-x64\jre\17.0.6-win32-x86_64\bin\net.dll
Event: 0.483 Loaded shared library C:\Users\Elijahs Popuass\.vscode\extensions\redhat.java-1.16.0-win32-x64\jre\17.0.6-win32-x86_64\bin\nio.dll
Event: 0.498 Loaded shared library C:\Users\Elijahs Popuass\.vscode\extensions\redhat.java-1.16.0-win32-x64\jre\17.0.6-win32-x86_64\bin\zip.dll
Event: 0.530 Loaded shared library C:\Users\Elijahs Popuass\.vscode\extensions\redhat.java-1.16.0-win32-x64\jre\17.0.6-win32-x86_64\bin\jimage.dll
Event: 0.677 Loaded shared library c:\Users\Elijahs Popuass\.vscode\extensions\redhat.java-1.16.0-win32-x64\jre\17.0.6-win32-x86_64\bin\verify.dll
Event: 3.205 Loaded shared library C:\Users\Elijahs Popuass\AppData\Roaming\Code\User\globalStorage\redhat.java\1.16.0\config_win\org.eclipse.equinox.launcher\org.eclipse.equinox.launcher.win32.win32.x86_64_1.2.700.v20221108-1024\eclipse_11801.dll

Deoptimization events (20 events):
Event: 5.481 Thread 0x0000020569532f80 Uncommon trap: trap_request=0xffffff45 fr.pc=0x000002055bfac568 relative=0x0000000000002488
Event: 5.481 Thread 0x0000020569532f80 Uncommon trap: reason=unstable_if action=reinterpret pc=0x000002055bfac568 method=java.util.jar.Manifest$FastInputStream.peek()B @ 8 c2
Event: 5.481 Thread 0x0000020569532f80 DEOPT PACKING pc=0x000002055bfac568 sp=0x000000b6f2df0980
Event: 5.481 Thread 0x0000020569532f80 DEOPT UNPACKING pc=0x000002055ba166a3 sp=0x000000b6f2df0918 mode 2
Event: 5.488 Thread 0x0000020569532f80 Uncommon trap: trap_request=0xffffff45 fr.pc=0x000002055bfb3884 relative=0x0000000000000084
Event: 5.488 Thread 0x0000020569532f80 Uncommon trap: reason=unstable_if action=reinterpret pc=0x000002055bfb3884 method=java.util.jar.Manifest$FastInputStream.peek()B @ 8 c2
Event: 5.489 Thread 0x0000020569532f80 DEOPT PACKING pc=0x000002055bfb3884 sp=0x000000b6f2df0980
Event: 5.489 Thread 0x0000020569532f80 DEOPT UNPACKING pc=0x000002055ba166a3 sp=0x000000b6f2df0918 mode 2
Event: 5.649 Thread 0x0000020569532f80 DEOPT PACKING pc=0x00000205545e4b9e sp=0x000000b6f2df23b0
Event: 5.649 Thread 0x0000020569532f80 DEOPT UNPACKING pc=0x000002055ba16e43 sp=0x000000b6f2df18a8 mode 0
Event: 5.677 Thread 0x0000020569532f80 DEOPT PACKING pc=0x00000205545e4b9e sp=0x000000b6f2df3be0
Event: 5.677 Thread 0x0000020569532f80 DEOPT UNPACKING pc=0x000002055ba16e43 sp=0x000000b6f2df30d8 mode 0
Event: 5.857 Thread 0x0000020569532f80 Uncommon trap: trap_request=0xffffff45 fr.pc=0x000002055c050f70 relative=0x0000000000000ef0
Event: 5.857 Thread 0x0000020569532f80 Uncommon trap: reason=unstable_if action=reinterpret pc=0x000002055c050f70 method=java.util.Properties$LineReader.readLine()I @ 256 c2
Event: 5.857 Thread 0x0000020569532f80 DEOPT PACKING pc=0x000002055c050f70 sp=0x000000b6f2df3330
Event: 5.857 Thread 0x0000020569532f80 DEOPT UNPACKING pc=0x000002055ba166a3 sp=0x000000b6f2df32c8 mode 2
Event: 6.004 Thread 0x0000020569532f80 Uncommon trap: trap_request=0xffffffcc fr.pc=0x000002055c05edc0 relative=0x0000000000000320
Event: 6.004 Thread 0x0000020569532f80 Uncommon trap: reason=intrinsic_or_type_checked_inlining action=make_not_entrant pc=0x000002055c05edc0 method=java.util.Arrays.copyOf([Ljava/lang/Object;ILjava/lang/Class;)[Ljava/lang/Object; @ 35 c2
Event: 6.004 Thread 0x0000020569532f80 DEOPT PACKING pc=0x000002055c05edc0 sp=0x000000b6f2df0ef0
Event: 6.004 Thread 0x0000020569532f80 DEOPT UNPACKING pc=0x000002055ba166a3 sp=0x000000b6f2df0e80 mode 2

Classes unloaded (7 events):
Event: 5.139 Thread 0x0000020567130c20 Unloading class 0x000000010021c400 'java/lang/invoke/LambdaForm$MH+0x000000010021c400'
Event: 5.139 Thread 0x0000020567130c20 Unloading class 0x000000010021c000 'java/lang/invoke/LambdaForm$MH+0x000000010021c000'
Event: 5.139 Thread 0x0000020567130c20 Unloading class 0x000000010021bc00 'java/lang/invoke/LambdaForm$MH+0x000000010021bc00'
Event: 5.139 Thread 0x0000020567130c20 Unloading class 0x000000010021b800 'java/lang/invoke/LambdaForm$MH+0x000000010021b800'
Event: 5.139 Thread 0x0000020567130c20 Unloading class 0x000000010021b000 'java/lang/invoke/LambdaForm$BMH+0x000000010021b000'
Event: 5.139 Thread 0x0000020567130c20 Unloading class 0x000000010021ac00 'java/lang/invoke/LambdaForm$DMH+0x000000010021ac00'
Event: 5.139 Thread 0x0000020567130c20 Unloading class 0x0000000100218000 'java/lang/invoke/LambdaForm$DMH+0x0000000100218000'

Classes redefined (0 events):
No events

Internal exceptions (20 events):
Event: 5.992 Thread 0x0000020569532f80 Exception <a 'java/lang/NoSuchMethodError'{0x00000000ebe7ca58}: 'java.lang.Object java.lang.invoke.DirectMethodHandle$Holder.invokeStaticInit(java.lang.Object, java.lang.Object, java.lang.Object, java.lang.Object, java.lang.Object, java.lang.Object, java.lang.Object)'> (0x00000000ebe7ca58) 
thrown [s\src\hotspot\share\interpreter\linkResolver.cpp, line 759]
Event: 5.994 Thread 0x0000020569532f80 Exception <a 'java/lang/NoSuchMethodError'{0x00000000ebe86ec8}: 'java.lang.Object java.lang.invoke.DirectMethodHandle$Holder.invokeSpecial(java.lang.Object, java.lang.Object, java.lang.Object, java.lang.Object, java.lang.Object, java.lang.Object, java.lang.Object, java.lang.Object, java.lang.Object)'> (0x00000000ebe86ec8) 
thrown [s\src\hotspot\share\interpreter\linkResolver.cpp, line 759]
Event: 5.995 Thread 0x0000020569532f80 Exception <a 'java/lang/NoSuchMethodError'{0x00000000ebe8cb58}: 'java.lang.Object java.lang.invoke.Invokers$Holder.invoke_MT(java.lang.Object, java.lang.Object, java.lang.Object, java.lang.Object, java.lang.Object, java.lang.Object, java.lang.Object, java.lang.Object, java.lang.Object)'> (0x00000000ebe8cb58) 
thrown [s\src\hotspot\share\interpreter\linkResolver.cpp, line 759]
Event: 6.003 Thread 0x0000020569532f80 Exception <a 'java/lang/NoSuchMethodError'{0x00000000ebec6890}: 'int java.lang.invoke.DirectMethodHandle$Holder.invokeVirtual(java.lang.Object, java.lang.Object, java.lang.Object)'> (0x00000000ebec6890) 
thrown [s\src\hotspot\share\interpreter\linkResolver.cpp, line 759]
Event: 6.003 Thread 0x0000020569532f80 Exception <a 'java/lang/NoSuchMethodError'{0x00000000ebecb138}: 'int java.lang.invoke.DirectMethodHandle$Holder.invokeVirtual(java.lang.Object, java.lang.Object)'> (0x00000000ebecb138) 
thrown [s\src\hotspot\share\interpreter\linkResolver.cpp, line 759]
Event: 6.004 Thread 0x0000020569532f80 Exception <a 'java/lang/NoSuchMethodError'{0x00000000ebed0340}: 'int java.lang.invoke.DirectMethodHandle$Holder.invokeStaticInit(java.lang.Object, int, int)'> (0x00000000ebed0340) 
thrown [s\src\hotspot\share\interpreter\linkResolver.cpp, line 759]
Event: 6.005 Thread 0x0000020569532f80 Exception <a 'java/lang/NoSuchMethodError'{0x00000000ebed8b20}: 'int java.lang.invoke.DirectMethodHandle$Holder.invokeStaticInit(java.lang.Object, long, long)'> (0x00000000ebed8b20) 
thrown [s\src\hotspot\share\interpreter\linkResolver.cpp, line 759]
Event: 6.006 Thread 0x0000020569532f80 Exception <a 'java/lang/NoSuchMethodError'{0x00000000ebee0960}: 'int java.lang.invoke.DirectMethodHandle$Holder.invokeStaticInit(java.lang.Object, float, float)'> (0x00000000ebee0960) 
thrown [s\src\hotspot\share\interpreter\linkResolver.cpp, line 759]
Event: 6.006 Thread 0x0000020569532f80 Exception <a 'java/lang/NoSuchMethodError'{0x00000000ebee87a8}: 'int java.lang.invoke.DirectMethodHandle$Holder.invokeStaticInit(java.lang.Object, double, double)'> (0x00000000ebee87a8) 
thrown [s\src\hotspot\share\interpreter\linkResolver.cpp, line 759]
Event: 6.007 Thread 0x0000020569532f80 Exception <a 'java/lang/NoSuchMethodError'{0x00000000ebeedda0}: 'int java.lang.invoke.DirectMethodHandle$Holder.invokeStatic(java.lang.Object, long)'> (0x00000000ebeedda0) 
thrown [s\src\hotspot\share\interpreter\linkResolver.cpp, line 759]
Event: 6.012 Thread 0x0000020569532f80 Exception <a 'java/lang/NoSuchMethodError'{0x00000000ebf193e0}: 'int java.lang.invoke.Invokers$Holder.linkToTargetMethod(java.lang.Object, java.lang.Object)'> (0x00000000ebf193e0) 
thrown [s\src\hotspot\share\interpreter\linkResolver.cpp, line 759]
Event: 6.039 Thread 0x0000020569532f80 Exception <a 'java/lang/NoSuchMethodError'{0x00000000ebfb4238}: 'java.lang.Object java.lang.invoke.DirectMethodHandle$Holder.invokeSpecial(java.lang.Object, java.lang.Object, java.lang.Object, java.lang.Object, java.lang.Object, java.lang.Object, java.lang.Object, java.lang.Object, java.lang.Object, java.lang.Object, java.lang.Object)'> (0x00000000ebfb4238) 
thrown [s\src\hotspot\share\interpreter\linkResolver.cpp, line 759]
Event: 6.039 Thread 0x0000020569532f80 Exception <a 'java/lang/NoSuchMethodError'{0x00000000ebfb9750}: 'java.lang.Object java.lang.invoke.Invokers$Holder.invoke_MT(java.lang.Object, java.lang.Object, java.lang.Object, java.lang.Object, java.lang.Object, java.lang.Object, java.lang.Object, java.lang.Object, java.lang.Object, java.lang.Object, java.lang.Object)'> (0x00000000ebfb9750) 
thrown [s\src\hotspot\share\interpreter\linkResolver.cpp, line 759]
Event: 6.064 Thread 0x0000020569532f80 Exception <a 'java/lang/NoSuchMethodError'{0x00000000ec040da8}: 'java.lang.Object java.lang.invoke.DirectMethodHandle$Holder.invokeSpecial(java.lang.Object, java.lang.Object, java.lang.Object, java.lang.Object, java.lang.Object, java.lang.Object, java.lang.Object, java.lang.Object, java.lang.Object, java.lang.Object)'> (0x00000000ec040da8) 
thrown [s\src\hotspot\share\interpreter\linkResolver.cpp, line 759]
Event: 6.065 Thread 0x0000020569532f80 Exception <a 'java/lang/NoSuchMethodError'{0x00000000ec045ff8}: 'java.lang.Object java.lang.invoke.Invokers$Holder.invoke_MT(java.lang.Object, java.lang.Object, java.lang.Object, java.lang.Object, java.lang.Object, java.lang.Object, java.lang.Object, java.lang.Object, java.lang.Object, java.lang.Object)'> (0x00000000ec045ff8) 
thrown [s\src\hotspot\share\interpreter\linkResolver.cpp, line 759]
Event: 6.090 Thread 0x0000020569532f80 Exception <a 'java/lang/NoSuchMethodError'{0x00000000ec0d6dd0}: 'java.lang.Object java.lang.invoke.DirectMethodHandle$Holder.newInvokeSpecial(java.lang.Object, java.lang.Object, java.lang.Object, java.lang.Object, java.lang.Object, java.lang.Object, java.lang.Object)'> (0x00000000ec0d6dd0) 
thrown [s\src\hotspot\share\interpreter\linkResolver.cpp, line 759]
Event: 6.105 Thread 0x0000020569532f80 Exception <a 'java/lang/NoSuchMethodError'{0x00000000ec1472c0}: 'java.lang.Object java.lang.invoke.DirectMethodHandle$Holder.invokeSpecial(java.lang.Object, java.lang.Object, java.lang.Object, java.lang.Object, java.lang.Object, java.lang.Object, java.lang.Object, java.lang.Object, java.lang.Object, java.lang.Object, java.lang.Object, java.lang.Object, java.lang.Object)'> (0x00000000ec1472c0) 
thrown [s\src\hotspot\share\interpreter\linkResolver.cpp, line 759]
Event: 6.106 Thread 0x0000020569532f80 Exception <a 'java/lang/NoSuchMethodError'{0x00000000ec14d4b8}: 'java.lang.Object java.lang.invoke.Invokers$Holder.invoker(java.lang.Object, java.lang.Object, java.lang.Object, java.lang.Object, java.lang.Object, java.lang.Object, java.lang.Object, java.lang.Object, java.lang.Object, java.lang.Object, java.lang.Object, java.lang.Object, java.lang.Object)'> (0x00000000ec14d4b8) 
thrown [s\src\hotspot\share\interpreter\linkResolver.cpp, line 759]
Event: 6.107 Thread 0x0000020569532f80 Exception <a 'java/lang/NoSuchMethodError'{0x00000000ec1541b8}: 'java.lang.Object java.lang.invoke.DirectMethodHandle$Holder.invokeSpecial(java.lang.Object, java.lang.Object, java.lang.Object, java.lang.Object, java.lang.Object, java.lang.Object, java.lang.Object, java.lang.Object, java.lang.Object, java.lang.Object, java.lang.Object, java.lang.Object, java.lang.Object, java.lang.Object)'> (0x00000000ec1541b8) 
thrown [s\src\hotspot\share\interpreter\linkResolver.cpp, line 759]
Event: 6.117 Thread 0x0000020569532f80 Exception <a 'java/lang/NoSuchMethodError'{0x00000000ec1b30f0}: static Lorg/eclipse/m2e/core/internal/lifecyclemapping/model/PluginExecutionMetadata;.<clinit>()V> (0x00000000ec1b30f0) 
thrown [s\src\hotspot\share\prims\jni.cpp, line 1107]

VM Operations (20 events):
Event: 3.488 Executing VM operation: ParallelGCFailedAllocation
Event: 3.498 Executing VM operation: ParallelGCFailedAllocation done
Event: 4.247 Executing VM operation: HandshakeAllThreads
Event: 4.247 Executing VM operation: HandshakeAllThreads done
Event: 4.402 Executing VM operation: HandshakeAllThreads
Event: 4.402 Executing VM operation: HandshakeAllThreads done
Event: 4.408 Executing VM operation: HandshakeAllThreads
Event: 4.408 Executing VM operation: HandshakeAllThreads done
Event: 4.630 Executing VM operation: HandshakeAllThreads
Event: 4.630 Executing VM operation: HandshakeAllThreads done
Event: 4.630 Executing VM operation: Cleanup
Event: 4.631 Executing VM operation: Cleanup done
Event: 4.750 Executing VM operation: ParallelGCFailedAllocation
Event: 4.757 Executing VM operation: ParallelGCFailedAllocation done
Event: 5.125 Executing VM operation: CollectForMetadataAllocation
Event: 5.179 Executing VM operation: CollectForMetadataAllocation done
Event: 5.259 Executing VM operation: HandshakeAllThreads
Event: 5.260 Executing VM operation: HandshakeAllThreads done
Event: 5.973 Executing VM operation: HandshakeAllThreads
Event: 5.973 Executing VM operation: HandshakeAllThreads done

Events (20 events):
Event: 6.086 loading class java/util/CollSer
Event: 6.086 loading class java/util/CollSer done
Event: 6.087 loading class java/io/ObjectStreamException
Event: 6.087 loading class java/io/ObjectStreamException done
Event: 6.098 loading class java/util/function/UnaryOperator
Event: 6.099 loading class java/util/function/UnaryOperator done
Event: 6.116 loading class java/io/ObjectStreamClass$1
Event: 6.116 loading class java/io/ObjectStreamClass$1 done
Event: 6.116 loading class java/io/DataOutputStream
Event: 6.117 loading class java/io/DataOutputStream done
Event: 6.117 loading class java/io/ObjectStreamClass$MemberSignature
Event: 6.117 loading class java/io/ObjectStreamClass$MemberSignature done
Event: 6.117 loading class java/io/ObjectStreamClass$3
Event: 6.117 loading class java/io/ObjectStreamClass$3 done
Event: 6.117 loading class java/io/ObjectStreamClass$4
Event: 6.118 loading class java/io/ObjectStreamClass$4 done
Event: 6.118 loading class java/io/ObjectStreamClass$5
Event: 6.118 loading class java/io/ObjectStreamClass$5 done
Event: 6.118 loading class sun/security/provider/SHA
Event: 6.118 loading class sun/security/provider/SHA done


Dynamic libraries:
0x00007ff660a30000 - 0x00007ff660a3e000 	c:\Users\Elijahs Popuass\.vscode\extensions\redhat.java-1.16.0-win32-x64\jre\17.0.6-win32-x86_64\bin\java.exe
0x00007ffd59070000 - 0x00007ffd59268000 	C:\Windows\SYSTEM32\ntdll.dll
0x00007ffd57ca0000 - 0x00007ffd57d5d000 	C:\Windows\System32\KERNEL32.DLL
0x00007ffd56ce0000 - 0x00007ffd56fb2000 	C:\Windows\System32\KERNELBASE.dll
0x00007ffd56b50000 - 0x00007ffd56c50000 	C:\Windows\System32\ucrtbase.dll
0x00007ffd4fa80000 - 0x00007ffd4fa97000 	c:\Users\Elijahs Popuass\.vscode\extensions\redhat.java-1.16.0-win32-x64\jre\17.0.6-win32-x86_64\bin\jli.dll
0x00007ffd58990000 - 0x00007ffd58b2d000 	C:\Windows\System32\USER32.dll
0x00007ffd56920000 - 0x00007ffd56942000 	C:\Windows\System32\win32u.dll
0x00007ffd57e20000 - 0x00007ffd57e4b000 	C:\Windows\System32\GDI32.dll
0x00007ffd56fc0000 - 0x00007ffd570cf000 	C:\Windows\System32\gdi32full.dll
0x00007ffd56ab0000 - 0x00007ffd56b4d000 	C:\Windows\System32\msvcp_win.dll
0x00007ffd32820000 - 0x00007ffd32839000 	c:\Users\Elijahs Popuass\.vscode\extensions\redhat.java-1.16.0-win32-x64\jre\17.0.6-win32-x86_64\bin\VCRUNTIME140.dll
0x00007ffd3ec90000 - 0x00007ffd3ef2a000 	C:\Windows\WinSxS\amd64_microsoft.windows.common-controls_6595b64144ccf1df_6.0.19041.1110_none_60b5254171f9507e\COMCTL32.dll
0x00007ffd57d80000 - 0x00007ffd57e1e000 	C:\Windows\System32\msvcrt.dll
0x00007ffd58ec0000 - 0x00007ffd58ef0000 	C:\Windows\System32\IMM32.DLL
0x00007ffd50cd0000 - 0x00007ffd50cdc000 	c:\Users\Elijahs Popuass\.vscode\extensions\redhat.java-1.16.0-win32-x64\jre\17.0.6-win32-x86_64\bin\vcruntime140_1.dll
0x00007ffcfede0000 - 0x00007ffcfee71000 	c:\Users\Elijahs Popuass\.vscode\extensions\redhat.java-1.16.0-win32-x64\jre\17.0.6-win32-x86_64\bin\msvcp140.dll
0x00007ffce1020000 - 0x00007ffce1c67000 	c:\Users\Elijahs Popuass\.vscode\extensions\redhat.java-1.16.0-win32-x64\jre\17.0.6-win32-x86_64\bin\server\jvm.dll
0x00007ffd57e50000 - 0x00007ffd57efe000 	C:\Windows\System32\ADVAPI32.dll
0x00007ffd57c00000 - 0x00007ffd57c9c000 	C:\Windows\System32\sechost.dll
0x00007ffd57260000 - 0x00007ffd57385000 	C:\Windows\System32\RPCRT4.dll
0x00007ffd50b70000 - 0x00007ffd50b79000 	C:\Windows\SYSTEM32\WSOCK32.dll
0x00007ffd58430000 - 0x00007ffd5849b000 	C:\Windows\System32\WS2_32.dll
0x00007ffd52ba0000 - 0x00007ffd52bc7000 	C:\Windows\SYSTEM32\WINMM.dll
0x00007ffd4d180000 - 0x00007ffd4d18a000 	C:\Windows\SYSTEM32\VERSION.dll
0x00007ffd55020000 - 0x00007ffd55032000 	C:\Windows\SYSTEM32\kernel.appcore.dll
0x00007ffd4aec0000 - 0x00007ffd4aeca000 	c:\Users\Elijahs Popuass\.vscode\extensions\redhat.java-1.16.0-win32-x64\jre\17.0.6-win32-x86_64\bin\jimage.dll
0x00007ffd54a80000 - 0x00007ffd54c64000 	C:\Windows\SYSTEM32\DBGHELP.DLL
0x00007ffd45100000 - 0x00007ffd4512c000 	C:\Windows\SYSTEM32\dbgcore.DLL
0x00007ffd56c50000 - 0x00007ffd56cd2000 	C:\Windows\System32\bcryptPrimitives.dll
0x00007ffd47080000 - 0x00007ffd4708e000 	c:\Users\Elijahs Popuass\.vscode\extensions\redhat.java-1.16.0-win32-x64\jre\17.0.6-win32-x86_64\bin\instrument.dll
0x00007ffd327a0000 - 0x00007ffd327c5000 	c:\Users\Elijahs Popuass\.vscode\extensions\redhat.java-1.16.0-win32-x64\jre\17.0.6-win32-x86_64\bin\java.dll
0x00007ffd32800000 - 0x00007ffd32818000 	c:\Users\Elijahs Popuass\.vscode\extensions\redhat.java-1.16.0-win32-x64\jre\17.0.6-win32-x86_64\bin\zip.dll
0x00007ffd574a0000 - 0x00007ffd57be3000 	C:\Windows\System32\SHELL32.dll
0x00007ffd54210000 - 0x00007ffd549a1000 	C:\Windows\SYSTEM32\windows.storage.dll
0x00007ffd58580000 - 0x00007ffd588d4000 	C:\Windows\System32\combase.dll
0x00007ffd56100000 - 0x00007ffd56130000 	C:\Windows\SYSTEM32\Wldp.dll
0x00007ffd588e0000 - 0x00007ffd5898d000 	C:\Windows\System32\SHCORE.dll
0x00007ffd58ef0000 - 0x00007ffd58f45000 	C:\Windows\System32\shlwapi.dll
0x00007ffd566c0000 - 0x00007ffd566df000 	C:\Windows\SYSTEM32\profapi.dll
0x00007ffd2f8b0000 - 0x00007ffd2f8c9000 	C:\Users\Elijahs Popuass\.vscode\extensions\redhat.java-1.16.0-win32-x64\jre\17.0.6-win32-x86_64\bin\net.dll
0x00007ffd46a00000 - 0x00007ffd46b0d000 	C:\Windows\SYSTEM32\WINHTTP.dll
0x00007ffd55e60000 - 0x00007ffd55eca000 	C:\Windows\system32\mswsock.dll
0x00007ffd2ab10000 - 0x00007ffd2ab25000 	C:\Users\Elijahs Popuass\.vscode\extensions\redhat.java-1.16.0-win32-x64\jre\17.0.6-win32-x86_64\bin\nio.dll
0x00007ffd46ce0000 - 0x00007ffd46cf0000 	c:\Users\Elijahs Popuass\.vscode\extensions\redhat.java-1.16.0-win32-x64\jre\17.0.6-win32-x86_64\bin\verify.dll
0x00007ffd145e0000 - 0x00007ffd1461e000 	C:\Users\Elijahs Popuass\AppData\Roaming\Code\User\globalStorage\redhat.java\1.16.0\config_win\org.eclipse.equinox.launcher\org.eclipse.equinox.launcher.win32.win32.x86_64_1.2.700.v20221108-1024\eclipse_11801.dll
0x00007ffd57130000 - 0x00007ffd5725a000 	C:\Windows\System32\ole32.dll

dbghelp: loaded successfully - version: 4.0.5 - missing functions: none
symbol engine: initialized successfully - sym options: 0x614 - pdb path: .;c:\Users\Elijahs Popuass\.vscode\extensions\redhat.java-1.16.0-win32-x64\jre\17.0.6-win32-x86_64\bin;C:\Windows\SYSTEM32;C:\Windows\WinSxS\amd64_microsoft.windows.common-controls_6595b64144ccf1df_6.0.19041.1110_none_60b5254171f9507e;c:\Users\Elijahs Popuass\.vscode\extensions\redhat.java-1.16.0-win32-x64\jre\17.0.6-win32-x86_64\bin\server;C:\Users\Elijahs Popuass\AppData\Roaming\Code\User\globalStorage\redhat.java\1.16.0\config_win\org.eclipse.equinox.launcher\org.eclipse.equinox.launcher.win32.win32.x86_64_1.2.700.v20221108-1024

VM Arguments:
jvm_args: --add-modules=ALL-SYSTEM --add-opens=java.base/java.util=ALL-UNNAMED --add-opens=java.base/java.lang=ALL-UNNAMED --add-opens=java.base/sun.nio.fs=ALL-UNNAMED -Declipse.application=org.eclipse.jdt.ls.core.id1 -Dosgi.bundles.defaultStartLevel=4 -Declipse.product=org.eclipse.jdt.ls.core.product -Djava.import.generatesMetadataFilesAtProjectRoot=false -Dfile.encoding=utf8 -XX:+UseParallelGC -XX:GCTimeRatio=4 -XX:AdaptiveSizePolicyWeight=90 -Dsun.zip.disableMemoryMapping=true -Xmx1G -Xms100m -Xlog:disable -javaagent:c:\Users\Elijahs Popuass\.vscode\extensions\redhat.java-1.16.0-win32-x64\lombok\lombok-1.18.24.jar -XX:+HeapDumpOnOutOfMemoryError -XX:HeapDumpPath=c:\Users\Elijahs Popuass\AppData\Roaming\Code\User\workspaceStorage\dc31ba102c27ac885a81f05e766e3ffc\redhat.java 
java_command: c:\Users\Elijahs Popuass\.vscode\extensions\redhat.java-1.16.0-win32-x64\server\plugins\org.eclipse.equinox.launcher_1.6.400.v20210924-0641.jar -configuration c:\Users\Elijahs Popuass\AppData\Roaming\Code\User\globalStorage\redhat.java\1.16.0\config_win -data c:\Users\Elijahs Popuass\AppData\Roaming\Code\User\workspaceStorage\dc31ba102c27ac885a81f05e766e3ffc\redhat.java\jdt_ws
java_class_path (initial): c:\Users\Elijahs Popuass\.vscode\extensions\redhat.java-1.16.0-win32-x64\server\plugins\org.eclipse.equinox.launcher_1.6.400.v20210924-0641.jar
Launcher Type: SUN_STANDARD

[Global flags]
    uintx AdaptiveSizePolicyWeight                 = 90                                        {product} {command line}
     intx CICompilerCount                          = 4                                         {product} {ergonomic}
    uintx GCTimeRatio                              = 4                                         {product} {command line}
     bool HeapDumpOnOutOfMemoryError               = true                                   {manageable} {command line}
    ccstr HeapDumpPath                             = c:\Users\Elijahs Popuass\AppData\Roaming\Code\User\workspaceStorage\dc31ba102c27ac885a81f05e766e3ffc\redhat.java         {manageable} {command line}
   size_t InitialHeapSize                          = 104857600                                 {product} {command line}
   size_t MaxHeapSize                              = 1073741824                                {product} {command line}
   size_t MaxNewSize                               = 357564416                                 {product} {ergonomic}
   size_t MinHeapDeltaBytes                        = 524288                                    {product} {ergonomic}
   size_t MinHeapSize                              = 104857600                                 {product} {command line}
   size_t NewSize                                  = 34603008                                  {product} {ergonomic}
    uintx NonNMethodCodeHeapSize                   = 5839372                                {pd product} {ergonomic}
    uintx NonProfiledCodeHeapSize                  = 122909434                              {pd product} {ergonomic}
   size_t OldSize                                  = 70254592                                  {product} {ergonomic}
    uintx ProfiledCodeHeapSize                     = 122909434                              {pd product} {ergonomic}
    uintx ReservedCodeCacheSize                    = 251658240                              {pd product} {ergonomic}
     bool SegmentedCodeCache                       = true                                      {product} {ergonomic}
   size_t SoftMaxHeapSize                          = 1073741824                             {manageable} {ergonomic}
     bool UseCompressedClassPointers               = true                           {product lp64_product} {ergonomic}
     bool UseCompressedOops                        = true                           {product lp64_product} {ergonomic}
     bool UseLargePagesIndividualAllocation        = false                                  {pd product} {ergonomic}
     bool UseParallelGC                            = true                                      {product} {command line}

Logging:
Log output configuration:
 #0: stdout all=off uptime,level,tags
 #1: stderr all=off uptime,level,tags

Environment Variables:
PATH=C:\Program Files\Common Files\Oracle\Java\javapath;C:\Program Files (x86)\Common Files\Oracle\Java\javapath;C:\Windows\system32;C:\Windows;C:\Windows\System32\Wbem;C:\Windows\System32\WindowsPowerShell\v1.0\;C:\Windows\System32\OpenSSH\;C:\Program Files\Git\cmd;C:\Program Files\nodejs\;C:\Users\Elijahs Popuass\AppData\Local\Microsoft\WindowsApps;;C:\Users\Elijahs Popuass\AppData\Local\Programs\Microsoft VS Code\bin;C:\Program Files\JetBrains\IntelliJ IDEA Community Edition 2023.1\bin;;C:\Users\Elijahs Popuass\AppData\Roaming\npm
USERNAME=Elijahs Popuass
OS=Windows_NT
PROCESSOR_IDENTIFIER=AMD64 Family 23 Model 24 Stepping 1, AuthenticAMD
TMP=C:\Users\ELIJAH~1\AppData\Local\Temp
TEMP=C:\Users\ELIJAH~1\AppData\Local\Temp



---------------  S Y S T E M  ---------------

OS:
 Windows 10 , 64 bit Build 19041 (10.0.19041.1889)
OS uptime: 0 days 18:40 hours

CPU: total 8 (initial active 8) (8 cores per cpu, 2 threads per core) family 23 model 24 stepping 1 microcode 0x0, cx8, cmov, fxsr, ht, mmx, 3dnowpref, sse, sse2, sse3, ssse3, sse4a, sse4.1, sse4.2, popcnt, lzcnt, tsc, tscinvbit, avx, avx2, aes, clmul, bmi1, bmi2, adx, sha, fma, vzeroupper, clflush, clflushopt

Memory: 4k page, system-wide physical 7103M (2520M free)
TotalPageFile size 8895M (AvailPageFile size 2428M)
current process WorkingSet (physical memory assigned to process): 113M, peak: 118M
current process commit charge ("private bytes"): 220M, peak: 226M

vm_info: OpenJDK 64-Bit Server VM (17.0.6+10) for windows-amd64 JRE (17.0.6+10), built on Jan 18 2023 10:08:59 by "temurin" with MS VC++ 16.7 (VS2019)

END.
