#
# A fatal error has been detected by the Java Runtime Environment:
#
#  EXCEPTION_ACCESS_VIOLATION (0xc0000005) at pc=0x00007ffce13505a1, pid=15148, tid=13760
#
# JRE version: OpenJDK Runtime Environment Temurin-17.0.6+10 (17.0.6+10) (build 17.0.6+10)
# Java VM: OpenJDK 64-Bit Server VM Temurin-17.0.6+10 (17.0.6+10, mixed mode, tiered, compressed oops, compressed class ptrs, parallel gc, windows-amd64)
# Problematic frame:
# V  [jvm.dll+0x3305a1]
#
# No core dump will be written. Minidumps are not enabled by default on client versions of Windows
#
# If you would like to submit a bug report, please visit:
#   https://github.com/adoptium/adoptium-support/issues
#

---------------  S U M M A R Y ------------

Command Line: --add-modules=ALL-SYSTEM --add-opens=java.base/java.util=ALL-UNNAMED --add-opens=java.base/java.lang=ALL-UNNAMED --add-opens=java.base/sun.nio.fs=ALL-UNNAMED -Declipse.application=org.eclipse.jdt.ls.core.id1 -Dosgi.bundles.defaultStartLevel=4 -Declipse.product=org.eclipse.jdt.ls.core.product -Djava.import.generatesMetadataFilesAtProjectRoot=false -Dfile.encoding=utf8 -XX:+UseParallelGC -XX:GCTimeRatio=4 -XX:AdaptiveSizePolicyWeight=90 -Dsun.zip.disableMemoryMapping=true -Xmx1G -Xms100m -Xlog:disable -javaagent:c:\Users\Elijahs Popuass\.vscode\extensions\redhat.java-1.16.0-win32-x64\lombok\lombok-1.18.24.jar -XX:+HeapDumpOnOutOfMemoryError -XX:HeapDumpPath=c:\Users\Elijahs Popuass\AppData\Roaming\Code\User\workspaceStorage\dc31ba102c27ac885a81f05e766e3ffc\redhat.java c:\Users\Elijahs Popuass\.vscode\extensions\redhat.java-1.16.0-win32-x64\server\plugins\org.eclipse.equinox.launcher_1.6.400.v20210924-0641.jar -configuration c:\Users\Elijahs Popuass\AppData\Roaming\Code\User\globalStorage\redhat.java\1.16.0\config_win -data c:\Users\Elijahs Popuass\AppData\Roaming\Code\User\workspaceStorage\dc31ba102c27ac885a81f05e766e3ffc\redhat.java\jdt_ws

Host: AMD Ryzen 5 3500U with Radeon Vega Mobile Gfx  , 8 cores, 6G,  Windows 10 , 64 bit Build 19041 (10.0.19041.1889)
Time: Fri Apr  7 11:58:56 2023 RTZ 2 (s 10 , 64 bit Build 19041 (10.0.19041.1889) elapsed time: 8.389699 seconds (0d 0h 0m 8s)

---------------  T H R E A D  ---------------

Current thread (0x0000027c0061ef30):  JavaThread "C2 CompilerThread2" daemon [_thread_in_native, id=13760, stack(0x0000009637e00000,0x0000009637f00000)]


Current CompileTask:
C2:   8389 4018   !   4       org.eclipse.osgi.internal.loader.BundleLoader::findClass0 (466 bytes)

Stack: [0x0000009637e00000,0x0000009637f00000],  sp=0x0000009637efb760,  free space=1005k
Native frames: (J=compiled Java code, j=interpreted, Vv=VM code, C=native code)
V  [jvm.dll+0x3305a1]
V  [jvm.dll+0x32da57]
V  [jvm.dll+0x32d24a]
V  [jvm.dll+0x2185f1]
V  [jvm.dll+0x217a11]
V  [jvm.dll+0x1a3d0d]
V  [jvm.dll+0x22742a]
V  [jvm.dll+0x225565]
V  [jvm.dll+0x7ea2cb]
V  [jvm.dll+0x7e483a]
V  [jvm.dll+0x6762c5]
C  [ucrtbase.dll+0x21bb2]
C  [KERNEL32.DLL+0x17034]
C  [ntdll.dll+0x526a1]


siginfo: EXCEPTION_ACCESS_VIOLATION (0xc0000005), reading address 0x0000000000008000


Register to memory mapping:

RIP=0x00007ffce13505a1 jvm.dll
RAX=0x0000027c0685e168 points into unknown readable memory: 0x0000027c04e9b150 | 50 b1 e9 04 7c 02 00 00
RBX=0x0000000000008000 is an unknown value
RCX=0x0000027c04e9ad28 points into unknown readable memory: 0x00007ffce19033d8 | d8 33 90 e1 fc 7f 00 00
RDX=0x0 is NULL
RSP=0x0000009637efb760 is pointing into the stack for thread: 0x0000027c0061ef30
RBP=0x000000000000267a is an unknown value
RSI=0x0 is NULL
RDI=0x000000000000001e is an unknown value
R8 =0x0 is NULL
R9 =0x0 is NULL
R10=0x0000027c0728d0b0 points into unknown readable memory: 0x0000027c04e9b150 | 50 b1 e9 04 7c 02 00 00
R11=0x0000027c0728d750 points into unknown readable memory: 0x0000027c062a4168 | 68 41 2a 06 7c 02 00 00
R12=0x00000000000000c8 is an unknown value
R13=0x0000009637efbca0 is pointing into the stack for thread: 0x0000027c0061ef30
R14=0x0000027c0685e110 points into unknown readable memory: 0x00007ffce1936598 | 98 65 93 e1 fc 7f 00 00
R15=0x0000027c04d93380 points into unknown readable memory: 0x0000027c071d6708 | 08 67 1d 07 7c 02 00 00


Registers:
RAX=0x0000027c0685e168, RBX=0x0000000000008000, RCX=0x0000027c04e9ad28, RDX=0x0000000000000000
RSP=0x0000009637efb760, RBP=0x000000000000267a, RSI=0x0000000000000000, RDI=0x000000000000001e
R8 =0x0000000000000000, R9 =0x0000000000000000, R10=0x0000027c0728d0b0, R11=0x0000027c0728d750
R12=0x00000000000000c8, R13=0x0000009637efbca0, R14=0x0000027c0685e110, R15=0x0000027c04d93380
RIP=0x00007ffce13505a1, EFLAGS=0x0000000000010206

Top of Stack: (sp=0x0000009637efb760)
0x0000009637efb760:   0000009637efbca0 00000000000000c0
0x0000009637efb770:   000000000000267a 0000009637efbca0
0x0000009637efb780:   0000000000002002 0000027c02d0a110
0x0000009637efb790:   0000000000000000 0000027c02b44028
0x0000009637efb7a0:   0000027c02b3d090 0000009637efbca0
0x0000009637efb7b0:   0000000000001f30 0000009637efb8d0
0x0000009637efb7c0:   000000000000024f 00007ffce134da57
0x0000009637efb7d0:   0000009637efbca0 0000009637efb868
0x0000009637efb7e0:   00000001000000c9 0000027c02da2ef0
0x0000009637efb7f0:   0000000000000049 0000000000000000
0x0000009637efb800:   00000000c30003c0 00000000000000db
0x0000009637efb810:   0000000068970101 000000004000befe
0x0000009637efb820:   0000000000000fe4 0000027c04d93360
0x0000009637efb830:   0000000000000000 0000009622002002
0x0000009637efb840:   000000000000034f 0000000000000000
0x0000009637efb850:   000000000000f9b0 00007ffd56d0306e 

Instructions: (pc=0x00007ffce13505a1)
0x00007ffce13504a1:   00 49 63 c4 45 8b ec 44 89 a4 24 80 00 00 00 41
0x00007ffce13504b1:   ff cc 4d 8b 74 c7 f8 48 8b 44 24 78 41 8b 7e 28
0x00007ffce13504c1:   8b df c1 eb 05 3b 18 72 0f 8b d3 48 8b c8 e8 9c
0x00007ffce13504d1:   d6 4e 00 48 8b 44 24 78 48 8b 40 08 83 e7 1f 48
0x00007ffce13504e1:   8d 14 98 40 0f b6 cf 41 b8 01 00 00 00 41 d3 e0
0x00007ffce13504f1:   8b 0a 8b c1 41 0b c0 89 02 41 85 c8 0f 85 9a 02
0x00007ffce1350501:   00 00 49 8b 06 49 8b ce ff 90 a8 00 00 00 84 c0
0x00007ffce1350511:   74 65 41 8b 46 28 3b 46 68 73 0d 8b c8 48 8b 46
0x00007ffce1350521:   78 48 83 3c c8 00 75 4f 49 8b d6 48 8b ce e8 1c
0x00007ffce1350531:   f3 ff ff 49 8b 46 08 48 8b 08 8b 51 2c 8b c2 24
0x00007ffce1350541:   3f 3c 20 75 09 48 8b 41 08 48 3b 08 eb 06 83 e2
0x00007ffce1350551:   0f 80 fa 09 0f 94 c0 84 c0 75 06 48 8b 41 08 eb
0x00007ffce1350561:   d6 8b 41 28 49 8b d6 4c 8b 46 78 48 8b ce 4d 8b
0x00007ffce1350571:   04 c0 e8 58 fd ff ff 41 8b 7e 1c 33 f6 ff cf 41
0x00007ffce1350581:   3b 7e 18 0f 82 53 01 00 00 4c 8b 6c 24 70 90 49
0x00007ffce1350591:   8b 46 08 48 8b 1c f8 48 85 db 0f 84 8e 00 00 00
0x00007ffce13505a1:   48 8b 03 48 8b cb ff 50 20 48 85 c0 75 58 8b 4b
0x00007ffce13505b1:   2c 8b c1 24 3f 3c 20 75 09 48 8b 43 08 48 3b 18
0x00007ffce13505c1:   eb 07 8b c1 83 e0 0f 3c 09 0f 94 c0 84 c0 75 36
0x00007ffce13505d1:   80 e1 03 80 f9 02 75 13 48 8b 03 48 8b cb ff 90
0x00007ffce13505e1:   48 01 00 00 3d 14 01 00 00 74 1b 8b 43 2c 24 0f
0x00007ffce13505f1:   3c 08 75 3a 48 8b 03 48 8b cb ff 50 28 48 3b 05
0x00007ffce1350601:   43 ff 86 00 75 28 8b d7 49 8b ce e8 bf 59 32 00
0x00007ffce1350611:   48 85 f6 75 05 48 8b f3 eb 14 4c 8b c3 48 8b d6
0x00007ffce1350621:   49 8b cd e8 d7 e6 ff ff 84 c0 48 0f 45 f3 ff cf
0x00007ffce1350631:   41 3b 7e 18 0f 83 55 ff ff ff 44 8b ac 24 80 00
0x00007ffce1350641:   00 00 48 85 f6 0f 84 91 00 00 00 49 8b 46 08 48
0x00007ffce1350651:   8b d6 48 8b 4c 24 70 4c 8b 00 e8 a0 e6 ff ff 84
0x00007ffce1350661:   c0 75 79 4d 8b 4e 08 49 8b 09 48 85 c9 74 26 4c
0x00007ffce1350671:   8b 41 10 4d 85 c0 74 1d 8b 41 20 49 8d 14 c0 4c
0x00007ffce1350681:   39 72 f8 48 8d 52 f8 75 f6 ff c8 89 41 20 49 8b
0x00007ffce1350691:   0c c0 48 89 0a 49 89 31 48 8b 4e 10 48 85 c9 74 


Stack slot to memory mapping:
stack at sp + 0 slots: 0x0000009637efbca0 is pointing into the stack for thread: 0x0000027c0061ef30
stack at sp + 1 slots: 0x00000000000000c0 is an unknown value
stack at sp + 2 slots: 0x000000000000267a is an unknown value
stack at sp + 3 slots: 0x0000009637efbca0 is pointing into the stack for thread: 0x0000027c0061ef30
stack at sp + 4 slots: 0x0000000000002002 is an unknown value
stack at sp + 5 slots: 0x0000027c02d0a110 points into unknown readable memory: 0x7261566c00000006 | 06 00 00 00 6c 56 61 72
stack at sp + 6 slots: 0x0 is NULL
stack at sp + 7 slots: 0x0000027c02b44028 points into unknown readable memory: 0x20606b5166d98765 | 65 87 d9 66 51 6b 60 20


---------------  P R O C E S S  ---------------

Threads class SMR info:
_java_thread_list=0x0000027c06ace000, length=28, elements={
0x0000027c68b9bf10, 0x0000027c7e971a20, 0x0000027c7e9750d0, 0x0000027c0049c020,
0x0000027c0049c8e0, 0x0000027c0049d1a0, 0x0000027c0049da60, 0x0000027c0049f600,
0x0000027c7e978e70, 0x0000027c004cdf10, 0x0000027c005cb560, 0x0000027c0079b820,
0x0000027c01a412d0, 0x0000027c0266c4f0, 0x0000027c027a9b50, 0x0000027c026dd610,
0x0000027c02bf5980, 0x0000027c0061ea20, 0x0000027c02cd2510, 0x0000027c02d52ff0,
0x0000027c02d033f0, 0x0000027c02d02f20, 0x0000027c0061ef30, 0x0000027c02d020b0,
0x0000027c02d02a50, 0x0000027c02d038c0, 0x0000027c02d03d90, 0x0000027c02d04260
}

Java Threads: ( => current thread )
  0x0000027c68b9bf10 JavaThread "main" [_thread_blocked, id=9420, stack(0x0000009635e00000,0x0000009635f00000)]
  0x0000027c7e971a20 JavaThread "Reference Handler" daemon [_thread_blocked, id=9772, stack(0x0000009636100000,0x0000009636200000)]
  0x0000027c7e9750d0 JavaThread "Finalizer" daemon [_thread_blocked, id=15924, stack(0x0000009636200000,0x0000009636300000)]
  0x0000027c0049c020 JavaThread "Signal Dispatcher" daemon [_thread_blocked, id=11032, stack(0x0000009636300000,0x0000009636400000)]
  0x0000027c0049c8e0 JavaThread "Attach Listener" daemon [_thread_blocked, id=14232, stack(0x0000009636400000,0x0000009636500000)]
  0x0000027c0049d1a0 JavaThread "Service Thread" daemon [_thread_blocked, id=6252, stack(0x0000009636500000,0x0000009636600000)]
  0x0000027c0049da60 JavaThread "Monitor Deflation Thread" daemon [_thread_blocked, id=1736, stack(0x0000009636600000,0x0000009636700000)]
  0x0000027c0049f600 JavaThread "C2 CompilerThread0" daemon [_thread_blocked, id=13284, stack(0x0000009636700000,0x0000009636800000)]
  0x0000027c7e978e70 JavaThread "C1 CompilerThread0" daemon [_thread_blocked, id=12696, stack(0x0000009636800000,0x0000009636900000)]
  0x0000027c004cdf10 JavaThread "Sweeper thread" daemon [_thread_blocked, id=8740, stack(0x0000009636900000,0x0000009636a00000)]
  0x0000027c005cb560 JavaThread "Common-Cleaner" daemon [_thread_blocked, id=13288, stack(0x0000009636a00000,0x0000009636b00000)]
  0x0000027c0079b820 JavaThread "Notification Thread" daemon [_thread_blocked, id=14508, stack(0x0000009636b00000,0x0000009636c00000)]
  0x0000027c01a412d0 JavaThread "Active Thread: Equinox Container: 5868e554-9c02-47fc-831e-bb266e86da5b" [_thread_blocked, id=14764, stack(0x0000009637500000,0x0000009637600000)]
  0x0000027c0266c4f0 JavaThread "Framework Event Dispatcher: Equinox Container: 5868e554-9c02-47fc-831e-bb266e86da5b" daemon [_thread_blocked, id=7604, stack(0x0000009637600000,0x0000009637700000)]
  0x0000027c027a9b50 JavaThread "Start Level: Equinox Container: 5868e554-9c02-47fc-831e-bb266e86da5b" daemon [_thread_blocked, id=15060, stack(0x0000009637700000,0x0000009637800000)]
  0x0000027c026dd610 JavaThread "SCR Component Actor" daemon [_thread_blocked, id=5916, stack(0x0000009637800000,0x0000009637900000)]
  0x0000027c02bf5980 JavaThread "SCR Component Registry" daemon [_thread_blocked, id=6284, stack(0x0000009637a00000,0x0000009637b00000)]
  0x0000027c0061ea20 JavaThread "C2 CompilerThread1" daemon [_thread_in_native, id=7940, stack(0x0000009637300000,0x0000009637400000)]
  0x0000027c02cd2510 JavaThread "Worker-JM" [_thread_blocked, id=15804, stack(0x0000009637400000,0x0000009637500000)]
  0x0000027c02d52ff0 JavaThread "Worker-0: Loading available Gradle versions" [_thread_in_native, id=2332, stack(0x0000009637b00000,0x0000009637c00000)]
  0x0000027c02d033f0 JavaThread "Worker-1" [_thread_blocked, id=9776, stack(0x0000009637c00000,0x0000009637d00000)]
  0x0000027c02d02f20 JavaThread "Java indexing" daemon [_thread_blocked, id=2928, stack(0x0000009637d00000,0x0000009637e00000)]
=>0x0000027c0061ef30 JavaThread "C2 CompilerThread2" daemon [_thread_in_native, id=13760, stack(0x0000009637e00000,0x0000009637f00000)]
  0x0000027c02d020b0 JavaThread "Worker-2" [_thread_blocked, id=10152, stack(0x0000009637f00000,0x0000009638000000)]
  0x0000027c02d02a50 JavaThread "JNA Cleaner" daemon [_thread_blocked, id=14560, stack(0x0000009638000000,0x0000009638100000)]
  0x0000027c02d038c0 JavaThread "pool-2-thread-1" [_thread_blocked, id=12336, stack(0x0000009638100000,0x0000009638200000)]
  0x0000027c02d03d90 JavaThread "pool-1-thread-1" [_thread_blocked, id=1080, stack(0x0000009638200000,0x0000009638300000)]
  0x0000027c02d04260 JavaThread "Worker-3: Initialize Workspace" [_thread_in_Java, id=3432, stack(0x0000009638300000,0x0000009638400000)]

Other Threads:
  0x0000027c68c6ecc0 VMThread "VM Thread" [stack: 0x0000009636000000,0x0000009636100000] [id=15424]
  0x0000027c0072d030 WatcherThread [stack: 0x0000009636c00000,0x0000009636d00000] [id=2476]
  0x0000027c68bb2900 GCTaskThread "GC Thread#0" [stack: 0x0000009635f00000,0x0000009636000000] [id=1372]
  0x0000027c018af2f0 GCTaskThread "GC Thread#1" [stack: 0x0000009636d00000,0x0000009636e00000] [id=16364]
  0x0000027c018b69c0 GCTaskThread "GC Thread#2" [stack: 0x0000009636e00000,0x0000009636f00000] [id=5268]
  0x0000027c018b6c70 GCTaskThread "GC Thread#3" [stack: 0x0000009636f00000,0x0000009637000000] [id=9948]
  0x0000027c01b24430 GCTaskThread "GC Thread#4" [stack: 0x0000009637000000,0x0000009637100000] [id=7984]
  0x0000027c01b246e0 GCTaskThread "GC Thread#5" [stack: 0x0000009637100000,0x0000009637200000] [id=13100]
  0x0000027c01b17840 GCTaskThread "GC Thread#6" [stack: 0x0000009637200000,0x0000009637300000] [id=10088]
  0x0000027c02972d50 GCTaskThread "GC Thread#7" [stack: 0x0000009637900000,0x0000009637a00000] [id=13864]

Threads with active compile tasks:
C2 CompilerThread0     8453 4433       4       java.util.concurrent.ConcurrentHashMap$Traverser::advance (188 bytes)
C2 CompilerThread1     8453 4126       4       com.google.inject.TypeLiteral::<init> (43 bytes)
C2 CompilerThread2     8453 4018   !   4       org.eclipse.osgi.internal.loader.BundleLoader::findClass0 (466 bytes)

VM state: not at safepoint (normal execution)

VM Mutex/Monitor currently owned by a thread: None

Heap address: 0x00000000c0000000, size: 1024 MB, Compressed Oops mode: 32-bit

CDS archive(s) not mapped
Compressed class space mapped at: 0x0000000100000000-0x0000000140000000, reserved size: 1073741824
Narrow klass base: 0x0000000000000000, Narrow klass shift: 3, Narrow klass range: 0x140000000

GC Precious Log:
 CPUs: 8 total, 8 available
 Memory: 7103M
 Large Page Support: Disabled
 NUMA Support: Disabled
 Compressed Oops: Enabled (32-bit)
 Alignments: Space 512K, Generation 512K, Heap 2M
 Heap Min Capacity: 100M
 Heap Initial Capacity: 100M
 Heap Max Capacity: 1G
 Pre-touch: Disabled
 Parallel Workers: 8

Heap:
 PSYoungGen      total 23040K, used 22650K [0x00000000eab00000, 0x00000000ec580000, 0x0000000100000000)
  eden space 22016K, 98% used [0x00000000eab00000,0x00000000ec01ea28,0x00000000ec080000)
  from space 1024K, 100% used [0x00000000ec400000,0x00000000ec500000,0x00000000ec500000)
  to   space 2560K, 0% used [0x00000000ec080000,0x00000000ec080000,0x00000000ec300000)
 ParOldGen       total 68608K, used 14184K [0x00000000c0000000, 0x00000000c4300000, 0x00000000eab00000)
  object space 68608K, 20% used [0x00000000c0000000,0x00000000c0dda048,0x00000000c4300000)
 Metaspace       used 46198K, committed 47040K, reserved 1097728K
  class space    used 5004K, committed 5376K, reserved 1048576K

Card table byte_map: [0x0000027c7c1f0000,0x0000027c7c400000] _byte_map_base: 0x0000027c7bbf0000

Marking Bits: (ParMarkBitMap*) 0x00007ffce1ba3e70
 Begin Bits: [0x0000027c7c560000, 0x0000027c7d560000)
 End Bits:   [0x0000027c7d560000, 0x0000027c7e560000)

Polling page: 0x0000027c68c70000

Metaspace:

Usage:
  Non-class:     40.23 MB used.
      Class:      4.89 MB used.
       Both:     45.12 MB used.

Virtual space:
  Non-class space:       48.00 MB reserved,      40.69 MB ( 85%) committed,  6 nodes.
      Class space:        1.00 GB reserved,       5.25 MB ( <1%) committed,  1 nodes.
             Both:        1.05 GB reserved,      45.94 MB (  4%) committed. 

Chunk freelists:
   Non-Class:  2.66 MB
       Class:  2.56 MB
        Both:  5.22 MB

MaxMetaspaceSize: unlimited
CompressedClassSpaceSize: 1.00 GB
Initial GC threshold: 21.00 MB
Current GC threshold: 58.38 MB
CDS: off
MetaspaceReclaimPolicy: balanced
 - commit_granule_bytes: 65536.
 - commit_granule_words: 8192.
 - virtual_space_node_default_size: 1048576.
 - enlarge_chunks_in_place: 1.
 - new_chunks_are_fully_committed: 0.
 - uncommit_free_chunks: 1.
 - use_allocation_guard: 0.
 - handle_deallocations: 1.


Internal statistics:

num_allocs_failed_limit: 8.
num_arena_births: 596.
num_arena_deaths: 14.
num_vsnodes_births: 7.
num_vsnodes_deaths: 0.
num_space_committed: 735.
num_space_uncommitted: 0.
num_chunks_returned_to_freelist: 22.
num_chunks_taken_from_freelist: 2305.
num_chunk_merges: 12.
num_chunk_splits: 1420.
num_chunks_enlarged: 790.
num_purges: 2.
num_inconsistent_stats: 0.

CodeHeap 'non-profiled nmethods': size=120000Kb used=2221Kb max_used=2221Kb free=117778Kb
 bounds [0x0000027c74ad0000, 0x0000027c74d40000, 0x0000027c7c000000]
CodeHeap 'profiled nmethods': size=120000Kb used=9124Kb max_used=9124Kb free=110875Kb
 bounds [0x0000027c6d000000, 0x0000027c6d8f0000, 0x0000027c74530000]
CodeHeap 'non-nmethods': size=5760Kb used=1279Kb max_used=1350Kb free=4480Kb
 bounds [0x0000027c74530000, 0x0000027c747a0000, 0x0000027c74ad0000]
 total_blobs=5030 nmethods=4428 adapters=516
 compilation: enabled
              stopped_count=0, restarted_count=0
 full_count=0

Compilation events (20 events):
Event: 8.365 Thread 0x0000027c0061ea20 4326 %     4       java.util.Arrays::hashCode @ 16 (44 bytes)
Event: 8.366 Thread 0x0000027c7e978e70 4327       3       java.lang.invoke.MethodType::methodType (7 bytes)
Event: 8.366 Thread 0x0000027c7e978e70 nmethod 4327 0x0000027c6d8ab190 code [0x0000027c6d8ab320, 0x0000027c6d8ab448]
Event: 8.366 Thread 0x0000027c7e978e70 4328       3       sun.security.util.DerValue::isContextSpecific (20 bytes)
Event: 8.366 Thread 0x0000027c7e978e70 nmethod 4328 0x0000027c6d8ab510 code [0x0000027c6d8ab6a0, 0x0000027c6d8ab818]
Event: 8.367 Thread 0x0000027c7e978e70 4330       1       sun.util.calendar.CalendarDate::getDayOfMonth (5 bytes)
Event: 8.367 Thread 0x0000027c7e978e70 nmethod 4330 0x0000027c74cefc90 code [0x0000027c74cefe20, 0x0000027c74cefef8]
Event: 8.367 Thread 0x0000027c7e978e70 4331       3       sun.security.util.ObjectIdentifier::toString (287 bytes)
Event: 8.369 Thread 0x0000027c7e978e70 nmethod 4331 0x0000027c6d8ab890 code [0x0000027c6d8abc20, 0x0000027c6d8ad048]
Event: 8.369 Thread 0x0000027c7e978e70 4334       3       jdk.internal.event.Event::<init> (5 bytes)
Event: 8.370 Thread 0x0000027c7e978e70 nmethod 4334 0x0000027c6d8ad890 code [0x0000027c6d8ada20, 0x0000027c6d8adb78]
Event: 8.370 Thread 0x0000027c7e978e70 4332       3       java.security.Provider::ensureLegacyParsed (123 bytes)
Event: 8.372 Thread 0x0000027c0049f600 

Event: 8.372 Thread 0x0000027c7e978e70 nmethod 4332 0x0000027c6d8adc10 code [0x0000027c6d8ade80, 0x0000027c6d8aeb88]
Event: 8.372 Thread 0x0000027c7e978e70 4333       3       sun.security.x509.X509CertInfo::get (289 bytes)
Event: 8.372 Thread 0x0000027c0049f600 4329       4       java.util.TreeMap::put (221 bytes)
Event: 8.374 Thread 0x0000027c0061ea20 nmethod 4326% 0x0000027c74ceff90 code [0x0000027c74cf0100, 0x0000027c74cf0338]
Event: 8.374 Thread 0x0000027c0061ea20 4261       4       java.util.Arrays::asList (9 bytes)
Event: 8.375 Thread 0x0000027c7e978e70 nmethod 4333 0x0000027c6d8aee90 code [0x0000027c6d8af2e0, 0x0000027c6d8b0cc8]
Event: 8.375 Thread 0x0000027c7e978e70 4335       3       java.lang.invoke.MethodHandles$Lookup::resolveOrFail (44 bytes)

GC Heap History (20 events):
Event: 3.929 GC heap before
{Heap before GC invocations=5 (full 1):
 PSYoungGen      total 29696K, used 4078K [0x00000000eab00000, 0x00000000ecc00000, 0x0000000100000000)
  eden space 25600K, 0% used [0x00000000eab00000,0x00000000eab00000,0x00000000ec400000)
  from space 4096K, 99% used [0x00000000ec800000,0x00000000ecbfb8f8,0x00000000ecc00000)
  to   space 4096K, 0% used [0x00000000ec400000,0x00000000ec400000,0x00000000ec800000)
 ParOldGen       total 68608K, used 4250K [0x00000000c0000000, 0x00000000c4300000, 0x00000000eab00000)
  object space 68608K, 6% used [0x00000000c0000000,0x00000000c0426b48,0x00000000c4300000)
 Metaspace       used 21055K, committed 21504K, reserved 1073152K
  class space    used 2123K, committed 2368K, reserved 1048576K
}
Event: 3.960 GC heap after
{Heap after GC invocations=5 (full 1):
 PSYoungGen      total 29696K, used 0K [0x00000000eab00000, 0x00000000ecc00000, 0x0000000100000000)
  eden space 25600K, 0% used [0x00000000eab00000,0x00000000eab00000,0x00000000ec400000)
  from space 4096K, 0% used [0x00000000ec800000,0x00000000ec800000,0x00000000ecc00000)
  to   space 4096K, 0% used [0x00000000ec400000,0x00000000ec400000,0x00000000ec800000)
 ParOldGen       total 68608K, used 8161K [0x00000000c0000000, 0x00000000c4300000, 0x00000000eab00000)
  object space 68608K, 11% used [0x00000000c0000000,0x00000000c07f8428,0x00000000c4300000)
 Metaspace       used 21042K, committed 21504K, reserved 1073152K
  class space    used 2119K, committed 2368K, reserved 1048576K
}
Event: 4.485 GC heap before
{Heap before GC invocations=6 (full 1):
 PSYoungGen      total 29696K, used 25583K [0x00000000eab00000, 0x00000000ecc00000, 0x0000000100000000)
  eden space 25600K, 99% used [0x00000000eab00000,0x00000000ec3fbc28,0x00000000ec400000)
  from space 4096K, 0% used [0x00000000ec800000,0x00000000ec800000,0x00000000ecc00000)
  to   space 4096K, 0% used [0x00000000ec400000,0x00000000ec400000,0x00000000ec800000)
 ParOldGen       total 68608K, used 8161K [0x00000000c0000000, 0x00000000c4300000, 0x00000000eab00000)
  object space 68608K, 11% used [0x00000000c0000000,0x00000000c07f8428,0x00000000c4300000)
 Metaspace       used 24271K, committed 24896K, reserved 1073152K
  class space    used 2542K, committed 2816K, reserved 1048576K
}
Event: 4.489 GC heap after
{Heap after GC invocations=6 (full 1):
 PSYoungGen      total 27136K, used 1974K [0x00000000eab00000, 0x00000000ec980000, 0x0000000100000000)
  eden space 25088K, 0% used [0x00000000eab00000,0x00000000eab00000,0x00000000ec380000)
  from space 2048K, 96% used [0x00000000ec400000,0x00000000ec5ed980,0x00000000ec600000)
  to   space 3072K, 0% used [0x00000000ec680000,0x00000000ec680000,0x00000000ec980000)
 ParOldGen       total 68608K, used 8169K [0x00000000c0000000, 0x00000000c4300000, 0x00000000eab00000)
  object space 68608K, 11% used [0x00000000c0000000,0x00000000c07fa428,0x00000000c4300000)
 Metaspace       used 24271K, committed 24896K, reserved 1073152K
  class space    used 2542K, committed 2816K, reserved 1048576K
}
Event: 4.838 GC heap before
{Heap before GC invocations=7 (full 1):
 PSYoungGen      total 27136K, used 27062K [0x00000000eab00000, 0x00000000ec980000, 0x0000000100000000)
  eden space 25088K, 100% used [0x00000000eab00000,0x00000000ec380000,0x00000000ec380000)
  from space 2048K, 96% used [0x00000000ec400000,0x00000000ec5ed980,0x00000000ec600000)
  to   space 3072K, 0% used [0x00000000ec680000,0x00000000ec680000,0x00000000ec980000)
 ParOldGen       total 68608K, used 8169K [0x00000000c0000000, 0x00000000c4300000, 0x00000000eab00000)
  object space 68608K, 11% used [0x00000000c0000000,0x00000000c07fa428,0x00000000c4300000)
 Metaspace       used 27731K, committed 28480K, reserved 1081344K
  class space    used 2804K, committed 3136K, reserved 1048576K
}
Event: 4.840 GC heap after
{Heap after GC invocations=7 (full 1):
 PSYoungGen      total 27136K, used 2272K [0x00000000eab00000, 0x00000000ec900000, 0x0000000100000000)
  eden space 24576K, 0% used [0x00000000eab00000,0x00000000eab00000,0x00000000ec300000)
  from space 2560K, 88% used [0x00000000ec680000,0x00000000ec8b81c8,0x00000000ec900000)
  to   space 2560K, 0% used [0x00000000ec400000,0x00000000ec400000,0x00000000ec680000)
 ParOldGen       total 68608K, used 8177K [0x00000000c0000000, 0x00000000c4300000, 0x00000000eab00000)
  object space 68608K, 11% used [0x00000000c0000000,0x00000000c07fc428,0x00000000c4300000)
 Metaspace       used 27731K, committed 28480K, reserved 1081344K
  class space    used 2804K, committed 3136K, reserved 1048576K
}
Event: 5.128 GC heap before
{Heap before GC invocations=8 (full 1):
 PSYoungGen      total 27136K, used 26848K [0x00000000eab00000, 0x00000000ec900000, 0x0000000100000000)
  eden space 24576K, 100% used [0x00000000eab00000,0x00000000ec300000,0x00000000ec300000)
  from space 2560K, 88% used [0x00000000ec680000,0x00000000ec8b81c8,0x00000000ec900000)
  to   space 2560K, 0% used [0x00000000ec400000,0x00000000ec400000,0x00000000ec680000)
 ParOldGen       total 68608K, used 8177K [0x00000000c0000000, 0x00000000c4300000, 0x00000000eab00000)
  object space 68608K, 11% used [0x00000000c0000000,0x00000000c07fc428,0x00000000c4300000)
 Metaspace       used 30578K, committed 31232K, reserved 1081344K
  class space    used 3035K, committed 3328K, reserved 1048576K
}
Event: 5.130 GC heap after
{Heap after GC invocations=8 (full 1):
 PSYoungGen      total 26624K, used 2546K [0x00000000eab00000, 0x00000000ec880000, 0x0000000100000000)
  eden space 24064K, 0% used [0x00000000eab00000,0x00000000eab00000,0x00000000ec280000)
  from space 2560K, 99% used [0x00000000ec400000,0x00000000ec67c918,0x00000000ec680000)
  to   space 2048K, 0% used [0x00000000ec680000,0x00000000ec680000,0x00000000ec880000)
 ParOldGen       total 68608K, used 8361K [0x00000000c0000000, 0x00000000c4300000, 0x00000000eab00000)
  object space 68608K, 12% used [0x00000000c0000000,0x00000000c082a428,0x00000000c4300000)
 Metaspace       used 30578K, committed 31232K, reserved 1081344K
  class space    used 3035K, committed 3328K, reserved 1048576K
}
Event: 5.891 GC heap before
{Heap before GC invocations=9 (full 1):
 PSYoungGen      total 26624K, used 26610K [0x00000000eab00000, 0x00000000ec880000, 0x0000000100000000)
  eden space 24064K, 100% used [0x00000000eab00000,0x00000000ec280000,0x00000000ec280000)
  from space 2560K, 99% used [0x00000000ec400000,0x00000000ec67c918,0x00000000ec680000)
  to   space 2048K, 0% used [0x00000000ec680000,0x00000000ec680000,0x00000000ec880000)
 ParOldGen       total 68608K, used 8361K [0x00000000c0000000, 0x00000000c4300000, 0x00000000eab00000)
  object space 68608K, 12% used [0x00000000c0000000,0x00000000c082a428,0x00000000c4300000)
 Metaspace       used 34879K, committed 35648K, reserved 1081344K
  class space    used 3566K, committed 3968K, reserved 1048576K
}
Event: 5.895 GC heap after
{Heap after GC invocations=9 (full 1):
 PSYoungGen      total 25600K, used 2031K [0x00000000eab00000, 0x00000000ecb00000, 0x0000000100000000)
  eden space 23552K, 0% used [0x00000000eab00000,0x00000000eab00000,0x00000000ec200000)
  from space 2048K, 99% used [0x00000000ec680000,0x00000000ec87bc48,0x00000000ec880000)
  to   space 4608K, 0% used [0x00000000ec200000,0x00000000ec200000,0x00000000ec680000)
 ParOldGen       total 68608K, used 10291K [0x00000000c0000000, 0x00000000c4300000, 0x00000000eab00000)
  object space 68608K, 15% used [0x00000000c0000000,0x00000000c0a0ced0,0x00000000c4300000)
 Metaspace       used 34879K, committed 35648K, reserved 1081344K
  class space    used 3566K, committed 3968K, reserved 1048576K
}
Event: 5.910 GC heap before
{Heap before GC invocations=10 (full 1):
 PSYoungGen      total 25600K, used 3496K [0x00000000eab00000, 0x00000000ecb00000, 0x0000000100000000)
  eden space 23552K, 6% used [0x00000000eab00000,0x00000000eac6e5a0,0x00000000ec200000)
  from space 2048K, 99% used [0x00000000ec680000,0x00000000ec87bc48,0x00000000ec880000)
  to   space 4608K, 0% used [0x00000000ec200000,0x00000000ec200000,0x00000000ec680000)
 ParOldGen       total 68608K, used 10291K [0x00000000c0000000, 0x00000000c4300000, 0x00000000eab00000)
  object space 68608K, 15% used [0x00000000c0000000,0x00000000c0a0ced0,0x00000000c4300000)
 Metaspace       used 35053K, committed 35840K, reserved 1081344K
  class space    used 3590K, committed 4032K, reserved 1048576K
}
Event: 5.912 GC heap after
{Heap after GC invocations=10 (full 1):
 PSYoungGen      total 25088K, used 1274K [0x00000000eab00000, 0x00000000ec700000, 0x0000000100000000)
  eden space 23552K, 0% used [0x00000000eab00000,0x00000000eab00000,0x00000000ec200000)
  from space 1536K, 82% used [0x00000000ec200000,0x00000000ec33e800,0x00000000ec380000)
  to   space 2560K, 0% used [0x00000000ec480000,0x00000000ec480000,0x00000000ec700000)
 ParOldGen       total 68608K, used 11357K [0x00000000c0000000, 0x00000000c4300000, 0x00000000eab00000)
  object space 68608K, 16% used [0x00000000c0000000,0x00000000c0b17458,0x00000000c4300000)
 Metaspace       used 35053K, committed 35840K, reserved 1081344K
  class space    used 3590K, committed 4032K, reserved 1048576K
}
Event: 5.912 GC heap before
{Heap before GC invocations=11 (full 2):
 PSYoungGen      total 25088K, used 1274K [0x00000000eab00000, 0x00000000ec700000, 0x0000000100000000)
  eden space 23552K, 0% used [0x00000000eab00000,0x00000000eab00000,0x00000000ec200000)
  from space 1536K, 82% used [0x00000000ec200000,0x00000000ec33e800,0x00000000ec380000)
  to   space 2560K, 0% used [0x00000000ec480000,0x00000000ec480000,0x00000000ec700000)
 ParOldGen       total 68608K, used 11357K [0x00000000c0000000, 0x00000000c4300000, 0x00000000eab00000)
  object space 68608K, 16% used [0x00000000c0000000,0x00000000c0b17458,0x00000000c4300000)
 Metaspace       used 35053K, committed 35840K, reserved 1081344K
  class space    used 3590K, committed 4032K, reserved 1048576K
}
Event: 5.947 GC heap after
{Heap after GC invocations=11 (full 2):
 PSYoungGen      total 25088K, used 0K [0x00000000eab00000, 0x00000000ec700000, 0x0000000100000000)
  eden space 23552K, 0% used [0x00000000eab00000,0x00000000eab00000,0x00000000ec200000)
  from space 1536K, 0% used [0x00000000ec200000,0x00000000ec200000,0x00000000ec380000)
  to   space 2560K, 0% used [0x00000000ec480000,0x00000000ec480000,0x00000000ec700000)
 ParOldGen       total 68608K, used 12259K [0x00000000c0000000, 0x00000000c4300000, 0x00000000eab00000)
  object space 68608K, 17% used [0x00000000c0000000,0x00000000c0bf8cc8,0x00000000c4300000)
 Metaspace       used 35053K, committed 35840K, reserved 1081344K
  class space    used 3590K, committed 4032K, reserved 1048576K
}
Event: 6.648 GC heap before
{Heap before GC invocations=12 (full 2):
 PSYoungGen      total 25088K, used 23552K [0x00000000eab00000, 0x00000000ec700000, 0x0000000100000000)
  eden space 23552K, 100% used [0x00000000eab00000,0x00000000ec200000,0x00000000ec200000)
  from space 1536K, 0% used [0x00000000ec200000,0x00000000ec200000,0x00000000ec380000)
  to   space 2560K, 0% used [0x00000000ec480000,0x00000000ec480000,0x00000000ec700000)
 ParOldGen       total 68608K, used 12259K [0x00000000c0000000, 0x00000000c4300000, 0x00000000eab00000)
  object space 68608K, 17% used [0x00000000c0000000,0x00000000c0bf8cc8,0x00000000c4300000)
 Metaspace       used 37611K, committed 38528K, reserved 1089536K
  class space    used 3933K, committed 4352K, reserved 1048576K
}
Event: 6.650 GC heap after
{Heap after GC invocations=12 (full 2):
 PSYoungGen      total 24064K, used 864K [0x00000000eab00000, 0x00000000ec580000, 0x0000000100000000)
  eden space 23040K, 0% used [0x00000000eab00000,0x00000000eab00000,0x00000000ec180000)
  from space 1024K, 84% used [0x00000000ec480000,0x00000000ec558000,0x00000000ec580000)
  to   space 1536K, 0% used [0x00000000ec280000,0x00000000ec280000,0x00000000ec400000)
 ParOldGen       total 68608K, used 12267K [0x00000000c0000000, 0x00000000c4300000, 0x00000000eab00000)
  object space 68608K, 17% used [0x00000000c0000000,0x00000000c0bfacc8,0x00000000c4300000)
 Metaspace       used 37611K, committed 38528K, reserved 1089536K
  class space    used 3933K, committed 4352K, reserved 1048576K
}
Event: 7.317 GC heap before
{Heap before GC invocations=13 (full 2):
 PSYoungGen      total 24064K, used 23904K [0x00000000eab00000, 0x00000000ec580000, 0x0000000100000000)
  eden space 23040K, 100% used [0x00000000eab00000,0x00000000ec180000,0x00000000ec180000)
  from space 1024K, 84% used [0x00000000ec480000,0x00000000ec558000,0x00000000ec580000)
  to   space 1536K, 0% used [0x00000000ec280000,0x00000000ec280000,0x00000000ec400000)
 ParOldGen       total 68608K, used 12267K [0x00000000c0000000, 0x00000000c4300000, 0x00000000eab00000)
  object space 68608K, 17% used [0x00000000c0000000,0x00000000c0bfacc8,0x00000000c4300000)
 Metaspace       used 40644K, committed 41600K, reserved 1089536K
  class space    used 4318K, committed 4736K, reserved 1048576K
}
Event: 7.321 GC heap after
{Heap after GC invocations=13 (full 2):
 PSYoungGen      total 24064K, used 1105K [0x00000000eab00000, 0x00000000ec500000, 0x0000000100000000)
  eden space 22528K, 0% used [0x00000000eab00000,0x00000000eab00000,0x00000000ec100000)
  from space 1536K, 71% used [0x00000000ec280000,0x00000000ec394578,0x00000000ec400000)
  to   space 1024K, 0% used [0x00000000ec400000,0x00000000ec400000,0x00000000ec500000)
 ParOldGen       total 68608K, used 13019K [0x00000000c0000000, 0x00000000c4300000, 0x00000000eab00000)
  object space 68608K, 18% used [0x00000000c0000000,0x00000000c0cb6c10,0x00000000c4300000)
 Metaspace       used 40644K, committed 41600K, reserved 1089536K
  class space    used 4318K, committed 4736K, reserved 1048576K
}
Event: 8.045 GC heap before
{Heap before GC invocations=14 (full 2):
 PSYoungGen      total 24064K, used 23633K [0x00000000eab00000, 0x00000000ec500000, 0x0000000100000000)
  eden space 22528K, 100% used [0x00000000eab00000,0x00000000ec100000,0x00000000ec100000)
  from space 1536K, 71% used [0x00000000ec280000,0x00000000ec394578,0x00000000ec400000)
  to   space 1024K, 0% used [0x00000000ec400000,0x00000000ec400000,0x00000000ec500000)
 ParOldGen       total 68608K, used 13019K [0x00000000c0000000, 0x00000000c4300000, 0x00000000eab00000)
  object space 68608K, 18% used [0x00000000c0000000,0x00000000c0cb6c10,0x00000000c4300000)
 Metaspace       used 43399K, committed 44288K, reserved 1089536K
  class space    used 4688K, committed 5056K, reserved 1048576K
}
Event: 8.047 GC heap after
{Heap after GC invocations=14 (full 2):
 PSYoungGen      total 23040K, used 1024K [0x00000000eab00000, 0x00000000ec580000, 0x0000000100000000)
  eden space 22016K, 0% used [0x00000000eab00000,0x00000000eab00000,0x00000000ec080000)
  from space 1024K, 100% used [0x00000000ec400000,0x00000000ec500000,0x00000000ec500000)
  to   space 2560K, 0% used [0x00000000ec080000,0x00000000ec080000,0x00000000ec300000)
 ParOldGen       total 68608K, used 14184K [0x00000000c0000000, 0x00000000c4300000, 0x00000000eab00000)
  object space 68608K, 20% used [0x00000000c0000000,0x00000000c0dda048,0x00000000c4300000)
 Metaspace       used 43399K, committed 44288K, reserved 1089536K
  class space    used 4688K, committed 5056K, reserved 1048576K
}

Dll operation events (10 events):
Event: 0.015 Loaded shared library c:\Users\Elijahs Popuass\.vscode\extensions\redhat.java-1.16.0-win32-x64\jre\17.0.6-win32-x86_64\bin\java.dll
Event: 0.355 Loaded shared library c:\Users\Elijahs Popuass\.vscode\extensions\redhat.java-1.16.0-win32-x64\jre\17.0.6-win32-x86_64\bin\zip.dll
Event: 0.361 Loaded shared library C:\Users\Elijahs Popuass\.vscode\extensions\redhat.java-1.16.0-win32-x64\jre\17.0.6-win32-x86_64\bin\instrument.dll
Event: 0.402 Loaded shared library C:\Users\Elijahs Popuass\.vscode\extensions\redhat.java-1.16.0-win32-x64\jre\17.0.6-win32-x86_64\bin\net.dll
Event: 0.407 Loaded shared library C:\Users\Elijahs Popuass\.vscode\extensions\redhat.java-1.16.0-win32-x64\jre\17.0.6-win32-x86_64\bin\nio.dll
Event: 0.447 Loaded shared library C:\Users\Elijahs Popuass\.vscode\extensions\redhat.java-1.16.0-win32-x64\jre\17.0.6-win32-x86_64\bin\zip.dll
Event: 0.538 Loaded shared library C:\Users\Elijahs Popuass\.vscode\extensions\redhat.java-1.16.0-win32-x64\jre\17.0.6-win32-x86_64\bin\jimage.dll
Event: 0.763 Loaded shared library c:\Users\Elijahs Popuass\.vscode\extensions\redhat.java-1.16.0-win32-x64\jre\17.0.6-win32-x86_64\bin\verify.dll
Event: 2.930 Loaded shared library C:\Users\Elijahs Popuass\AppData\Roaming\Code\User\globalStorage\redhat.java\1.16.0\config_win\org.eclipse.equinox.launcher\org.eclipse.equinox.launcher.win32.win32.x86_64_1.2.700.v20221108-1024\eclipse_11801.dll
Event: 5.735 Loaded shared library C:\Users\Elijahs Popuass\AppData\Local\Temp\jna-270492545\jna11683703691986473920.dll

Deoptimization events (20 events):
Event: 8.018 Thread 0x0000027c02d03d90 DEOPT PACKING pc=0x0000027c6d325808 sp=0x00000096382fdfe0
Event: 8.018 Thread 0x0000027c02d03d90 DEOPT UNPACKING pc=0x0000027c74586e43 sp=0x00000096382fd4e8 mode 0
Event: 8.120 Thread 0x0000027c02d03d90 Uncommon trap: trap_request=0xffffff45 fr.pc=0x0000027c74ca679c relative=0x000000000000063c
Event: 8.120 Thread 0x0000027c02d03d90 Uncommon trap: reason=unstable_if action=reinterpret pc=0x0000027c74ca679c method=java.util.concurrent.locks.ReentrantReadWriteLock$Sync.tryReleaseShared(I)Z @ 129 c2
Event: 8.120 Thread 0x0000027c02d03d90 DEOPT PACKING pc=0x0000027c74ca679c sp=0x00000096382f9d20
Event: 8.120 Thread 0x0000027c02d033f0 Uncommon trap: trap_request=0xffffff45 fr.pc=0x0000027c74c1c838 relative=0x00000000000000b8
Event: 8.120 Thread 0x0000027c02d033f0 Uncommon trap: reason=unstable_if action=reinterpret pc=0x0000027c74c1c838 method=java.util.concurrent.locks.ReentrantReadWriteLock$Sync.tryReleaseShared(I)Z @ 9 c2
Event: 8.120 Thread 0x0000027c02d033f0 DEOPT PACKING pc=0x0000027c74c1c838 sp=0x0000009637cfe1a0
Event: 8.120 Thread 0x0000027c02d03d90 DEOPT UNPACKING pc=0x0000027c745866a3 sp=0x00000096382f9b28 mode 2
Event: 8.120 Thread 0x0000027c02d033f0 DEOPT UNPACKING pc=0x0000027c745866a3 sp=0x0000009637cfe120 mode 2
Event: 8.126 Thread 0x0000027c02d03d90 DEOPT PACKING pc=0x0000027c6d325808 sp=0x00000096382fdb50
Event: 8.126 Thread 0x0000027c02d03d90 DEOPT UNPACKING pc=0x0000027c74586e43 sp=0x00000096382fd058 mode 0
Event: 8.195 Thread 0x0000027c02d52ff0 Uncommon trap: trap_request=0xffffff45 fr.pc=0x0000027c74c2c4d8 relative=0x00000000000006d8
Event: 8.195 Thread 0x0000027c02d52ff0 Uncommon trap: reason=unstable_if action=reinterpret pc=0x0000027c74c2c4d8 method=java.util.HashMap.putVal(ILjava/lang/Object;Ljava/lang/Object;ZZ)Ljava/lang/Object; @ 236 c2
Event: 8.195 Thread 0x0000027c02d52ff0 DEOPT PACKING pc=0x0000027c74c2c4d8 sp=0x0000009637bfc630
Event: 8.195 Thread 0x0000027c02d52ff0 DEOPT UNPACKING pc=0x0000027c745866a3 sp=0x0000009637bfc5a8 mode 2
Event: 8.196 Thread 0x0000027c02d52ff0 Uncommon trap: trap_request=0xffffff45 fr.pc=0x0000027c74c176cc relative=0x000000000000048c
Event: 8.196 Thread 0x0000027c02d52ff0 Uncommon trap: reason=unstable_if action=reinterpret pc=0x0000027c74c176cc method=java.util.TreeMap.containsKey(Ljava/lang/Object;)Z @ 5 c2
Event: 8.196 Thread 0x0000027c02d52ff0 DEOPT PACKING pc=0x0000027c74c176cc sp=0x0000009637bfd200
Event: 8.196 Thread 0x0000027c02d52ff0 DEOPT UNPACKING pc=0x0000027c745866a3 sp=0x0000009637bfd1d0 mode 2

Classes unloaded (7 events):
Event: 3.934 Thread 0x0000027c68c6ecc0 Unloading class 0x000000010021a400 'java/lang/invoke/LambdaForm$MH+0x000000010021a400'
Event: 3.934 Thread 0x0000027c68c6ecc0 Unloading class 0x000000010021a000 'java/lang/invoke/LambdaForm$MH+0x000000010021a000'
Event: 3.934 Thread 0x0000027c68c6ecc0 Unloading class 0x0000000100219c00 'java/lang/invoke/LambdaForm$MH+0x0000000100219c00'
Event: 3.934 Thread 0x0000027c68c6ecc0 Unloading class 0x0000000100219800 'java/lang/invoke/LambdaForm$MH+0x0000000100219800'
Event: 3.934 Thread 0x0000027c68c6ecc0 Unloading class 0x0000000100219000 'java/lang/invoke/LambdaForm$BMH+0x0000000100219000'
Event: 3.935 Thread 0x0000027c68c6ecc0 Unloading class 0x0000000100218c00 'java/lang/invoke/LambdaForm$DMH+0x0000000100218c00'
Event: 3.935 Thread 0x0000027c68c6ecc0 Unloading class 0x0000000100216000 'java/lang/invoke/LambdaForm$DMH+0x0000000100216000'

Classes redefined (0 events):
No events

Internal exceptions (20 events):
Event: 5.162 Thread 0x0000027c027a9b50 Exception <a 'java/lang/NoSuchMethodError'{0x00000000eac73798}: 'java.lang.Object java.lang.invoke.DirectMethodHandle$Holder.invokeStaticInit(java.lang.Object, int, int, int, int)'> (0x00000000eac73798) 
thrown [s\src\hotspot\share\interpreter\linkResolver.cpp, line 759]
Event: 5.251 Thread 0x0000027c027a9b50 Exception <a 'java/lang/NoSuchMethodError'{0x00000000ead20cd8}: 'java.lang.Object java.lang.invoke.DirectMethodHandle$Holder.invokeStaticInit(java.lang.Object, java.lang.Object, int, int, int, int)'> (0x00000000ead20cd8) 
thrown [s\src\hotspot\share\interpreter\linkResolver.cpp, line 759]
Event: 5.355 Thread 0x0000027c027a9b50 Exception <a 'java/lang/ClassNotFoundException'{0x00000000eb043b00}: com/sun/org/apache/xml/internal/serializer/spi/XMLEntitiesProvider> (0x00000000eb043b00) 
thrown [s\src\hotspot\share\classfile\systemDictionary.cpp, line 256]
Event: 5.547 Thread 0x0000027c027a9b50 Exception <a 'java/io/FileNotFoundException'{0x00000000eb3b5e60}> (0x00000000eb3b5e60) 
thrown [s\src\hotspot\share\prims\jni.cpp, line 516]
Event: 5.793 Thread 0x0000027c027a9b50 Exception <a 'java/lang/UnsatisfiedLinkError'{0x00000000ebbff908}: Не найдена указанная процедура.
> (0x00000000ebbff908) 
thrown [s\src\hotspot\share\prims\jni.cpp, line 535]
Event: 5.801 Thread 0x0000027c027a9b50 Exception <a 'java/io/FileNotFoundException'{0x00000000ebca5578}> (0x00000000ebca5578) 
thrown [s\src\hotspot\share\prims\jni.cpp, line 516]
Event: 5.815 Thread 0x0000027c027a9b50 Exception <a 'java/io/FileNotFoundException'{0x00000000ebd99008}> (0x00000000ebd99008) 
thrown [s\src\hotspot\share\prims\jni.cpp, line 516]
Event: 5.835 Thread 0x0000027c027a9b50 Exception <a 'java/lang/UnsatisfiedLinkError'{0x00000000ebe89f50}: Не найдена указанная процедура.
> (0x00000000ebe89f50) 
thrown [s\src\hotspot\share\prims\jni.cpp, line 535]
Event: 5.861 Thread 0x0000027c68b9bf10 Exception <a 'sun/nio/fs/WindowsException'{0x00000000ec040d00}> (0x00000000ec040d00) 
thrown [s\src\hotspot\share\prims\jni.cpp, line 516]
Event: 6.068 Thread 0x0000027c68b9bf10 Exception <a 'java/lang/NoSuchMethodError'{0x00000000eb07ed18}: 'java.lang.Object java.lang.invoke.DirectMethodHandle$Holder.invokeStatic(java.lang.Object, java.lang.Object, long, java.lang.Object)'> (0x00000000eb07ed18) 
thrown [s\src\hotspot\share\interpreter\linkResolver.cpp, line 759]
Event: 6.068 Thread 0x0000027c68b9bf10 Exception <a 'java/lang/NoSuchMethodError'{0x00000000eb0827b0}: 'java.lang.Object java.lang.invoke.DirectMethodHandle$Holder.invokeStaticInit(java.lang.Object, java.lang.Object, long, java.lang.Object)'> (0x00000000eb0827b0) 
thrown [s\src\hotspot\share\interpreter\linkResolver.cpp, line 759]
Event: 6.070 Thread 0x0000027c68b9bf10 Exception <a 'java/lang/NoSuchMethodError'{0x00000000eb088dc0}: 'java.lang.Object java.lang.invoke.DirectMethodHandle$Holder.newInvokeSpecial(java.lang.Object, java.lang.Object, long)'> (0x00000000eb088dc0) 
thrown [s\src\hotspot\share\interpreter\linkResolver.cpp, line 759]
Event: 6.070 Thread 0x0000027c68b9bf10 Exception <a 'java/lang/NoSuchMethodError'{0x00000000eb0a1ab8}: 'java.lang.Object java.lang.invoke.Invokers$Holder.linkToTargetMethod(java.lang.Object, long, java.lang.Object)'> (0x00000000eb0a1ab8) 
thrown [s\src\hotspot\share\interpreter\linkResolver.cpp, line 759]
Event: 6.118 Thread 0x0000027c02d033f0 Exception <a 'java/lang/NoClassDefFoundError'{0x00000000eb17ddc0}: javax/enterprise/inject/Typed> (0x00000000eb17ddc0) 
thrown [s\src\hotspot\share\classfile\systemDictionary.cpp, line 245]
Event: 6.317 Thread 0x0000027c68b9bf10 Exception <a 'java/lang/NoSuchMethodError'{0x00000000eb560ca0}: 'void java.lang.invoke.DirectMethodHandle$Holder.invokeStatic(java.lang.Object, java.lang.Object, java.lang.Object, java.lang.Object)'> (0x00000000eb560ca0) 
thrown [s\src\hotspot\share\interpreter\linkResolver.cpp, line 759]
Event: 6.908 Thread 0x0000027c68b9bf10 Exception <a 'java/lang/NoSuchMethodError'{0x00000000eb367170}: 'void java.lang.invoke.DirectMethodHandle$Holder.invokeSpecial(java.lang.Object, java.lang.Object, java.lang.Object, java.lang.Object, java.lang.Object, java.lang.Object)'> (0x00000000eb367170) 
thrown [s\src\hotspot\share\interpreter\linkResolver.cpp, line 759]
Event: 6.913 Thread 0x0000027c68b9bf10 Exception <a 'java/lang/IncompatibleClassChangeError'{0x00000000eb36fd98}: Found class java.lang.Object, but interface was expected> (0x00000000eb36fd98) 
thrown [s\src\hotspot\share\interpreter\linkResolver.cpp, line 826]
Event: 7.215 Thread 0x0000027c02d03d90 Exception <a 'java/io/FileNotFoundException'{0x00000000ec007228}> (0x00000000ec007228) 
thrown [s\src\hotspot\share\prims\jni.cpp, line 516]
Event: 7.973 Thread 0x0000027c02d033f0 Exception <a 'java/lang/NoClassDefFoundError'{0x00000000ebe30f08}: com/google/inject/servlet/ServletModuleTargetVisitor> (0x00000000ebe30f08) 
thrown [s\src\hotspot\share\classfile\systemDictionary.cpp, line 245]
Event: 8.222 Thread 0x0000027c02d52ff0 Exception <a 'sun/nio/fs/WindowsException'{0x00000000eb293f08}> (0x00000000eb293f08) 
thrown [s\src\hotspot\share\prims\jni.cpp, line 516]

VM Operations (20 events):
Event: 6.427 Executing VM operation: HandshakeAllThreads
Event: 6.428 Executing VM operation: HandshakeAllThreads done
Event: 6.639 Executing VM operation: ParallelGCFailedAllocation
Event: 6.651 Executing VM operation: ParallelGCFailedAllocation done
Event: 7.140 Executing VM operation: HandshakeAllThreads
Event: 7.140 Executing VM operation: HandshakeAllThreads done
Event: 7.184 Executing VM operation: HandshakeAllThreads
Event: 7.184 Executing VM operation: HandshakeAllThreads done
Event: 7.237 Executing VM operation: HandshakeAllThreads
Event: 7.238 Executing VM operation: HandshakeAllThreads done
Event: 7.317 Executing VM operation: ParallelGCFailedAllocation
Event: 7.321 Executing VM operation: ParallelGCFailedAllocation done
Event: 7.824 Executing VM operation: HandshakeAllThreads
Event: 7.824 Executing VM operation: HandshakeAllThreads done
Event: 8.040 Executing VM operation: HandshakeAllThreads
Event: 8.041 Executing VM operation: HandshakeAllThreads done
Event: 8.044 Executing VM operation: ParallelGCFailedAllocation
Event: 8.047 Executing VM operation: ParallelGCFailedAllocation done
Event: 8.180 Executing VM operation: HandshakeAllThreads
Event: 8.180 Executing VM operation: HandshakeAllThreads done

Events (20 events):
Event: 8.332 loading class sun/security/provider/JavaKeyStore
Event: 8.333 loading class sun/security/provider/JavaKeyStore done
Event: 8.333 loading class sun/security/provider/JavaKeyStore$JKS done
Event: 8.334 loading class sun/security/action/OpenFileInputStreamAction
Event: 8.334 loading class sun/security/action/OpenFileInputStreamAction done
Event: 8.336 loading class sun/security/provider/JavaKeyStore$TrustedCertEntry
Event: 8.336 loading class sun/security/provider/JavaKeyStore$TrustedCertEntry done
Event: 8.342 loading class java/security/interfaces/ECPublicKey
Event: 8.342 loading class java/security/interfaces/ECPublicKey done
Event: 8.357 loading class sun/security/provider/MD5
Event: 8.359 loading class sun/security/provider/MD5 done
Event: 8.365 loading class sun/security/provider/ByteArrayAccess$LE
Event: 8.365 loading class sun/security/provider/ByteArrayAccess$LE done
Event: 8.369 loading class sun/security/x509/NetscapeCertTypeExtension
Event: 8.370 loading class sun/security/x509/NetscapeCertTypeExtension done
Event: 8.370 loading class sun/security/x509/NetscapeCertTypeExtension$MapEntry
Event: 8.373 loading class java/util/stream/MatchOps$MatchKind
Event: 8.373 loading class java/util/stream/MatchOps$MatchKind done
Event: 8.373 loading class sun/security/x509/NetscapeCertTypeExtension$MapEntry done
Event: 8.375 loading class java/util/stream/MatchOps


Dynamic libraries:
0x00007ff660a30000 - 0x00007ff660a3e000 	c:\Users\Elijahs Popuass\.vscode\extensions\redhat.java-1.16.0-win32-x64\jre\17.0.6-win32-x86_64\bin\java.exe
0x00007ffd59070000 - 0x00007ffd59268000 	C:\Windows\SYSTEM32\ntdll.dll
0x00007ffd57ca0000 - 0x00007ffd57d5d000 	C:\Windows\System32\KERNEL32.DLL
0x00007ffd56ce0000 - 0x00007ffd56fb2000 	C:\Windows\System32\KERNELBASE.dll
0x00007ffd56b50000 - 0x00007ffd56c50000 	C:\Windows\System32\ucrtbase.dll
0x00007ffd4aee0000 - 0x00007ffd4aef7000 	c:\Users\Elijahs Popuass\.vscode\extensions\redhat.java-1.16.0-win32-x64\jre\17.0.6-win32-x86_64\bin\jli.dll
0x00007ffd4aec0000 - 0x00007ffd4aed9000 	c:\Users\Elijahs Popuass\.vscode\extensions\redhat.java-1.16.0-win32-x64\jre\17.0.6-win32-x86_64\bin\VCRUNTIME140.dll
0x00007ffd58990000 - 0x00007ffd58b2d000 	C:\Windows\System32\USER32.dll
0x00007ffd56920000 - 0x00007ffd56942000 	C:\Windows\System32\win32u.dll
0x00007ffd3ec90000 - 0x00007ffd3ef2a000 	C:\Windows\WinSxS\amd64_microsoft.windows.common-controls_6595b64144ccf1df_6.0.19041.1110_none_60b5254171f9507e\COMCTL32.dll
0x00007ffd57d80000 - 0x00007ffd57e1e000 	C:\Windows\System32\msvcrt.dll
0x00007ffd57e20000 - 0x00007ffd57e4b000 	C:\Windows\System32\GDI32.dll
0x00007ffd56fc0000 - 0x00007ffd570cf000 	C:\Windows\System32\gdi32full.dll
0x00007ffd56ab0000 - 0x00007ffd56b4d000 	C:\Windows\System32\msvcp_win.dll
0x00007ffd58ec0000 - 0x00007ffd58ef0000 	C:\Windows\System32\IMM32.DLL
0x00007ffd50cd0000 - 0x00007ffd50cdc000 	c:\Users\Elijahs Popuass\.vscode\extensions\redhat.java-1.16.0-win32-x64\jre\17.0.6-win32-x86_64\bin\vcruntime140_1.dll
0x00007ffd02750000 - 0x00007ffd027e1000 	c:\Users\Elijahs Popuass\.vscode\extensions\redhat.java-1.16.0-win32-x64\jre\17.0.6-win32-x86_64\bin\msvcp140.dll
0x00007ffce1020000 - 0x00007ffce1c67000 	c:\Users\Elijahs Popuass\.vscode\extensions\redhat.java-1.16.0-win32-x64\jre\17.0.6-win32-x86_64\bin\server\jvm.dll
0x00007ffd57e50000 - 0x00007ffd57efe000 	C:\Windows\System32\ADVAPI32.dll
0x00007ffd57c00000 - 0x00007ffd57c9c000 	C:\Windows\System32\sechost.dll
0x00007ffd57260000 - 0x00007ffd57385000 	C:\Windows\System32\RPCRT4.dll
0x00007ffd52ba0000 - 0x00007ffd52bc7000 	C:\Windows\SYSTEM32\WINMM.dll
0x00007ffd4d180000 - 0x00007ffd4d18a000 	C:\Windows\SYSTEM32\VERSION.dll
0x00007ffd4aeb0000 - 0x00007ffd4aeb9000 	C:\Windows\SYSTEM32\WSOCK32.dll
0x00007ffd58430000 - 0x00007ffd5849b000 	C:\Windows\System32\ws2_32.DLL
0x00007ffd55020000 - 0x00007ffd55032000 	C:\Windows\SYSTEM32\kernel.appcore.dll
0x00007ffd46ce0000 - 0x00007ffd46cea000 	c:\Users\Elijahs Popuass\.vscode\extensions\redhat.java-1.16.0-win32-x64\jre\17.0.6-win32-x86_64\bin\jimage.dll
0x00007ffd54a80000 - 0x00007ffd54c64000 	C:\Windows\SYSTEM32\DBGHELP.DLL
0x00007ffd45100000 - 0x00007ffd4512c000 	C:\Windows\SYSTEM32\dbgcore.DLL
0x00007ffd56c50000 - 0x00007ffd56cd2000 	C:\Windows\System32\bcryptPrimitives.dll
0x00007ffd45d30000 - 0x00007ffd45d3e000 	c:\Users\Elijahs Popuass\.vscode\extensions\redhat.java-1.16.0-win32-x64\jre\17.0.6-win32-x86_64\bin\instrument.dll
0x00007ffd36300000 - 0x00007ffd36325000 	c:\Users\Elijahs Popuass\.vscode\extensions\redhat.java-1.16.0-win32-x64\jre\17.0.6-win32-x86_64\bin\java.dll
0x00007ffd44df0000 - 0x00007ffd44e08000 	c:\Users\Elijahs Popuass\.vscode\extensions\redhat.java-1.16.0-win32-x64\jre\17.0.6-win32-x86_64\bin\zip.dll
0x00007ffd574a0000 - 0x00007ffd57be3000 	C:\Windows\System32\SHELL32.dll
0x00007ffd54210000 - 0x00007ffd549a1000 	C:\Windows\SYSTEM32\windows.storage.dll
0x00007ffd58580000 - 0x00007ffd588d4000 	C:\Windows\System32\combase.dll
0x00007ffd56100000 - 0x00007ffd56130000 	C:\Windows\SYSTEM32\Wldp.dll
0x00007ffd588e0000 - 0x00007ffd5898d000 	C:\Windows\System32\SHCORE.dll
0x00007ffd58ef0000 - 0x00007ffd58f45000 	C:\Windows\System32\shlwapi.dll
0x00007ffd566c0000 - 0x00007ffd566df000 	C:\Windows\SYSTEM32\profapi.dll
0x00007ffd3fd60000 - 0x00007ffd3fd79000 	C:\Users\Elijahs Popuass\.vscode\extensions\redhat.java-1.16.0-win32-x64\jre\17.0.6-win32-x86_64\bin\net.dll
0x00007ffd46a00000 - 0x00007ffd46b0d000 	C:\Windows\SYSTEM32\WINHTTP.dll
0x00007ffd55e60000 - 0x00007ffd55eca000 	C:\Windows\system32\mswsock.dll
0x00007ffd3d7a0000 - 0x00007ffd3d7b5000 	C:\Users\Elijahs Popuass\.vscode\extensions\redhat.java-1.16.0-win32-x64\jre\17.0.6-win32-x86_64\bin\nio.dll
0x00007ffd35ed0000 - 0x00007ffd35ee0000 	c:\Users\Elijahs Popuass\.vscode\extensions\redhat.java-1.16.0-win32-x64\jre\17.0.6-win32-x86_64\bin\verify.dll
0x00007ffd16bd0000 - 0x00007ffd16c0e000 	C:\Users\Elijahs Popuass\AppData\Roaming\Code\User\globalStorage\redhat.java\1.16.0\config_win\org.eclipse.equinox.launcher\org.eclipse.equinox.launcher.win32.win32.x86_64_1.2.700.v20221108-1024\eclipse_11801.dll
0x00007ffd57130000 - 0x00007ffd5725a000 	C:\Windows\System32\ole32.dll
0x00007ffd56060000 - 0x00007ffd56078000 	C:\Windows\SYSTEM32\CRYPTSP.dll
0x00007ffd55780000 - 0x00007ffd557b4000 	C:\Windows\system32\rsaenh.dll
0x00007ffd56780000 - 0x00007ffd567a7000 	C:\Windows\System32\bcrypt.dll
0x00007ffd56680000 - 0x00007ffd566ae000 	C:\Windows\SYSTEM32\USERENV.dll
0x00007ffd56050000 - 0x00007ffd5605c000 	C:\Windows\SYSTEM32\CRYPTBASE.dll
0x00007ffd55b50000 - 0x00007ffd55b8b000 	C:\Windows\SYSTEM32\IPHLPAPI.DLL
0x00007ffd59020000 - 0x00007ffd59028000 	C:\Windows\System32\NSI.dll
0x00007ffd4dad0000 - 0x00007ffd4dae7000 	C:\Windows\SYSTEM32\dhcpcsvc6.DLL
0x00007ffd4e0a0000 - 0x00007ffd4e0bd000 	C:\Windows\SYSTEM32\dhcpcsvc.DLL
0x00007ffd55b90000 - 0x00007ffd55c5a000 	C:\Windows\SYSTEM32\DNSAPI.dll
0x00007ffd13700000 - 0x00007ffd13745000 	C:\Users\Elijahs Popuass\AppData\Local\Temp\jna-270492545\jna11683703691986473920.dll
0x00007ffd57bf0000 - 0x00007ffd57bf8000 	C:\Windows\System32\PSAPI.DLL

dbghelp: loaded successfully - version: 4.0.5 - missing functions: none
symbol engine: initialized successfully - sym options: 0x614 - pdb path: .;c:\Users\Elijahs Popuass\.vscode\extensions\redhat.java-1.16.0-win32-x64\jre\17.0.6-win32-x86_64\bin;C:\Windows\SYSTEM32;C:\Windows\WinSxS\amd64_microsoft.windows.common-controls_6595b64144ccf1df_6.0.19041.1110_none_60b5254171f9507e;c:\Users\Elijahs Popuass\.vscode\extensions\redhat.java-1.16.0-win32-x64\jre\17.0.6-win32-x86_64\bin\server;C:\Users\Elijahs Popuass\AppData\Roaming\Code\User\globalStorage\redhat.java\1.16.0\config_win\org.eclipse.equinox.launcher\org.eclipse.equinox.launcher.win32.win32.x86_64_1.2.700.v20221108-1024;C:\Users\Elijahs Popuass\AppData\Local\Temp\jna-270492545

VM Arguments:
jvm_args: --add-modules=ALL-SYSTEM --add-opens=java.base/java.util=ALL-UNNAMED --add-opens=java.base/java.lang=ALL-UNNAMED --add-opens=java.base/sun.nio.fs=ALL-UNNAMED -Declipse.application=org.eclipse.jdt.ls.core.id1 -Dosgi.bundles.defaultStartLevel=4 -Declipse.product=org.eclipse.jdt.ls.core.product -Djava.import.generatesMetadataFilesAtProjectRoot=false -Dfile.encoding=utf8 -XX:+UseParallelGC -XX:GCTimeRatio=4 -XX:AdaptiveSizePolicyWeight=90 -Dsun.zip.disableMemoryMapping=true -Xmx1G -Xms100m -Xlog:disable -javaagent:c:\Users\Elijahs Popuass\.vscode\extensions\redhat.java-1.16.0-win32-x64\lombok\lombok-1.18.24.jar -XX:+HeapDumpOnOutOfMemoryError -XX:HeapDumpPath=c:\Users\Elijahs Popuass\AppData\Roaming\Code\User\workspaceStorage\dc31ba102c27ac885a81f05e766e3ffc\redhat.java 
java_command: c:\Users\Elijahs Popuass\.vscode\extensions\redhat.java-1.16.0-win32-x64\server\plugins\org.eclipse.equinox.launcher_1.6.400.v20210924-0641.jar -configuration c:\Users\Elijahs Popuass\AppData\Roaming\Code\User\globalStorage\redhat.java\1.16.0\config_win -data c:\Users\Elijahs Popuass\AppData\Roaming\Code\User\workspaceStorage\dc31ba102c27ac885a81f05e766e3ffc\redhat.java\jdt_ws
java_class_path (initial): c:\Users\Elijahs Popuass\.vscode\extensions\redhat.java-1.16.0-win32-x64\server\plugins\org.eclipse.equinox.launcher_1.6.400.v20210924-0641.jar
Launcher Type: SUN_STANDARD

[Global flags]
    uintx AdaptiveSizePolicyWeight                 = 90                                        {product} {command line}
     intx CICompilerCount                          = 4                                         {product} {ergonomic}
    uintx GCTimeRatio                              = 4                                         {product} {command line}
     bool HeapDumpOnOutOfMemoryError               = true                                   {manageable} {command line}
    ccstr HeapDumpPath                             = c:\Users\Elijahs Popuass\AppData\Roaming\Code\User\workspaceStorage\dc31ba102c27ac885a81f05e766e3ffc\redhat.java         {manageable} {command line}
   size_t InitialHeapSize                          = 104857600                                 {product} {command line}
   size_t MaxHeapSize                              = 1073741824                                {product} {command line}
   size_t MaxNewSize                               = 357564416                                 {product} {ergonomic}
   size_t MinHeapDeltaBytes                        = 524288                                    {product} {ergonomic}
   size_t MinHeapSize                              = 104857600                                 {product} {command line}
   size_t NewSize                                  = 34603008                                  {product} {ergonomic}
    uintx NonNMethodCodeHeapSize                   = 5839372                                {pd product} {ergonomic}
    uintx NonProfiledCodeHeapSize                  = 122909434                              {pd product} {ergonomic}
   size_t OldSize                                  = 70254592                                  {product} {ergonomic}
    uintx ProfiledCodeHeapSize                     = 122909434                              {pd product} {ergonomic}
    uintx ReservedCodeCacheSize                    = 251658240                              {pd product} {ergonomic}
     bool SegmentedCodeCache                       = true                                      {product} {ergonomic}
   size_t SoftMaxHeapSize                          = 1073741824                             {manageable} {ergonomic}
     bool UseCompressedClassPointers               = true                           {product lp64_product} {ergonomic}
     bool UseCompressedOops                        = true                           {product lp64_product} {ergonomic}
     bool UseLargePagesIndividualAllocation        = false                                  {pd product} {ergonomic}
     bool UseParallelGC                            = true                                      {product} {command line}

Logging:
Log output configuration:
 #0: stdout all=off uptime,level,tags
 #1: stderr all=off uptime,level,tags

Environment Variables:
PATH=C:\Program Files\Common Files\Oracle\Java\javapath;C:\Program Files (x86)\Common Files\Oracle\Java\javapath;C:\Windows\system32;C:\Windows;C:\Windows\System32\Wbem;C:\Windows\System32\WindowsPowerShell\v1.0\;C:\Windows\System32\OpenSSH\;C:\Program Files\Git\cmd;C:\Program Files\nodejs\;C:\Users\Elijahs Popuass\AppData\Local\Microsoft\WindowsApps;;C:\Users\Elijahs Popuass\AppData\Local\Programs\Microsoft VS Code\bin;C:\Program Files\JetBrains\IntelliJ IDEA Community Edition 2023.1\bin;;C:\Users\Elijahs Popuass\AppData\Roaming\npm
USERNAME=Elijahs Popuass
OS=Windows_NT
PROCESSOR_IDENTIFIER=AMD64 Family 23 Model 24 Stepping 1, AuthenticAMD
TMP=C:\Users\ELIJAH~1\AppData\Local\Temp
TEMP=C:\Users\ELIJAH~1\AppData\Local\Temp



---------------  S Y S T E M  ---------------

OS:
 Windows 10 , 64 bit Build 19041 (10.0.19041.1889)
OS uptime: 0 days 18:04 hours

CPU: total 8 (initial active 8) (8 cores per cpu, 2 threads per core) family 23 model 24 stepping 1 microcode 0x0, cx8, cmov, fxsr, ht, mmx, 3dnowpref, sse, sse2, sse3, ssse3, sse4a, sse4.1, sse4.2, popcnt, lzcnt, tsc, tscinvbit, avx, avx2, aes, clmul, bmi1, bmi2, adx, sha, fma, vzeroupper, clflush, clflushopt

Memory: 4k page, system-wide physical 7103M (2282M free)
TotalPageFile size 8895M (AvailPageFile size 2557M)
current process WorkingSet (physical memory assigned to process): 195M, peak: 200M
current process commit charge ("private bytes"): 294M, peak: 299M

vm_info: OpenJDK 64-Bit Server VM (17.0.6+10) for windows-amd64 JRE (17.0.6+10), built on Jan 18 2023 10:08:59 by "temurin" with MS VC++ 16.7 (VS2019)

END.
