#
# A fatal error has been detected by the Java Runtime Environment:
#
#  EXCEPTION_ACCESS_VIOLATION (0xc0000005) at pc=0x00007ffce1099f63, pid=10064, tid=15080
#
# JRE version: OpenJDK Runtime Environment Temurin-17.0.6+10 (17.0.6+10) (build 17.0.6+10)
# Java VM: OpenJDK 64-Bit Server VM Temurin-17.0.6+10 (17.0.6+10, mixed mode, tiered, compressed oops, compressed class ptrs, parallel gc, windows-amd64)
# Problematic frame:
# V  [jvm.dll+0x79f63]
#
# No core dump will be written. Minidumps are not enabled by default on client versions of Windows
#
# If you would like to submit a bug report, please visit:
#   https://github.com/adoptium/adoptium-support/issues
#

---------------  S U M M A R Y ------------

Command Line: --add-modules=ALL-SYSTEM --add-opens=java.base/java.util=ALL-UNNAMED --add-opens=java.base/java.lang=ALL-UNNAMED --add-opens=java.base/sun.nio.fs=ALL-UNNAMED -Declipse.application=org.eclipse.jdt.ls.core.id1 -Dosgi.bundles.defaultStartLevel=4 -Declipse.product=org.eclipse.jdt.ls.core.product -Djava.import.generatesMetadataFilesAtProjectRoot=false -Dfile.encoding=utf8 -XX:+UseParallelGC -XX:GCTimeRatio=4 -XX:AdaptiveSizePolicyWeight=90 -Dsun.zip.disableMemoryMapping=true -Xmx1G -Xms100m -Xlog:disable -javaagent:c:\Users\Elijahs Popuass\.vscode\extensions\redhat.java-1.16.0-win32-x64\lombok\lombok-1.18.24.jar -XX:+HeapDumpOnOutOfMemoryError -XX:HeapDumpPath=c:\Users\Elijahs Popuass\AppData\Roaming\Code\User\workspaceStorage\dc31ba102c27ac885a81f05e766e3ffc\redhat.java c:\Users\Elijahs Popuass\.vscode\extensions\redhat.java-1.16.0-win32-x64\server\plugins\org.eclipse.equinox.launcher_1.6.400.v20210924-0641.jar -configuration c:\Users\Elijahs Popuass\AppData\Roaming\Code\User\globalStorage\redhat.java\1.16.0\config_win -data c:\Users\Elijahs Popuass\AppData\Roaming\Code\User\workspaceStorage\dc31ba102c27ac885a81f05e766e3ffc\redhat.java\jdt_ws

Host: AMD Ryzen 5 3500U with Radeon Vega Mobile Gfx  , 8 cores, 6G,  Windows 10 , 64 bit Build 19041 (10.0.19041.1889)
Time: Fri Apr  7 11:58:59 2023 RTZ 2 (s 10 , 64 bit Build 19041 (10.0.19041.1889) elapsed time: 3.016046 seconds (0d 0h 0m 3s)

---------------  T H R E A D  ---------------

Current thread (0x00000178b650c490):  JavaThread "C2 CompilerThread0" daemon [_thread_in_native, id=15080, stack(0x0000004087a00000,0x0000004087b00000)]


Current CompileTask:
C2:   3016 2184       4       lombok.patcher.PatchScript::classMatches (41 bytes)

Stack: [0x0000004087a00000,0x0000004087b00000],  sp=0x0000004087afadf0,  free space=1003k
Native frames: (J=compiled Java code, j=interpreted, Vv=VM code, C=native code)
V  [jvm.dll+0x79f63]
V  [jvm.dll+0x69d46c]
V  [jvm.dll+0x655ddf]
V  [jvm.dll+0x69ce53]
V  [jvm.dll+0x69d91a]
V  [jvm.dll+0x69e02e]
V  [jvm.dll+0x69cc6a]
V  [jvm.dll+0x220859]
V  [jvm.dll+0x21a1e4]
V  [jvm.dll+0x21790b]
V  [jvm.dll+0x1a3d0d]
V  [jvm.dll+0x22742a]
V  [jvm.dll+0x225565]
V  [jvm.dll+0x7ea2cb]
V  [jvm.dll+0x7e483a]
V  [jvm.dll+0x6762c5]
C  [ucrtbase.dll+0x21bb2]
C  [KERNEL32.DLL+0x17034]
C  [ntdll.dll+0x526a1]


siginfo: EXCEPTION_ACCESS_VIOLATION (0xc0000005), reading address 0x00000178b70c0ff8


Register to memory mapping:

RIP=0x00007ffce1099f63 jvm.dll
RAX=0x0000000000008003 is an unknown value
RBX=0x0 is NULL
RCX=0x00000178b708b238 points into unknown readable memory: 0x00007ffce19369a8 | a8 69 93 e1 fc 7f 00 00
RDX=0x00000178b70c1000 points into unknown readable memory: 0x0000000000000000 | 00 00 00 00 00 00 00 00
RSP=0x0000004087afadf0 is pointing into the stack for thread: 0x00000178b650c490
RBP=0x0 is NULL
RSI=0x0 is NULL
RDI=0x00000178b708b650 points into unknown readable memory: 0x00007ffce1981670 | 70 16 98 e1 fc 7f 00 00
R8 =0x00000178b708b7f8 points into unknown readable memory: 0x00000178b708b650 | 50 b6 08 b7 78 01 00 00
R9 =0x00000178b708b690 points into unknown readable memory: 0x00000178b708b238 | 38 b2 08 b7 78 01 00 00
R10=0x00000178b708b650 points into unknown readable memory: 0x00007ffce1981670 | 70 16 98 e1 fc 7f 00 00
R11=0x00000178b708b690 points into unknown readable memory: 0x00000178b708b238 | 38 b2 08 b7 78 01 00 00
R12=0x00000178b708b238 points into unknown readable memory: 0x00007ffce19369a8 | a8 69 93 e1 fc 7f 00 00
R13=0x00000178b64ce0a0 points into unknown readable memory: 0x00000178b3e44440 | 40 44 e4 b3 78 01 00 00
R14=0x0 is NULL
R15=0x0000004087afbbf0 is pointing into the stack for thread: 0x00000178b650c490


Registers:
RAX=0x0000000000008003, RBX=0x0000000000000000, RCX=0x00000178b708b238, RDX=0x00000178b70c1000
RSP=0x0000004087afadf0, RBP=0x0000000000000000, RSI=0x0000000000000000, RDI=0x00000178b708b650
R8 =0x00000178b708b7f8, R9 =0x00000178b708b690, R10=0x00000178b708b650, R11=0x00000178b708b690
R12=0x00000178b708b238, R13=0x00000178b64ce0a0, R14=0x0000000000000000, R15=0x0000004087afbbf0
RIP=0x00007ffce1099f63, EFLAGS=0x0000000000010283

Top of Stack: (sp=0x0000004087afadf0)
0x0000004087afadf0:   0000000000000002 0000000000000003
0x0000004087afae00:   0000000000018301 0000000000000001
0x0000004087afae10:   0000004087afbbf0 00007ffce16bd46c
0x0000004087afae20:   00000178b708b238 0000000000000000
0x0000004087afae30:   0000000000000000 0000004087afbbf0
0x0000004087afae40:   0000000000000000 00007ffce1675ddf
0x0000004087afae50:   00000178b708b650 00000178b6828898
0x0000004087afae60:   0000000000000020 00007ffce16bc439
0x0000004087afae70:   00000178b708b650 0000004087afc5b0
0x0000004087afae80:   0000000000000000 00000178b708b238
0x0000004087afae90:   00000178b708b5c0 00007ffce16bce53
0x0000004087afaea0:   0000000000000423 0000004087afbbf0
0x0000004087afaeb0:   0000000000018300 00007ffce1672b5d
0x0000004087afaec0:   00000178b6cd75b0 0000000000018360
0x0000004087afaed0:   00000178b708b5c0 0000004087afbbf0
0x0000004087afaee0:   00000178b708b238 00007ffce16bd91a 

Instructions: (pc=0x00007ffce1099f63)
0x00007ffce1099e63:   00 00 c3 cc cc cc cc cc cc cc cc cc cc b8 a8 03
0x00007ffce1099e73:   00 00 c3 cc cc cc cc cc cc cc cc cc cc b8 aa 03
0x00007ffce1099e83:   00 00 c3 cc cc cc cc cc cc cc cc cc cc b8 5c 02
0x00007ffce1099e93:   00 00 c3 cc cc cc cc cc cc cc cc cc cc b8 55 02
0x00007ffce1099ea3:   00 00 c3 cc cc cc cc cc cc cc cc cc cc b8 58 02
0x00007ffce1099eb3:   00 00 c3 cc cc cc cc cc cc cc cc cc cc b8 8b 01
0x00007ffce1099ec3:   00 00 c3 cc cc cc cc cc cc cc cc cc cc b8 c5 02
0x00007ffce1099ed3:   00 00 c3 cc cc cc cc cc cc cc cc cc cc b8 b5 02
0x00007ffce1099ee3:   00 00 c3 cc cc cc cc cc cc cc cc cc cc b8 c6 02
0x00007ffce1099ef3:   00 00 c3 cc cc cc cc cc cc cc cc cc cc b8 c8 02
0x00007ffce1099f03:   00 00 c3 cc cc cc cc cc cc cc cc cc cc b8 c7 02
0x00007ffce1099f13:   00 00 c3 cc cc cc cc cc cc cc cc cc cc b8 a9 02
0x00007ffce1099f23:   00 00 c3 cc cc cc cc cc cc cc cc cc cc 48 89 5c
0x00007ffce1099f33:   24 08 57 48 83 ec 20 48 8b 41 08 48 8b f9 8b d2
0x00007ffce1099f43:   49 8b d8 48 8b 0c d0 4c 8d 0c d0 48 85 c9 74 26
0x00007ffce1099f53:   4c 8b 41 10 4d 85 c0 74 1d 8b 41 20 49 8d 14 c0
0x00007ffce1099f63:   48 39 7a f8 48 8d 52 f8 75 f6 ff c8 89 41 20 49
0x00007ffce1099f73:   8b 0c c0 48 89 0a 49 89 19 48 85 db 74 29 48 8b
0x00007ffce1099f83:   4b 10 48 85 c9 74 20 8b 43 20 3b 43 24 75 11 8b
0x00007ffce1099f93:   d0 48 8b cb e8 84 b9 5d 00 8b 43 20 48 8b 4b 10
0x00007ffce1099fa3:   48 89 3c c1 ff 43 20 8b 0d 48 f5 b2 00 65 48 8b
0x00007ffce1099fb3:   04 25 58 00 00 00 ba 50 00 00 00 48 8b 04 c8 80
0x00007ffce1099fc3:   3c 02 00 75 05 e8 b3 52 81 00 48 8b 5c 24 30 48
0x00007ffce1099fd3:   83 c4 20 5f c3 cc cc cc cc cc cc cc cc b8 a8 00
0x00007ffce1099fe3:   00 00 c3 cc cc cc cc cc cc cc cc cc cc 40 53 48
0x00007ffce1099ff3:   83 ec 20 48 8b d9 e8 92 02 00 00 48 8d 05 93 ad
0x00007ffce109a003:   86 00 c6 83 98 00 00 00 00 48 89 03 48 8d 83 a8
0x00007ffce109a013:   00 00 00 48 89 43 40 48 8b c3 c7 43 2c be 00 00
0x00007ffce109a023:   00 c7 43 3c 02 00 00 00 48 83 c4 20 5b c3 cc cc
0x00007ffce109a033:   cc cc cc cc cc cc cc cc cc cc cc cc cc 40 53 48
0x00007ffce109a043:   83 ec 20 48 8b d9 e8 42 02 00 00 48 8d 05 3b b0
0x00007ffce109a053:   86 00 c7 43 2c de 00 00 00 48 89 03 48 8d 83 a0 


Stack slot to memory mapping:
stack at sp + 0 slots: 0x0000000000000002 is an unknown value
stack at sp + 1 slots: 0x0000000000000003 is an unknown value
stack at sp + 2 slots: 0x0000000000018301 is an unknown value
stack at sp + 3 slots: 0x0000000000000001 is an unknown value
stack at sp + 4 slots: 0x0000004087afbbf0 is pointing into the stack for thread: 0x00000178b650c490
stack at sp + 5 slots: 0x00007ffce16bd46c jvm.dll
stack at sp + 6 slots: 0x00000178b708b238 points into unknown readable memory: 0x00007ffce19369a8 | a8 69 93 e1 fc 7f 00 00
stack at sp + 7 slots: 0x0 is NULL


---------------  P R O C E S S  ---------------

Threads class SMR info:
_java_thread_list=0x00000178b837e290, length=19, elements={
0x00000178a00ed990, 0x00000178b64c5740, 0x00000178b64c7840, 0x00000178b64fe760,
0x00000178b64ff4f0, 0x00000178b6501ad0, 0x00000178b6501fa0, 0x00000178b650c490,
0x00000178b650d940, 0x00000178b65191c0, 0x00000178b6500c60, 0x00000178b6501130,
0x00000178b67e5eb0, 0x00000178b6502470, 0x00000178b6504620, 0x00000178b6503c80,
0x00000178b6502940, 0x00000178b6501600, 0x00000178b65032e0
}

Java Threads: ( => current thread )
  0x00000178a00ed990 JavaThread "main" [_thread_blocked, id=14376, stack(0x0000004087100000,0x0000004087200000)]
  0x00000178b64c5740 JavaThread "Reference Handler" daemon [_thread_blocked, id=6532, stack(0x0000004087400000,0x0000004087500000)]
  0x00000178b64c7840 JavaThread "Finalizer" daemon [_thread_blocked, id=10552, stack(0x0000004087500000,0x0000004087600000)]
  0x00000178b64fe760 JavaThread "Signal Dispatcher" daemon [_thread_blocked, id=6032, stack(0x0000004087600000,0x0000004087700000)]
  0x00000178b64ff4f0 JavaThread "Attach Listener" daemon [_thread_blocked, id=5992, stack(0x0000004087700000,0x0000004087800000)]
  0x00000178b6501ad0 JavaThread "Service Thread" daemon [_thread_blocked, id=2224, stack(0x0000004087800000,0x0000004087900000)]
  0x00000178b6501fa0 JavaThread "Monitor Deflation Thread" daemon [_thread_blocked, id=2992, stack(0x0000004087900000,0x0000004087a00000)]
=>0x00000178b650c490 JavaThread "C2 CompilerThread0" daemon [_thread_in_native, id=15080, stack(0x0000004087a00000,0x0000004087b00000)]
  0x00000178b650d940 JavaThread "C1 CompilerThread0" daemon [_thread_in_vm, id=15332, stack(0x0000004087b00000,0x0000004087c00000)]
  0x00000178b65191c0 JavaThread "Sweeper thread" daemon [_thread_blocked, id=7264, stack(0x0000004087c00000,0x0000004087d00000)]
  0x00000178b6500c60 JavaThread "Common-Cleaner" daemon [_thread_blocked, id=13908, stack(0x0000004087d00000,0x0000004087e00000)]
  0x00000178b6501130 JavaThread "Notification Thread" daemon [_thread_blocked, id=15896, stack(0x0000004087e00000,0x0000004087f00000)]
  0x00000178b67e5eb0 JavaThread "C2 CompilerThread1" daemon [_thread_in_native, id=15996, stack(0x0000004088000000,0x0000004088100000)]
  0x00000178b6502470 JavaThread "Active Thread: Equinox Container: bb25eda2-0648-4154-95ca-79cf54e42015" [_thread_blocked, id=12092, stack(0x0000004088700000,0x0000004088800000)]
  0x00000178b6504620 JavaThread "Framework Event Dispatcher: Equinox Container: bb25eda2-0648-4154-95ca-79cf54e42015" daemon [_thread_blocked, id=15156, stack(0x0000004088800000,0x0000004088900000)]
  0x00000178b6503c80 JavaThread "Start Level: Equinox Container: bb25eda2-0648-4154-95ca-79cf54e42015" daemon [_thread_in_Java, id=10156, stack(0x0000004088a00000,0x0000004088b00000)]
  0x00000178b6502940 JavaThread "SCR Component Actor" daemon [_thread_blocked, id=2376, stack(0x0000004088b00000,0x0000004088c00000)]
  0x00000178b6501600 JavaThread "SCR Component Registry" daemon [_thread_blocked, id=14352, stack(0x0000004088d00000,0x0000004088e00000)]
  0x00000178b65032e0 JavaThread "Worker-JM" [_thread_blocked, id=12168, stack(0x0000004088900000,0x0000004088a00000)]

Other Threads:
  0x00000178b3e44070 VMThread "VM Thread" [stack: 0x0000004087300000,0x0000004087400000] [id=8468]
  0x00000178b67ccba0 WatcherThread [stack: 0x0000004087f00000,0x0000004088000000] [id=4492]
  0x00000178a0102fe0 GCTaskThread "GC Thread#0" [stack: 0x0000004087200000,0x0000004087300000] [id=11728]
  0x00000178b71af880 GCTaskThread "GC Thread#1" [stack: 0x0000004088100000,0x0000004088200000] [id=9700]
  0x00000178b6f035d0 GCTaskThread "GC Thread#2" [stack: 0x0000004088200000,0x0000004088300000] [id=6332]
  0x00000178b71afb30 GCTaskThread "GC Thread#3" [stack: 0x0000004088300000,0x0000004088400000] [id=2768]
  0x00000178b6f3a410 GCTaskThread "GC Thread#4" [stack: 0x0000004088400000,0x0000004088500000] [id=15768]
  0x00000178b6c037e0 GCTaskThread "GC Thread#5" [stack: 0x0000004088500000,0x0000004088600000] [id=13568]
  0x00000178b6f3a6c0 GCTaskThread "GC Thread#6" [stack: 0x0000004088600000,0x0000004088700000] [id=13240]
  0x00000178b80ad910 GCTaskThread "GC Thread#7" [stack: 0x0000004088c00000,0x0000004088d00000] [id=15744]

Threads with active compile tasks:
C2 CompilerThread0     3059 2184       4       lombok.patcher.PatchScript::classMatches (41 bytes)
C2 CompilerThread1     3060 2216       4       java.io.DataInputStream::readUTF (501 bytes)

VM state: not at safepoint (normal execution)

VM Mutex/Monitor currently owned by a thread: None

Heap address: 0x00000000c0000000, size: 1024 MB, Compressed Oops mode: 32-bit

CDS archive(s) not mapped
Compressed class space mapped at: 0x0000000100000000-0x0000000140000000, reserved size: 1073741824
Narrow klass base: 0x0000000000000000, Narrow klass shift: 3, Narrow klass range: 0x140000000

GC Precious Log:
 CPUs: 8 total, 8 available
 Memory: 7103M
 Large Page Support: Disabled
 NUMA Support: Disabled
 Compressed Oops: Enabled (32-bit)
 Alignments: Space 512K, Generation 512K, Heap 2M
 Heap Min Capacity: 100M
 Heap Initial Capacity: 100M
 Heap Max Capacity: 1G
 Pre-touch: Disabled
 Parallel Workers: 8

Heap:
 PSYoungGen      total 29696K, used 8143K [0x00000000eab00000, 0x00000000ecc00000, 0x0000000100000000)
  eden space 25600K, 15% used [0x00000000eab00000,0x00000000eaefa258,0x00000000ec400000)
  from space 4096K, 99% used [0x00000000ec400000,0x00000000ec7f9bd0,0x00000000ec800000)
  to   space 4096K, 0% used [0x00000000ec800000,0x00000000ec800000,0x00000000ecc00000)
 ParOldGen       total 68608K, used 3764K [0x00000000c0000000, 0x00000000c4300000, 0x00000000eab00000)
  object space 68608K, 5% used [0x00000000c0000000,0x00000000c03ad078,0x00000000c4300000)
 Metaspace       used 20567K, committed 21056K, reserved 1073152K
  class space    used 2075K, committed 2304K, reserved 1048576K

Card table byte_map: [0x000001789faa0000,0x000001789fcb0000] _byte_map_base: 0x000001789f4a0000

Marking Bits: (ParMarkBitMap*) 0x00007ffce1ba3e70
 Begin Bits: [0x00000178b1d80000, 0x00000178b2d80000)
 End Bits:   [0x00000178b2d80000, 0x00000178b3d80000)

Polling page: 0x000001789e260000

Metaspace:

Usage:
  Non-class:     18.06 MB used.
      Class:      2.03 MB used.
       Both:     20.09 MB used.

Virtual space:
  Non-class space:       24.00 MB reserved,      18.31 MB ( 76%) committed,  3 nodes.
      Class space:        1.00 GB reserved,       2.25 MB ( <1%) committed,  1 nodes.
             Both:        1.02 GB reserved,      20.56 MB (  2%) committed. 

Chunk freelists:
   Non-Class:  1.24 MB
       Class:  1.81 MB
        Both:  3.05 MB

MaxMetaspaceSize: unlimited
CompressedClassSpaceSize: 1.00 GB
Initial GC threshold: 21.00 MB
Current GC threshold: 21.00 MB
CDS: off
MetaspaceReclaimPolicy: balanced
 - commit_granule_bytes: 65536.
 - commit_granule_words: 8192.
 - virtual_space_node_default_size: 1048576.
 - enlarge_chunks_in_place: 1.
 - new_chunks_are_fully_committed: 0.
 - uncommit_free_chunks: 1.
 - use_allocation_guard: 0.
 - handle_deallocations: 1.


Internal statistics:

num_allocs_failed_limit: 0.
num_arena_births: 170.
num_arena_deaths: 0.
num_vsnodes_births: 4.
num_vsnodes_deaths: 0.
num_space_committed: 329.
num_space_uncommitted: 0.
num_chunks_returned_to_freelist: 0.
num_chunks_taken_from_freelist: 620.
num_chunk_merges: 0.
num_chunk_splits: 397.
num_chunks_enlarged: 271.
num_purges: 0.
num_inconsistent_stats: 0.

CodeHeap 'non-profiled nmethods': size=120000Kb used=864Kb max_used=864Kb free=119135Kb
 bounds [0x00000178aa850000, 0x00000178aaac0000, 0x00000178b1d80000]
CodeHeap 'profiled nmethods': size=120000Kb used=4427Kb max_used=4427Kb free=115572Kb
 bounds [0x00000178a2d80000, 0x00000178a31e0000, 0x00000178aa2b0000]
CodeHeap 'non-nmethods': size=5760Kb used=1199Kb max_used=1221Kb free=4561Kb
 bounds [0x00000178aa2b0000, 0x00000178aa520000, 0x00000178aa850000]
 total_blobs=2725 nmethods=2232 adapters=406
 compilation: enabled
              stopped_count=0, restarted_count=0
 full_count=0

Compilation events (20 events):
Event: 2.992 Thread 0x00000178b650d940 nmethod 2180 0x00000178a31b2890 code [0x00000178a31b2a60, 0x00000178a31b2ed8]
Event: 2.992 Thread 0x00000178b650d940 2181       3       java.util.ArrayDeque::dec (13 bytes)
Event: 2.992 Thread 0x00000178b650d940 nmethod 2181 0x00000178a31b3090 code [0x00000178a31b3220, 0x00000178a31b3358]
Event: 2.995 Thread 0x00000178b650d940 2182       3       org.eclipse.osgi.internal.hooks.EclipseLazyStarter::shouldActivateFor (123 bytes)
Event: 2.996 Thread 0x00000178b650d940 nmethod 2182 0x00000178a31b3410 code [0x00000178a31b3680, 0x00000178a31b41e8]
Event: 2.996 Thread 0x00000178b650c490 2184       4       lombok.patcher.PatchScript::classMatches (41 bytes)
Event: 2.996 Thread 0x00000178b650d940 2183       3       java.io.DataInputStream::readInt (72 bytes)
Event: 2.997 Thread 0x00000178b650d940 nmethod 2183 0x00000178a31b4610 code [0x00000178a31b4800, 0x00000178a31b4d48]
Event: 2.997 Thread 0x00000178b650d940 2185       3       java.util.WeakHashMap::get (75 bytes)
Event: 2.998 Thread 0x00000178b67e5eb0 2187       4       org.eclipse.osgi.internal.hookregistry.ClassLoaderHook::preFindLocalClass (1 bytes)
Event: 2.998 Thread 0x00000178b650d940 nmethod 2185 0x00000178a31b4f10 code [0x00000178a31b5140, 0x00000178a31b59d8]
Event: 2.998 Thread 0x00000178b650d940 2186   !   3       org.eclipse.osgi.container.Module::start (655 bytes)
Event: 2.998 Thread 0x00000178b67e5eb0 nmethod 2187 0x00000178aa924610 code [0x00000178aa924780, 0x00000178aa9247f8]
Event: 2.999 Thread 0x00000178b67e5eb0 2188       4       org.eclipse.osgi.internal.hookregistry.ClassLoaderHook::postFindLocalClass (1 bytes)
Event: 2.999 Thread 0x00000178b67e5eb0 nmethod 2188 0x00000178aa924910 code [0x00000178aa924a80, 0x00000178aa924af8]
Event: 3.006 Thread 0x00000178b650d940 nmethod 2186 0x00000178a31b5d90 code [0x00000178a31b6860, 0x00000178a31bc108]
Event: 3.006 Thread 0x00000178b650d940 2189       3       java.lang.ref.ReferenceQueue::reallyPoll (65 bytes)
Event: 3.007 Thread 0x00000178b650d940 nmethod 2189 0x00000178a31bea90 code [0x00000178a31bec40, 0x00000178a31bf098]
Event: 3.007 Thread 0x00000178b650d940 2190       3       java.lang.invoke.AbstractValidatingLambdaMetafactory::isAdaptableTo (126 bytes)
Event: 3.008 Thread 0x00000178b650d940 nmethod 2190 0x00000178a31bf190 code [0x00000178a31bf420, 0x00000178a31bfe68]

GC Heap History (6 events):
Event: 1.317 GC heap before
{Heap before GC invocations=1 (full 0):
 PSYoungGen      total 29696K, used 25600K [0x00000000eab00000, 0x00000000ecc00000, 0x0000000100000000)
  eden space 25600K, 100% used [0x00000000eab00000,0x00000000ec400000,0x00000000ec400000)
  from space 4096K, 0% used [0x00000000ec800000,0x00000000ec800000,0x00000000ecc00000)
  to   space 4096K, 0% used [0x00000000ec400000,0x00000000ec400000,0x00000000ec800000)
 ParOldGen       total 68608K, used 0K [0x00000000c0000000, 0x00000000c4300000, 0x00000000eab00000)
  object space 68608K, 0% used [0x00000000c0000000,0x00000000c0000000,0x00000000c4300000)
 Metaspace       used 11134K, committed 11328K, reserved 1064960K
  class space    used 1106K, committed 1216K, reserved 1048576K
}
Event: 1.327 GC heap after
{Heap after GC invocations=1 (full 0):
 PSYoungGen      total 29696K, used 3192K [0x00000000eab00000, 0x00000000ecc00000, 0x0000000100000000)
  eden space 25600K, 0% used [0x00000000eab00000,0x00000000eab00000,0x00000000ec400000)
  from space 4096K, 77% used [0x00000000ec400000,0x00000000ec71e218,0x00000000ec800000)
  to   space 4096K, 0% used [0x00000000ec800000,0x00000000ec800000,0x00000000ecc00000)
 ParOldGen       total 68608K, used 16K [0x00000000c0000000, 0x00000000c4300000, 0x00000000eab00000)
  object space 68608K, 0% used [0x00000000c0000000,0x00000000c0004000,0x00000000c4300000)
 Metaspace       used 11134K, committed 11328K, reserved 1064960K
  class space    used 1106K, committed 1216K, reserved 1048576K
}
Event: 2.288 GC heap before
{Heap before GC invocations=2 (full 0):
 PSYoungGen      total 29696K, used 28792K [0x00000000eab00000, 0x00000000ecc00000, 0x0000000100000000)
  eden space 25600K, 100% used [0x00000000eab00000,0x00000000ec400000,0x00000000ec400000)
  from space 4096K, 77% used [0x00000000ec400000,0x00000000ec71e218,0x00000000ec800000)
  to   space 4096K, 0% used [0x00000000ec800000,0x00000000ec800000,0x00000000ecc00000)
 ParOldGen       total 68608K, used 16K [0x00000000c0000000, 0x00000000c4300000, 0x00000000eab00000)
  object space 68608K, 0% used [0x00000000c0000000,0x00000000c0004000,0x00000000c4300000)
 Metaspace       used 14930K, committed 15232K, reserved 1064960K
  class space    used 1507K, committed 1664K, reserved 1048576K
}
Event: 2.297 GC heap after
{Heap after GC invocations=2 (full 0):
 PSYoungGen      total 29696K, used 4075K [0x00000000eab00000, 0x00000000ecc00000, 0x0000000100000000)
  eden space 25600K, 0% used [0x00000000eab00000,0x00000000eab00000,0x00000000ec400000)
  from space 4096K, 99% used [0x00000000ec800000,0x00000000ecbfada8,0x00000000ecc00000)
  to   space 4096K, 0% used [0x00000000ec400000,0x00000000ec400000,0x00000000ec800000)
 ParOldGen       total 68608K, used 1394K [0x00000000c0000000, 0x00000000c4300000, 0x00000000eab00000)
  object space 68608K, 2% used [0x00000000c0000000,0x00000000c015c840,0x00000000c4300000)
 Metaspace       used 14930K, committed 15232K, reserved 1064960K
  class space    used 1507K, committed 1664K, reserved 1048576K
}
Event: 2.984 GC heap before
{Heap before GC invocations=3 (full 0):
 PSYoungGen      total 29696K, used 29675K [0x00000000eab00000, 0x00000000ecc00000, 0x0000000100000000)
  eden space 25600K, 100% used [0x00000000eab00000,0x00000000ec400000,0x00000000ec400000)
  from space 4096K, 99% used [0x00000000ec800000,0x00000000ecbfada8,0x00000000ecc00000)
  to   space 4096K, 0% used [0x00000000ec400000,0x00000000ec400000,0x00000000ec800000)
 ParOldGen       total 68608K, used 1394K [0x00000000c0000000, 0x00000000c4300000, 0x00000000eab00000)
  object space 68608K, 2% used [0x00000000c0000000,0x00000000c015c840,0x00000000c4300000)
 Metaspace       used 19864K, committed 20288K, reserved 1073152K
  class space    used 2006K, committed 2176K, reserved 1048576K
}
Event: 2.990 GC heap after
{Heap after GC invocations=3 (full 0):
 PSYoungGen      total 29696K, used 4070K [0x00000000eab00000, 0x00000000ecc00000, 0x0000000100000000)
  eden space 25600K, 0% used [0x00000000eab00000,0x00000000eab00000,0x00000000ec400000)
  from space 4096K, 99% used [0x00000000ec400000,0x00000000ec7f9bd0,0x00000000ec800000)
  to   space 4096K, 0% used [0x00000000ec800000,0x00000000ec800000,0x00000000ecc00000)
 ParOldGen       total 68608K, used 3764K [0x00000000c0000000, 0x00000000c4300000, 0x00000000eab00000)
  object space 68608K, 5% used [0x00000000c0000000,0x00000000c03ad078,0x00000000c4300000)
 Metaspace       used 19864K, committed 20288K, reserved 1073152K
  class space    used 2006K, committed 2176K, reserved 1048576K
}

Dll operation events (9 events):
Event: 0.009 Loaded shared library c:\Users\Elijahs Popuass\.vscode\extensions\redhat.java-1.16.0-win32-x64\jre\17.0.6-win32-x86_64\bin\java.dll
Event: 0.233 Loaded shared library c:\Users\Elijahs Popuass\.vscode\extensions\redhat.java-1.16.0-win32-x64\jre\17.0.6-win32-x86_64\bin\zip.dll
Event: 0.237 Loaded shared library C:\Users\Elijahs Popuass\.vscode\extensions\redhat.java-1.16.0-win32-x64\jre\17.0.6-win32-x86_64\bin\instrument.dll
Event: 0.256 Loaded shared library C:\Users\Elijahs Popuass\.vscode\extensions\redhat.java-1.16.0-win32-x64\jre\17.0.6-win32-x86_64\bin\net.dll
Event: 0.258 Loaded shared library C:\Users\Elijahs Popuass\.vscode\extensions\redhat.java-1.16.0-win32-x64\jre\17.0.6-win32-x86_64\bin\nio.dll
Event: 0.271 Loaded shared library C:\Users\Elijahs Popuass\.vscode\extensions\redhat.java-1.16.0-win32-x64\jre\17.0.6-win32-x86_64\bin\zip.dll
Event: 0.296 Loaded shared library C:\Users\Elijahs Popuass\.vscode\extensions\redhat.java-1.16.0-win32-x64\jre\17.0.6-win32-x86_64\bin\jimage.dll
Event: 0.374 Loaded shared library c:\Users\Elijahs Popuass\.vscode\extensions\redhat.java-1.16.0-win32-x64\jre\17.0.6-win32-x86_64\bin\verify.dll
Event: 2.107 Loaded shared library C:\Users\Elijahs Popuass\AppData\Roaming\Code\User\globalStorage\redhat.java\1.16.0\config_win\org.eclipse.equinox.launcher\org.eclipse.equinox.launcher.win32.win32.x86_64_1.2.700.v20221108-1024\eclipse_11801.dll

Deoptimization events (20 events):
Event: 2.869 Thread 0x00000178b6503c80 Uncommon trap: trap_request=0xffffff45 fr.pc=0x00000178aa8d50f8 relative=0x00000000000008d8
Event: 2.869 Thread 0x00000178b6503c80 Uncommon trap: reason=unstable_if action=reinterpret pc=0x00000178aa8d50f8 method=java.util.HashMap.putVal(ILjava/lang/Object;Ljava/lang/Object;ZZ)Ljava/lang/Object; @ 81 c2
Event: 2.869 Thread 0x00000178b6503c80 DEOPT PACKING pc=0x00000178aa8d50f8 sp=0x0000004088af7cb0
Event: 2.869 Thread 0x00000178b6503c80 DEOPT UNPACKING pc=0x00000178aa3066a3 sp=0x0000004088af7bd8 mode 2
Event: 2.869 Thread 0x00000178b6503c80 Uncommon trap: trap_request=0xffffff45 fr.pc=0x00000178aa8d6328 relative=0x0000000000000888
Event: 2.869 Thread 0x00000178b6503c80 Uncommon trap: reason=unstable_if action=reinterpret pc=0x00000178aa8d6328 method=java.util.HashMap.putVal(ILjava/lang/Object;Ljava/lang/Object;ZZ)Ljava/lang/Object; @ 81 c2
Event: 2.869 Thread 0x00000178b6503c80 DEOPT PACKING pc=0x00000178aa8d6328 sp=0x0000004088af7c30
Event: 2.869 Thread 0x00000178b6503c80 DEOPT UNPACKING pc=0x00000178aa3066a3 sp=0x0000004088af7be0 mode 2
Event: 2.904 Thread 0x00000178b6503c80 Uncommon trap: trap_request=0xffffff45 fr.pc=0x00000178aa883558 relative=0x0000000000000bb8
Event: 2.904 Thread 0x00000178b6503c80 Uncommon trap: reason=unstable_if action=reinterpret pc=0x00000178aa883558 method=lombok.patcher.PatchScript.classMatches(Ljava/lang/String;Ljava/util/Collection;)Z @ 25 c2
Event: 2.904 Thread 0x00000178b6503c80 DEOPT PACKING pc=0x00000178aa883558 sp=0x0000004088af6fa0
Event: 2.904 Thread 0x00000178b6503c80 DEOPT UNPACKING pc=0x00000178aa3066a3 sp=0x0000004088af6f60 mode 2
Event: 2.978 Thread 0x00000178b6503c80 Uncommon trap: trap_request=0xffffff45 fr.pc=0x00000178aa91ecd8 relative=0x0000000000000e18
Event: 2.978 Thread 0x00000178b6503c80 Uncommon trap: reason=unstable_if action=reinterpret pc=0x00000178aa91ecd8 method=java.util.Properties.loadConvert([CIILjava/lang/StringBuilder;)Ljava/lang/String; @ 491 c2
Event: 2.978 Thread 0x00000178b6503c80 DEOPT PACKING pc=0x00000178aa91ecd8 sp=0x0000004088af7db0
Event: 2.978 Thread 0x00000178b6503c80 DEOPT UNPACKING pc=0x00000178aa3066a3 sp=0x0000004088af7da0 mode 2
Event: 3.002 Thread 0x00000178b6503c80 Uncommon trap: trap_request=0xffffff45 fr.pc=0x00000178aa8bf934 relative=0x0000000000000094
Event: 3.002 Thread 0x00000178b6503c80 Uncommon trap: reason=unstable_if action=reinterpret pc=0x00000178aa8bf934 method=org.eclipse.osgi.container.ModuleRevisionBuilder.unmodifiableMap(Ljava/util/Map;)Ljava/util/Map; @ 27 c2
Event: 3.002 Thread 0x00000178b6503c80 DEOPT PACKING pc=0x00000178aa8bf934 sp=0x0000004088af9b40
Event: 3.002 Thread 0x00000178b6503c80 DEOPT UNPACKING pc=0x00000178aa3066a3 sp=0x0000004088af9ac8 mode 2

Classes unloaded (0 events):
No events

Classes redefined (0 events):
No events

Internal exceptions (20 events):
Event: 1.252 Thread 0x00000178a00ed990 Exception <a 'java/lang/NoSuchMethodError'{0x00000000ec2f5280}: 'void java.lang.invoke.DirectMethodHandle$Holder.invokeStaticInit(java.lang.Object, java.lang.Object)'> (0x00000000ec2f5280) 
thrown [s\src\hotspot\share\interpreter\linkResolver.cpp, line 759]
Event: 1.254 Thread 0x00000178a00ed990 Exception <a 'java/lang/NoSuchMethodError'{0x00000000ec2fc818}: 'int java.lang.invoke.DirectMethodHandle$Holder.invokeStaticInit(java.lang.Object, java.lang.Object)'> (0x00000000ec2fc818) 
thrown [s\src\hotspot\share\interpreter\linkResolver.cpp, line 759]
Event: 1.339 Thread 0x00000178a00ed990 Exception <a 'java/lang/NoSuchMethodError'{0x00000000eab41d70}: 'void java.lang.invoke.DirectMethodHandle$Holder.invokeSpecial(java.lang.Object, java.lang.Object, java.lang.Object)'> (0x00000000eab41d70) 
thrown [s\src\hotspot\share\interpreter\linkResolver.cpp, line 759]
Event: 1.784 Thread 0x00000178a00ed990 Exception <a 'java/lang/NoSuchMethodError'{0x00000000eb85c518}: 'java.lang.Object java.lang.invoke.DirectMethodHandle$Holder.newInvokeSpecial(java.lang.Object, int, java.lang.Object)'> (0x00000000eb85c518) 
thrown [s\src\hotspot\share\interpreter\linkResolver.cpp, line 759]
Event: 2.101 Thread 0x00000178a00ed990 Exception <a 'java/lang/UnsatisfiedLinkError'{0x00000000ebe22f28}: 'void org.eclipse.equinox.launcher.JNIBridge._update_splash()'> (0x00000000ebe22f28) 
thrown [s\src\hotspot\share\prims\nativeLookup.cpp, line 543]
Event: 2.185 Thread 0x00000178b6503c80 Exception <a 'java/lang/NoSuchMethodError'{0x00000000ec0dcc40}: 'java.lang.Object java.lang.invoke.DirectMethodHandle$Holder.invokeStaticInit(java.lang.Object)'> (0x00000000ec0dcc40) 
thrown [s\src\hotspot\share\interpreter\linkResolver.cpp, line 759]
Event: 2.494 Thread 0x00000178b6503c80 Exception <a 'java/io/FileNotFoundException'{0x00000000eb3c37f8}> (0x00000000eb3c37f8) 
thrown [s\src\hotspot\share\prims\jni.cpp, line 516]
Event: 2.513 Thread 0x00000178b6503c80 Exception <a 'java/lang/NullPointerException'{0x00000000eb4198f0}> (0x00000000eb4198f0) 
thrown [s\src\hotspot\share\interpreter\linkResolver.cpp, line 1350]
Event: 2.513 Thread 0x00000178b6503c80 Exception <a 'java/lang/NullPointerException'{0x00000000eb41a118}> (0x00000000eb41a118) 
thrown [s\src\hotspot\share\interpreter\linkResolver.cpp, line 1350]
Event: 2.639 Thread 0x00000178b6503c80 Exception <a 'java/lang/NoSuchMethodError'{0x00000000eb7613e0}: 'java.lang.Object java.lang.invoke.Invokers$Holder.invokeExact_MT(java.lang.Object, java.lang.Object, java.lang.Object, java.lang.Object, java.lang.Object, java.lang.Object)'> (0x00000000eb7613e0) 
thrown [s\src\hotspot\share\interpreter\linkResolver.cpp, line 759]
Event: 2.828 Thread 0x00000178b6503c80 Exception <a 'java/lang/NoSuchMethodError'{0x00000000ebdb6150}: 'void java.lang.invoke.DirectMethodHandle$Holder.invokeInterface(java.lang.Object, java.lang.Object, java.lang.Object)'> (0x00000000ebdb6150) 
thrown [s\src\hotspot\share\interpreter\linkResolver.cpp, line 759]
Event: 2.918 Thread 0x00000178b6503c80 Exception <a 'java/lang/NoSuchMethodError'{0x00000000ec1b9f00}: 'java.lang.Object java.lang.invoke.DirectMethodHandle$Holder.invokeStatic(java.lang.Object, java.lang.Object, int)'> (0x00000000ec1b9f00) 
thrown [s\src\hotspot\share\interpreter\linkResolver.cpp, line 759]
Event: 2.918 Thread 0x00000178b6503c80 Exception <a 'java/lang/NoSuchMethodError'{0x00000000ec1beab0}: 'void java.lang.invoke.DirectMethodHandle$Holder.invokeStatic(java.lang.Object, java.lang.Object, int, java.lang.Object)'> (0x00000000ec1beab0) 
thrown [s\src\hotspot\share\interpreter\linkResolver.cpp, line 759]
Event: 2.919 Thread 0x00000178b6503c80 Exception <a 'java/lang/NoSuchMethodError'{0x00000000ec1c61e0}: 'void java.lang.invoke.DelegatingMethodHandle$Holder.delegate(java.lang.Object, java.lang.Object, int, java.lang.Object)'> (0x00000000ec1c61e0) 
thrown [s\src\hotspot\share\interpreter\linkResolver.cpp, line 759]
Event: 2.920 Thread 0x00000178b6503c80 Exception <a 'java/lang/NoSuchMethodError'{0x00000000ec1ca5c8}: 'int java.lang.invoke.DirectMethodHandle$Holder.invokeSpecial(java.lang.Object, java.lang.Object, java.lang.Object)'> (0x00000000ec1ca5c8) 
thrown [s\src\hotspot\share\interpreter\linkResolver.cpp, line 759]
Event: 2.921 Thread 0x00000178b6503c80 Exception <a 'java/lang/NoSuchMethodError'{0x00000000ec1dc130}: 'int java.lang.invoke.DirectMethodHandle$Holder.invokeStatic(java.lang.Object, java.lang.Object, int)'> (0x00000000ec1dc130) 
thrown [s\src\hotspot\share\interpreter\linkResolver.cpp, line 759]
Event: 2.922 Thread 0x00000178b6503c80 Exception <a 'java/lang/NoSuchMethodError'{0x00000000ec1e0528}: 'int java.lang.invoke.DirectMethodHandle$Holder.invokeSpecial(java.lang.Object, java.lang.Object, java.lang.Object, int)'> (0x00000000ec1e0528) 
thrown [s\src\hotspot\share\interpreter\linkResolver.cpp, line 759]
Event: 2.924 Thread 0x00000178b6503c80 Exception <a 'java/lang/NoSuchMethodError'{0x00000000ec1fc208}: 'java.lang.Object java.lang.invoke.DirectMethodHandle$Holder.invokeStatic(java.lang.Object, java.lang.Object, java.lang.Object, java.lang.Object, int)'> (0x00000000ec1fc208) 
thrown [s\src\hotspot\share\interpreter\linkResolver.cpp, line 759]
Event: 2.925 Thread 0x00000178b6503c80 Exception <a 'java/lang/NoSuchMethodError'{0x00000000ec208200}: 'java.lang.Object java.lang.invoke.DelegatingMethodHandle$Holder.reinvoke_L(java.lang.Object, java.lang.Object, java.lang.Object, java.lang.Object, int, int)'> (0x00000000ec208200) 
thrown [s\src\hotspot\share\interpreter\linkResolver.cpp, line 759]
Event: 2.929 Thread 0x00000178b6503c80 Exception <a 'java/lang/NoSuchMethodError'{0x00000000ec21ffc0}: 'java.lang.Object java.lang.invoke.Invokers$Holder.invokeExact_MT(java.lang.Object, java.lang.Object, java.lang.Object, java.lang.Object)'> (0x00000000ec21ffc0) 
thrown [s\src\hotspot\share\interpreter\linkResolver.cpp, line 759]

VM Operations (20 events):
Event: 1.732 Executing VM operation: HandshakeAllThreads
Event: 1.732 Executing VM operation: HandshakeAllThreads done
Event: 1.746 Executing VM operation: HandshakeAllThreads
Event: 1.746 Executing VM operation: HandshakeAllThreads done
Event: 1.770 Executing VM operation: HandshakeAllThreads
Event: 1.770 Executing VM operation: HandshakeAllThreads done
Event: 2.210 Executing VM operation: HandshakeAllThreads
Event: 2.211 Executing VM operation: HandshakeAllThreads done
Event: 2.288 Executing VM operation: ParallelGCFailedAllocation
Event: 2.297 Executing VM operation: ParallelGCFailedAllocation done
Event: 2.714 Executing VM operation: HandshakeAllThreads
Event: 2.714 Executing VM operation: HandshakeAllThreads done
Event: 2.792 Executing VM operation: HandshakeAllThreads
Event: 2.792 Executing VM operation: HandshakeAllThreads done
Event: 2.796 Executing VM operation: HandshakeAllThreads
Event: 2.796 Executing VM operation: HandshakeAllThreads done
Event: 2.917 Executing VM operation: HandshakeAllThreads
Event: 2.917 Executing VM operation: HandshakeAllThreads done
Event: 2.984 Executing VM operation: ParallelGCFailedAllocation
Event: 2.990 Executing VM operation: ParallelGCFailedAllocation done

Events (20 events):
Event: 2.921 loading class sun/invoke/util/ValueConversions$1
Event: 2.921 loading class sun/invoke/util/ValueConversions$1 done
Event: 2.922 loading class java/lang/invoke/BoundMethodHandle$Species_LI
Event: 2.922 loading class java/lang/invoke/BoundMethodHandle$Species_LI done
Event: 2.923 loading class java/lang/invoke/ClassSpecializer$Factory$1Var
Event: 2.923 loading class java/lang/invoke/ClassSpecializer$Factory$1Var done
Event: 2.975 loading class java/lang/IllegalCallerException
Event: 2.975 loading class java/lang/IllegalCallerException done
Event: 2.978 loading class java/lang/StackWalker$Option
Event: 2.979 loading class java/lang/StackWalker$Option done
Event: 3.003 loading class java/util/stream/SortedOps
Event: 3.003 loading class java/util/stream/SortedOps done
Event: 3.003 loading class java/util/stream/SortedOps$OfRef
Event: 3.004 loading class java/util/stream/ReferencePipeline$StatefulOp
Event: 3.004 loading class java/util/stream/ReferencePipeline$StatefulOp done
Event: 3.004 loading class java/util/stream/SortedOps$OfRef done
Event: 3.004 loading class java/util/stream/SortedOps$RefSortingSink
Event: 3.004 loading class java/util/stream/SortedOps$AbstractRefSortingSink
Event: 3.004 loading class java/util/stream/SortedOps$AbstractRefSortingSink done
Event: 3.004 loading class java/util/stream/SortedOps$RefSortingSink done


Dynamic libraries:
0x00007ff660a30000 - 0x00007ff660a3e000 	c:\Users\Elijahs Popuass\.vscode\extensions\redhat.java-1.16.0-win32-x64\jre\17.0.6-win32-x86_64\bin\java.exe
0x00007ffd59070000 - 0x00007ffd59268000 	C:\Windows\SYSTEM32\ntdll.dll
0x00007ffd57ca0000 - 0x00007ffd57d5d000 	C:\Windows\System32\KERNEL32.DLL
0x00007ffd56ce0000 - 0x00007ffd56fb2000 	C:\Windows\System32\KERNELBASE.dll
0x00007ffd56b50000 - 0x00007ffd56c50000 	C:\Windows\System32\ucrtbase.dll
0x00007ffd4aee0000 - 0x00007ffd4aef7000 	c:\Users\Elijahs Popuass\.vscode\extensions\redhat.java-1.16.0-win32-x64\jre\17.0.6-win32-x86_64\bin\jli.dll
0x00007ffd4aec0000 - 0x00007ffd4aed9000 	c:\Users\Elijahs Popuass\.vscode\extensions\redhat.java-1.16.0-win32-x64\jre\17.0.6-win32-x86_64\bin\VCRUNTIME140.dll
0x00007ffd58990000 - 0x00007ffd58b2d000 	C:\Windows\System32\USER32.dll
0x00007ffd3ec90000 - 0x00007ffd3ef2a000 	C:\Windows\WinSxS\amd64_microsoft.windows.common-controls_6595b64144ccf1df_6.0.19041.1110_none_60b5254171f9507e\COMCTL32.dll
0x00007ffd56920000 - 0x00007ffd56942000 	C:\Windows\System32\win32u.dll
0x00007ffd57d80000 - 0x00007ffd57e1e000 	C:\Windows\System32\msvcrt.dll
0x00007ffd57e20000 - 0x00007ffd57e4b000 	C:\Windows\System32\GDI32.dll
0x00007ffd56fc0000 - 0x00007ffd570cf000 	C:\Windows\System32\gdi32full.dll
0x00007ffd56ab0000 - 0x00007ffd56b4d000 	C:\Windows\System32\msvcp_win.dll
0x00007ffd58ec0000 - 0x00007ffd58ef0000 	C:\Windows\System32\IMM32.DLL
0x00007ffd50cd0000 - 0x00007ffd50cdc000 	c:\Users\Elijahs Popuass\.vscode\extensions\redhat.java-1.16.0-win32-x64\jre\17.0.6-win32-x86_64\bin\vcruntime140_1.dll
0x00007ffd02750000 - 0x00007ffd027e1000 	c:\Users\Elijahs Popuass\.vscode\extensions\redhat.java-1.16.0-win32-x64\jre\17.0.6-win32-x86_64\bin\msvcp140.dll
0x00007ffce1020000 - 0x00007ffce1c67000 	c:\Users\Elijahs Popuass\.vscode\extensions\redhat.java-1.16.0-win32-x64\jre\17.0.6-win32-x86_64\bin\server\jvm.dll
0x00007ffd57e50000 - 0x00007ffd57efe000 	C:\Windows\System32\ADVAPI32.dll
0x00007ffd57c00000 - 0x00007ffd57c9c000 	C:\Windows\System32\sechost.dll
0x00007ffd57260000 - 0x00007ffd57385000 	C:\Windows\System32\RPCRT4.dll
0x00007ffd4aeb0000 - 0x00007ffd4aeb9000 	C:\Windows\SYSTEM32\WSOCK32.dll
0x00007ffd52ba0000 - 0x00007ffd52bc7000 	C:\Windows\SYSTEM32\WINMM.dll
0x00007ffd4d180000 - 0x00007ffd4d18a000 	C:\Windows\SYSTEM32\VERSION.dll
0x00007ffd58430000 - 0x00007ffd5849b000 	C:\Windows\System32\WS2_32.dll
0x00007ffd55020000 - 0x00007ffd55032000 	C:\Windows\SYSTEM32\kernel.appcore.dll
0x00007ffd46ce0000 - 0x00007ffd46cea000 	c:\Users\Elijahs Popuass\.vscode\extensions\redhat.java-1.16.0-win32-x64\jre\17.0.6-win32-x86_64\bin\jimage.dll
0x00007ffd54a80000 - 0x00007ffd54c64000 	C:\Windows\SYSTEM32\DBGHELP.DLL
0x00007ffd45100000 - 0x00007ffd4512c000 	C:\Windows\SYSTEM32\dbgcore.DLL
0x00007ffd56c50000 - 0x00007ffd56cd2000 	C:\Windows\System32\bcryptPrimitives.dll
0x00007ffd45d30000 - 0x00007ffd45d3e000 	c:\Users\Elijahs Popuass\.vscode\extensions\redhat.java-1.16.0-win32-x64\jre\17.0.6-win32-x86_64\bin\instrument.dll
0x00007ffd36300000 - 0x00007ffd36325000 	c:\Users\Elijahs Popuass\.vscode\extensions\redhat.java-1.16.0-win32-x64\jre\17.0.6-win32-x86_64\bin\java.dll
0x00007ffd44df0000 - 0x00007ffd44e08000 	c:\Users\Elijahs Popuass\.vscode\extensions\redhat.java-1.16.0-win32-x64\jre\17.0.6-win32-x86_64\bin\zip.dll
0x00007ffd574a0000 - 0x00007ffd57be3000 	C:\Windows\System32\SHELL32.dll
0x00007ffd54210000 - 0x00007ffd549a1000 	C:\Windows\SYSTEM32\windows.storage.dll
0x00007ffd58580000 - 0x00007ffd588d4000 	C:\Windows\System32\combase.dll
0x00007ffd56100000 - 0x00007ffd56130000 	C:\Windows\SYSTEM32\Wldp.dll
0x00007ffd588e0000 - 0x00007ffd5898d000 	C:\Windows\System32\SHCORE.dll
0x00007ffd58ef0000 - 0x00007ffd58f45000 	C:\Windows\System32\shlwapi.dll
0x00007ffd566c0000 - 0x00007ffd566df000 	C:\Windows\SYSTEM32\profapi.dll
0x00007ffd3fd60000 - 0x00007ffd3fd79000 	C:\Users\Elijahs Popuass\.vscode\extensions\redhat.java-1.16.0-win32-x64\jre\17.0.6-win32-x86_64\bin\net.dll
0x00007ffd46a00000 - 0x00007ffd46b0d000 	C:\Windows\SYSTEM32\WINHTTP.dll
0x00007ffd55e60000 - 0x00007ffd55eca000 	C:\Windows\system32\mswsock.dll
0x00007ffd3d7a0000 - 0x00007ffd3d7b5000 	C:\Users\Elijahs Popuass\.vscode\extensions\redhat.java-1.16.0-win32-x64\jre\17.0.6-win32-x86_64\bin\nio.dll
0x00007ffd35ed0000 - 0x00007ffd35ee0000 	c:\Users\Elijahs Popuass\.vscode\extensions\redhat.java-1.16.0-win32-x64\jre\17.0.6-win32-x86_64\bin\verify.dll
0x00007ffd16bd0000 - 0x00007ffd16c0e000 	C:\Users\Elijahs Popuass\AppData\Roaming\Code\User\globalStorage\redhat.java\1.16.0\config_win\org.eclipse.equinox.launcher\org.eclipse.equinox.launcher.win32.win32.x86_64_1.2.700.v20221108-1024\eclipse_11801.dll
0x00007ffd57130000 - 0x00007ffd5725a000 	C:\Windows\System32\ole32.dll

dbghelp: loaded successfully - version: 4.0.5 - missing functions: none
symbol engine: initialized successfully - sym options: 0x614 - pdb path: .;c:\Users\Elijahs Popuass\.vscode\extensions\redhat.java-1.16.0-win32-x64\jre\17.0.6-win32-x86_64\bin;C:\Windows\SYSTEM32;C:\Windows\WinSxS\amd64_microsoft.windows.common-controls_6595b64144ccf1df_6.0.19041.1110_none_60b5254171f9507e;c:\Users\Elijahs Popuass\.vscode\extensions\redhat.java-1.16.0-win32-x64\jre\17.0.6-win32-x86_64\bin\server;C:\Users\Elijahs Popuass\AppData\Roaming\Code\User\globalStorage\redhat.java\1.16.0\config_win\org.eclipse.equinox.launcher\org.eclipse.equinox.launcher.win32.win32.x86_64_1.2.700.v20221108-1024

VM Arguments:
jvm_args: --add-modules=ALL-SYSTEM --add-opens=java.base/java.util=ALL-UNNAMED --add-opens=java.base/java.lang=ALL-UNNAMED --add-opens=java.base/sun.nio.fs=ALL-UNNAMED -Declipse.application=org.eclipse.jdt.ls.core.id1 -Dosgi.bundles.defaultStartLevel=4 -Declipse.product=org.eclipse.jdt.ls.core.product -Djava.import.generatesMetadataFilesAtProjectRoot=false -Dfile.encoding=utf8 -XX:+UseParallelGC -XX:GCTimeRatio=4 -XX:AdaptiveSizePolicyWeight=90 -Dsun.zip.disableMemoryMapping=true -Xmx1G -Xms100m -Xlog:disable -javaagent:c:\Users\Elijahs Popuass\.vscode\extensions\redhat.java-1.16.0-win32-x64\lombok\lombok-1.18.24.jar -XX:+HeapDumpOnOutOfMemoryError -XX:HeapDumpPath=c:\Users\Elijahs Popuass\AppData\Roaming\Code\User\workspaceStorage\dc31ba102c27ac885a81f05e766e3ffc\redhat.java 
java_command: c:\Users\Elijahs Popuass\.vscode\extensions\redhat.java-1.16.0-win32-x64\server\plugins\org.eclipse.equinox.launcher_1.6.400.v20210924-0641.jar -configuration c:\Users\Elijahs Popuass\AppData\Roaming\Code\User\globalStorage\redhat.java\1.16.0\config_win -data c:\Users\Elijahs Popuass\AppData\Roaming\Code\User\workspaceStorage\dc31ba102c27ac885a81f05e766e3ffc\redhat.java\jdt_ws
java_class_path (initial): c:\Users\Elijahs Popuass\.vscode\extensions\redhat.java-1.16.0-win32-x64\server\plugins\org.eclipse.equinox.launcher_1.6.400.v20210924-0641.jar
Launcher Type: SUN_STANDARD

[Global flags]
    uintx AdaptiveSizePolicyWeight                 = 90                                        {product} {command line}
     intx CICompilerCount                          = 4                                         {product} {ergonomic}
    uintx GCTimeRatio                              = 4                                         {product} {command line}
     bool HeapDumpOnOutOfMemoryError               = true                                   {manageable} {command line}
    ccstr HeapDumpPath                             = c:\Users\Elijahs Popuass\AppData\Roaming\Code\User\workspaceStorage\dc31ba102c27ac885a81f05e766e3ffc\redhat.java         {manageable} {command line}
   size_t InitialHeapSize                          = 104857600                                 {product} {command line}
   size_t MaxHeapSize                              = 1073741824                                {product} {command line}
   size_t MaxNewSize                               = 357564416                                 {product} {ergonomic}
   size_t MinHeapDeltaBytes                        = 524288                                    {product} {ergonomic}
   size_t MinHeapSize                              = 104857600                                 {product} {command line}
   size_t NewSize                                  = 34603008                                  {product} {ergonomic}
    uintx NonNMethodCodeHeapSize                   = 5839372                                {pd product} {ergonomic}
    uintx NonProfiledCodeHeapSize                  = 122909434                              {pd product} {ergonomic}
   size_t OldSize                                  = 70254592                                  {product} {ergonomic}
    uintx ProfiledCodeHeapSize                     = 122909434                              {pd product} {ergonomic}
    uintx ReservedCodeCacheSize                    = 251658240                              {pd product} {ergonomic}
     bool SegmentedCodeCache                       = true                                      {product} {ergonomic}
   size_t SoftMaxHeapSize                          = 1073741824                             {manageable} {ergonomic}
     bool UseCompressedClassPointers               = true                           {product lp64_product} {ergonomic}
     bool UseCompressedOops                        = true                           {product lp64_product} {ergonomic}
     bool UseLargePagesIndividualAllocation        = false                                  {pd product} {ergonomic}
     bool UseParallelGC                            = true                                      {product} {command line}

Logging:
Log output configuration:
 #0: stdout all=off uptime,level,tags
 #1: stderr all=off uptime,level,tags

Environment Variables:
PATH=C:\Program Files\Common Files\Oracle\Java\javapath;C:\Program Files (x86)\Common Files\Oracle\Java\javapath;C:\Windows\system32;C:\Windows;C:\Windows\System32\Wbem;C:\Windows\System32\WindowsPowerShell\v1.0\;C:\Windows\System32\OpenSSH\;C:\Program Files\Git\cmd;C:\Program Files\nodejs\;C:\Users\Elijahs Popuass\AppData\Local\Microsoft\WindowsApps;;C:\Users\Elijahs Popuass\AppData\Local\Programs\Microsoft VS Code\bin;C:\Program Files\JetBrains\IntelliJ IDEA Community Edition 2023.1\bin;;C:\Users\Elijahs Popuass\AppData\Roaming\npm
USERNAME=Elijahs Popuass
OS=Windows_NT
PROCESSOR_IDENTIFIER=AMD64 Family 23 Model 24 Stepping 1, AuthenticAMD
TMP=C:\Users\ELIJAH~1\AppData\Local\Temp
TEMP=C:\Users\ELIJAH~1\AppData\Local\Temp



---------------  S Y S T E M  ---------------

OS:
 Windows 10 , 64 bit Build 19041 (10.0.19041.1889)
OS uptime: 0 days 18:04 hours

CPU: total 8 (initial active 8) (8 cores per cpu, 2 threads per core) family 23 model 24 stepping 1 microcode 0x0, cx8, cmov, fxsr, ht, mmx, 3dnowpref, sse, sse2, sse3, ssse3, sse4a, sse4.1, sse4.2, popcnt, lzcnt, tsc, tscinvbit, avx, avx2, aes, clmul, bmi1, bmi2, adx, sha, fma, vzeroupper, clflush, clflushopt

Memory: 4k page, system-wide physical 7103M (2299M free)
TotalPageFile size 8895M (AvailPageFile size 2560M)
current process WorkingSet (physical memory assigned to process): 108M, peak: 108M
current process commit charge ("private bytes"): 220M, peak: 220M

vm_info: OpenJDK 64-Bit Server VM (17.0.6+10) for windows-amd64 JRE (17.0.6+10), built on Jan 18 2023 10:08:59 by "temurin" with MS VC++ 16.7 (VS2019)

END.
