2023-05-17 00:59:47.962 [main] INFO  com - Start logging MainRacerGUI
2023-05-17 01:01:03.762 [main] INFO  com - Start logging MainRacerGUI
2023-05-17 01:01:08.809 [AWT-EventQueue-0] INFO  com - Stop logging MainRacerGUI
2023-05-17 01:21:20.608 [main] INFO  com - Start logging MainRacerGUI
2023-05-17 01:24:29.407 [main] INFO  com - Start logging MainRacerGUI
2023-05-17 01:24:48.381 [AWT-EventQueue-0] INFO  com - Deploy data to database
2023-05-17 01:24:58.424 [AWT-EventQueue-0] INFO  com - ReadFileException exception
2023-05-17 01:25:19.784 [AWT-EventQueue-0] DEBUG com - Data is opened successful
2023-05-17 01:25:22.466 [AWT-EventQueue-0] INFO  com - Deploy data to database
2023-05-17 01:26:03.135 [AWT-EventQueue-0] DEBUG com - Data is opened successful
2023-05-17 01:26:06.174 [AWT-EventQueue-0] INFO  com - Deploy data to database
2023-05-17 01:28:01.061 [AWT-EventQueue-0] INFO  com - Stop logging MainRacerGUI
2023-05-17 01:29:27.231 [main] INFO  com - Start logging MainRacerGUI
2023-05-17 01:29:41.835 [AWT-EventQueue-0] DEBUG com - Data is opened successful
2023-05-17 01:29:44.747 [AWT-EventQueue-0] INFO  com - Deploy data to database
2023-05-17 01:30:11.690 [AWT-EventQueue-0] DEBUG com - Data is opened successful
2023-05-17 01:30:23.591 [AWT-EventQueue-0] INFO  com - Deploy data to database
2023-05-17 01:30:24.692 [AWT-EventQueue-0] INFO  com - Stop logging MainRacerGUI
2023-05-17 01:38:00.273 [main] INFO  com - Start logging MainRacerGUI
2023-05-17 13:06:14.093 [main] INFO  com - Start logging MainRacerGUI
2023-05-17 13:06:28.788 [AWT-EventQueue-0] INFO  com - ReadFileException exception
2023-05-17 13:10:49.199 [main] INFO  com - Start logging MainRacerGUI
2023-05-17 13:10:56.464 [AWT-EventQueue-0] ERROR com - Reading xml file error!
2023-05-17 13:15:20.555 [main] INFO  com - Start logging MainRacerGUI
2023-05-17 13:16:17.467 [AWT-EventQueue-0] INFO  com - Stop logging MainRacerGUI
2023-05-17 13:17:58.833 [main] INFO  com - Start logging MainRacerGUI
2023-05-17 13:18:04.005 [AWT-EventQueue-0] ERROR com - Reading file error!
2023-05-17 13:18:15.613 [AWT-EventQueue-0] ERROR com - Reading file error!
2023-05-17 13:19:11.119 [main] INFO  com - Start logging MainRacerGUI
2023-05-17 13:19:25.056 [AWT-EventQueue-0] ERROR com - Reading file error!
2023-05-17 13:19:30.362 [AWT-EventQueue-0] INFO  com - Stop logging MainRacerGUI
2023-05-17 13:28:18.131 [main] INFO  com - Start logging MainRacerGUI
2023-05-17 13:28:31.780 [main] INFO  com - Start logging MainRacerGUI
2023-05-17 13:28:38.097 [AWT-EventQueue-0] ERROR com - Reading file error!
2023-05-17 13:29:41.119 [AWT-EventQueue-0] ERROR com - Reading file error!
2023-05-17 13:30:00.176 [AWT-EventQueue-0] ERROR com - Reading file error!
2023-05-17 13:35:17.375 [main] INFO  com - Start logging MainRacerGUI
2023-05-17 13:35:54.858 [main] INFO  com - Start logging MainRacerGUI
2023-05-17 13:36:00.033 [AWT-EventQueue-0] INFO  com - Stop logging MainRacerGUI
2023-05-17 13:36:27.859 [main] INFO  com - Start logging MainRacerGUI
2023-05-17 13:39:48.820 [AWT-EventQueue-0] INFO  com - Stop logging MainRacerGUI
